Warning: NLS unused message: QTEST in: com.kms.katalon.constants.globalMessages
Warning: NLS missing message: QTEST_NAME in: com.kms.katalon.constants.globalMessages
2025-08-01 20:54:18.867 INFO  c.k.katalon.core.main.TestSuiteExecutor  - START Test Suites/SignIn
2025-08-01 20:54:18.960 INFO  c.k.katalon.core.main.TestSuiteExecutor  - userFullName = Dingkemon
2025-08-01 20:54:18.961 INFO  c.k.katalon.core.main.TestSuiteExecutor  - projectName = Automation_Web_Demo_1
2025-08-01 20:54:18.962 INFO  c.k.katalon.core.main.TestSuiteExecutor  - hostName = W.Long - Longtop.mshome.net
2025-08-01 20:54:18.962 INFO  c.k.katalon.core.main.TestSuiteExecutor  - os = Windows 11 64bit
2025-08-01 20:54:18.962 INFO  c.k.katalon.core.main.TestSuiteExecutor  - hostAddress = 172.20.80.1
2025-08-01 20:54:18.963 INFO  c.k.katalon.core.main.TestSuiteExecutor  - katalonVersion = 10.2.4.0
2025-08-01 20:54:19.481 INFO  c.k.katalon.core.main.TestCaseExecutor   - --------------------
2025-08-01 20:54:19.481 INFO  c.k.katalon.core.main.TestCaseExecutor   - START Test Cases/SignIn
2025-08-01 20:54:19.524 INFO  c.k.katalon.core.main.TestCaseExecutor   - firstName = John
2025-08-01 20:54:19.525 INFO  c.k.katalon.core.main.TestCaseExecutor   - lastName = Doe
2025-08-01 20:54:19.525 INFO  c.k.katalon.core.main.TestCaseExecutor   - role = admin
2025-08-01 20:54:19.527 INFO  c.k.katalon.core.main.TestCaseExecutor   - email = admin@practicesoftwaretesting.com
2025-08-01 20:54:19.527 INFO  c.k.katalon.core.main.TestCaseExecutor   - password = welcome01
2025-08-01 20:54:19.858 DEBUG testcase.SignIn                          - 1: openBrowser("")
2025-08-01 20:54:20.060 INFO  c.k.k.core.webui.driver.DriverFactory    - Starting 'Chrome' driver
2025-08-01 20:54:20.111 INFO  c.k.k.core.webui.driver.DriverFactory    - Action delay is set to 0 milliseconds
Aug 01, 2025 8:54:22 PM org.openqa.selenium.devtools.CdpVersionFinder findNearestMatch
WARNING: Unable to find CDP implementation matching 124
Aug 01, 2025 8:54:22 PM org.openqa.selenium.chromium.ChromiumDriver lambda$new$4
WARNING: Unable to find version of CDP to use for 124.0.6367.91. You may need to include a dependency on a specific version of the CDP using something similar to `org.seleniumhq.selenium:selenium-devtools-v86:4.28.1` where the version ("v86") matches the version of the chromium-based browser you're using and the version number of the artifact is the same as Selenium's.
2025-08-01 20:54:22.481 INFO  c.k.k.core.webui.driver.DriverFactory    - sessionId = fceba2b693096550941983f421b03924
2025-08-01 20:54:22.482 INFO  c.k.k.core.webui.driver.DriverFactory    - browser = Chrome 124.0.6367.91
2025-08-01 20:54:22.482 INFO  c.k.k.core.webui.driver.DriverFactory    - platform = Windows 11
2025-08-01 20:54:22.483 INFO  c.k.k.core.webui.driver.DriverFactory    - seleniumVersion = 4.28.1
2025-08-01 20:54:22.494 INFO  c.k.k.core.webui.driver.DriverFactory    - proxyInformation = ProxyInformation { proxyOption=NO_PROXY, proxyServerType=HTTP, username=, password=********, proxyServerAddress=, proxyServerPort=0, executionList="", isApplyToDesiredCapabilities=true }
2025-08-01 20:54:22.528 DEBUG testcase.SignIn                          - 2: navigateToUrl("http://localhost:4200/#/")
2025-08-01 20:54:23.180 DEBUG testcase.SignIn                          - 3: verifyElementVisible(findTestObject("Object Repository/SUT_SignIn/Page_Practice Software Testing - Toolshop -_8413b3/a_Sign in"))
2025-08-01 20:54:24.820 DEBUG testcase.SignIn                          - 4: click(findTestObject("Object Repository/SUT_SignIn/Page_Practice Software Testing - Toolshop -_8413b3/a_Sign in"))
2025-08-01 20:54:25.144 DEBUG testcase.SignIn                          - 5: setText(findTestObject("Object Repository/SUT_SignIn/Page_Practice Software Testing - Toolshop -_8413b3/input_Login_email"), email)
2025-08-01 20:54:25.987 DEBUG testcase.SignIn                          - 6: setText(findTestObject("Object Repository/SUT_SignIn/Page_Practice Software Testing - Toolshop -_8413b3/input_Login_password"), password)
2025-08-01 20:54:26.598 DEBUG testcase.SignIn                          - 7: verifyElementVisible(findTestObject("Object Repository/SUT_SignIn/Page_Practice Software Testing - Toolshop -_8413b3/input_Login_btnSubmit"))
2025-08-01 20:54:26.925 DEBUG testcase.SignIn                          - 8: click(findTestObject("Object Repository/SUT_SignIn/Page_Practice Software Testing - Toolshop -_8413b3/input_Login_btnSubmit"))
2025-08-01 20:54:27.221 DEBUG testcase.SignIn                          - 9: verifyElementNotPresent(findTestObject("SUT_SignIn/Page_Practice Software Testing - Toolshop -_8413b3/div_Invalid email or password_1"), 0)
2025-08-01 20:54:27.277 WARN  c.kms.katalon.core.helper.KeywordHelper  - Timeout '0' is invalid. Using default page load timeout: '30'
2025-08-01 20:54:28.346 DEBUG testcase.SignIn                          - 10: verifyElementVisible(findTestObject("Object Repository/SUT_SignIn/Page_Practice Software Testing - Toolshop -_8413b3/h1_My account"))
2025-08-01 20:54:28.616 DEBUG testcase.SignIn                          - 11: verifyElementText(findTestObject("Object Repository/SUT_SignIn/Page_Practice Software Testing - Toolshop -_8413b3/a_User Data not found"), firstName + " " + lastName)
2025-08-01 20:54:59.652 INFO  c.k.k.c.webui.common.WebUiCommonHelper   - Unable to find the element located by 'By.xpath: //a[@id='user-menu']'. Please recheck the objects properties to make sure the desired element is located. 
2025-08-01 20:54:59.653 WARN  c.k.k.c.webui.common.WebUiCommonHelper   - [SELF-HEALING] Failed to find element with id 'Object Repository/SUT_SignIn/Page_Practice Software Testing - Toolshop -_8413b3/a_User Data not found'. Try using Self-healing.
2025-08-01 20:54:59.890 WARN  c.k.k.c.webui.common.WebUiCommonHelper   - [SELF-HEALING] The current locator of test object 'Object Repository/SUT_SignIn/Page_Practice Software Testing - Toolshop -_8413b3/a_User Data not found' was broken. Propose an alternative one: '//div[@id='navbarSupportedContent']/ul/li[4]/a'.
2025-08-01 20:54:59.910 DEBUG testcase.SignIn                          - 12: click(findTestObject("SUT_SignIn/Page_Practice Software Testing - Toolshop -_8413b3/a_User Data not found"))
2025-08-01 20:55:30.970 INFO  c.k.k.c.webui.common.WebUiCommonHelper   - Unable to find the element located by 'By.xpath: //a[@id='user-menu']'. Please recheck the objects properties to make sure the desired element is located. 
2025-08-01 20:55:30.970 WARN  c.k.k.c.webui.common.WebUiCommonHelper   - [SELF-HEALING] Failed to find element with id 'Object Repository/SUT_SignIn/Page_Practice Software Testing - Toolshop -_8413b3/a_User Data not found'. Try using Self-healing.
2025-08-01 20:55:31.202 WARN  c.k.k.c.webui.common.WebUiCommonHelper   - [SELF-HEALING] The current locator of test object 'Object Repository/SUT_SignIn/Page_Practice Software Testing - Toolshop -_8413b3/a_User Data not found' was broken. Propose an alternative one: '//div[@id='navbarSupportedContent']/ul/li[4]/a'.
2025-08-01 20:55:31.252 DEBUG testcase.SignIn                          - 13: click(findTestObject("SUT_SignIn/Page_Practice Software Testing - Toolshop -_8413b3/a_Sign out"))
2025-08-01 20:55:31.522 DEBUG testcase.SignIn                          - 14: verifyElementVisible(findTestObject("SUT_SignIn/Page_Practice Software Testing - Toolshop -_8413b3/a_Sign in"))
2025-08-01 20:55:34.155 INFO  c.k.katalon.core.main.TestCaseExecutor   - END Test Cases/SignIn
2025-08-01 20:55:34.156 INFO  c.k.katalon.core.main.TestCaseExecutor   - 
2025-08-01 20:55:34.156 INFO  c.k.katalon.core.main.TestCaseExecutor   - ===================== Self-healing Report ====================
2025-08-01 20:55:34.156 INFO  c.k.katalon.core.main.TestCaseExecutor   - One of the failed test object locators has been recovered by Self-healing. Please refer to the Self-healing Insights tab for more details.
2025-08-01 20:55:34.156 INFO  c.k.katalon.core.main.TestCaseExecutor   - To learn more about Self-healing, please read https://docs.katalon.com/katalon-studio/maintain-tests/self-healing-tests-in-katalon-studio
2025-08-01 20:55:34.156 INFO  c.k.katalon.core.main.TestCaseExecutor   - ==============================================================
2025-08-01 20:55:34.184 INFO  c.k.katalon.core.main.TestCaseExecutor   - --------------------
2025-08-01 20:55:34.184 INFO  c.k.katalon.core.main.TestCaseExecutor   - START Test Cases/SignIn
2025-08-01 20:55:34.193 INFO  c.k.katalon.core.main.TestCaseExecutor   - firstName = Jane
2025-08-01 20:55:34.193 INFO  c.k.katalon.core.main.TestCaseExecutor   - lastName = Doe
2025-08-01 20:55:34.193 INFO  c.k.katalon.core.main.TestCaseExecutor   - role = user
2025-08-01 20:55:34.194 INFO  c.k.katalon.core.main.TestCaseExecutor   - email = customer@practicesoftwaretesting.com
2025-08-01 20:55:34.194 INFO  c.k.katalon.core.main.TestCaseExecutor   - password = welcome01
2025-08-01 20:55:34.195 DEBUG testcase.SignIn                          - 1: openBrowser("")
2025-08-01 20:55:34.197 WARN  c.k.k.core.webui.driver.DriverFactory    - A browser is already opened. Closing browser and opening a new one
2025-08-01 20:55:34.345 INFO  c.k.k.core.webui.driver.DriverFactory    - Starting 'Chrome' driver
2025-08-01 20:55:34.346 INFO  c.k.k.core.webui.driver.DriverFactory    - Action delay is set to 0 milliseconds
Aug 01, 2025 8:55:35 PM org.openqa.selenium.devtools.CdpVersionFinder findNearestMatch
WARNING: Unable to find CDP implementation matching 124
Aug 01, 2025 8:55:35 PM org.openqa.selenium.chromium.ChromiumDriver lambda$new$4
WARNING: Unable to find version of CDP to use for 124.0.6367.91. You may need to include a dependency on a specific version of the CDP using something similar to `org.seleniumhq.selenium:selenium-devtools-v86:4.28.1` where the version ("v86") matches the version of the chromium-based browser you're using and the version number of the artifact is the same as Selenium's.
2025-08-01 20:55:35.671 INFO  c.k.k.core.webui.driver.DriverFactory    - sessionId = 7c6dfee1370df94d57abc0add02a284d
2025-08-01 20:55:35.672 INFO  c.k.k.core.webui.driver.DriverFactory    - browser = Chrome 124.0.6367.91
2025-08-01 20:55:35.672 INFO  c.k.k.core.webui.driver.DriverFactory    - platform = Windows 11
2025-08-01 20:55:35.672 INFO  c.k.k.core.webui.driver.DriverFactory    - seleniumVersion = 4.28.1
2025-08-01 20:55:35.673 INFO  c.k.k.core.webui.driver.DriverFactory    - proxyInformation = ProxyInformation { proxyOption=NO_PROXY, proxyServerType=HTTP, username=, password=********, proxyServerAddress=, proxyServerPort=0, executionList="", isApplyToDesiredCapabilities=true }
2025-08-01 20:55:35.692 DEBUG testcase.SignIn                          - 2: navigateToUrl("http://localhost:4200/#/")
2025-08-01 20:55:36.341 DEBUG testcase.SignIn                          - 3: verifyElementVisible(findTestObject("Object Repository/SUT_SignIn/Page_Practice Software Testing - Toolshop -_8413b3/a_Sign in"))
2025-08-01 20:55:36.942 DEBUG testcase.SignIn                          - 4: click(findTestObject("Object Repository/SUT_SignIn/Page_Practice Software Testing - Toolshop -_8413b3/a_Sign in"))
2025-08-01 20:55:37.218 DEBUG testcase.SignIn                          - 5: setText(findTestObject("Object Repository/SUT_SignIn/Page_Practice Software Testing - Toolshop -_8413b3/input_Login_email"), email)
2025-08-01 20:55:38.024 DEBUG testcase.SignIn                          - 6: setText(findTestObject("Object Repository/SUT_SignIn/Page_Practice Software Testing - Toolshop -_8413b3/input_Login_password"), password)
2025-08-01 20:55:38.560 DEBUG testcase.SignIn                          - 7: verifyElementVisible(findTestObject("Object Repository/SUT_SignIn/Page_Practice Software Testing - Toolshop -_8413b3/input_Login_btnSubmit"))
2025-08-01 20:55:38.798 DEBUG testcase.SignIn                          - 8: click(findTestObject("Object Repository/SUT_SignIn/Page_Practice Software Testing - Toolshop -_8413b3/input_Login_btnSubmit"))
2025-08-01 20:55:39.089 DEBUG testcase.SignIn                          - 9: verifyElementNotPresent(findTestObject("SUT_SignIn/Page_Practice Software Testing - Toolshop -_8413b3/div_Invalid email or password_1"), 0)
2025-08-01 20:55:39.095 WARN  c.kms.katalon.core.helper.KeywordHelper  - Timeout '0' is invalid. Using default page load timeout: '30'
2025-08-01 20:55:39.998 DEBUG testcase.SignIn                          - 10: verifyElementVisible(findTestObject("Object Repository/SUT_SignIn/Page_Practice Software Testing - Toolshop -_8413b3/h1_My account"))
2025-08-01 20:55:40.248 DEBUG testcase.SignIn                          - 11: verifyElementText(findTestObject("Object Repository/SUT_SignIn/Page_Practice Software Testing - Toolshop -_8413b3/a_User Data not found"), firstName + " " + lastName)
2025-08-01 20:55:40.576 ERROR c.k.k.core.keyword.internal.KeywordMain  - ❌ Actual text 'User Data not found' and expected text 'Jane Doe' of test object 'Object Repository/SUT_SignIn/Page_Practice Software Testing - Toolshop -_8413b3/a_User Data not found' are NOT matched. (Root cause: com.kms.katalon.core.exception.StepFailedException: Actual text 'User Data not found' and expected text 'Jane Doe' of test object 'Object Repository/SUT_SignIn/Page_Practice Software Testing - Toolshop -_8413b3/a_User Data not found' are NOT matched.
	at com.kms.katalon.core.webui.keyword.internal.WebUIKeywordMain.stepFailed(WebUIKeywordMain.groovy:118)
	at com.kms.katalon.core.webui.keyword.builtin.VerifyElementTextKeyword$_verifyElementText_closure1.doCall(VerifyElementTextKeyword.groovy:57)
	at com.kms.katalon.core.webui.keyword.builtin.VerifyElementTextKeyword$_verifyElementText_closure1.call(VerifyElementTextKeyword.groovy)
	at com.kms.katalon.core.webui.keyword.internal.WebUIKeywordMain.runKeyword(WebUIKeywordMain.groovy:35)
	at com.kms.katalon.core.webui.keyword.builtin.VerifyElementTextKeyword.verifyElementText(VerifyElementTextKeyword.groovy:72)
	at com.kms.katalon.core.webui.keyword.builtin.VerifyElementTextKeyword.execute(VerifyElementTextKeyword.groovy:40)
	at com.kms.katalon.core.keyword.internal.KeywordExecutor.executeKeywordForPlatform(KeywordExecutor.groovy:64)
	at com.kms.katalon.core.webui.keyword.WebUiBuiltInKeywords.verifyElementText(WebUiBuiltInKeywords.groovy:4994)
	at SignIn.run(SignIn:44)
	at com.kms.katalon.core.main.ScriptEngine.run(ScriptEngine.java:194)
	at com.kms.katalon.core.main.ScriptEngine.runScriptAsRawText(ScriptEngine.java:119)
	at com.kms.katalon.core.main.TestCaseExecutor.runScript(TestCaseExecutor.java:485)
	at com.kms.katalon.core.main.TestCaseExecutor.doExecute(TestCaseExecutor.java:476)
	at com.kms.katalon.core.main.TestCaseExecutor.processExecutionPhase(TestCaseExecutor.java:455)
	at com.kms.katalon.core.main.TestCaseExecutor.accessMainPhase(TestCaseExecutor.java:447)
	at com.kms.katalon.core.main.TestCaseExecutor.execute(TestCaseExecutor.java:321)
	at com.kms.katalon.core.common.CommonExecutor.accessTestCaseMainPhase(CommonExecutor.java:71)
	at com.kms.katalon.core.main.TestSuiteExecutor.accessTestSuiteMainPhase(TestSuiteExecutor.java:160)
	at com.kms.katalon.core.main.TestSuiteExecutor.execute(TestSuiteExecutor.java:107)
	at com.kms.katalon.core.main.TestCaseMain.startTestSuite(TestCaseMain.java:195)
	at TempTestSuite1754056456079.run(TempTestSuite1754056456079.groovy:35)
	at java.base/jdk.internal.reflect.NativeMethodAccessorImpl.invoke0(Native Method)
	at java.base/jdk.internal.reflect.NativeMethodAccessorImpl.invoke(NativeMethodAccessorImpl.java:77)
	at java.base/jdk.internal.reflect.DelegatingMethodAccessorImpl.invoke(DelegatingMethodAccessorImpl.java:43)
)
2025-08-01 20:55:40.644 ERROR c.k.k.core.keyword.internal.KeywordMain  - ❌ Verify element text of test object 'Object Repository/SUT_SignIn/Page_Practice Software Testing - Toolshop -_8413b3/a_User Data not found' FAILED. (Root cause: com.kms.katalon.core.exception.StepFailedException: Verify element text of test object 'Object Repository/SUT_SignIn/Page_Practice Software Testing - Toolshop -_8413b3/a_User Data not found' FAILED.
	at com.kms.katalon.core.webui.keyword.internal.WebUIKeywordMain.stepFailed(WebUIKeywordMain.groovy:118)
	at com.kms.katalon.core.webui.keyword.internal.WebUIKeywordMain.runKeyword(WebUIKeywordMain.groovy:43)
	at com.kms.katalon.core.webui.keyword.builtin.VerifyElementTextKeyword.verifyElementText(VerifyElementTextKeyword.groovy:72)
	at com.kms.katalon.core.webui.keyword.builtin.VerifyElementTextKeyword.execute(VerifyElementTextKeyword.groovy:40)
	at com.kms.katalon.core.keyword.internal.KeywordExecutor.executeKeywordForPlatform(KeywordExecutor.groovy:64)
	at com.kms.katalon.core.webui.keyword.WebUiBuiltInKeywords.verifyElementText(WebUiBuiltInKeywords.groovy:4994)
	at SignIn.run(SignIn:44)
	at com.kms.katalon.core.main.ScriptEngine.run(ScriptEngine.java:194)
	at com.kms.katalon.core.main.ScriptEngine.runScriptAsRawText(ScriptEngine.java:119)
	at com.kms.katalon.core.main.TestCaseExecutor.runScript(TestCaseExecutor.java:485)
	at com.kms.katalon.core.main.TestCaseExecutor.doExecute(TestCaseExecutor.java:476)
	at com.kms.katalon.core.main.TestCaseExecutor.processExecutionPhase(TestCaseExecutor.java:455)
	at com.kms.katalon.core.main.TestCaseExecutor.accessMainPhase(TestCaseExecutor.java:447)
	at com.kms.katalon.core.main.TestCaseExecutor.execute(TestCaseExecutor.java:321)
	at com.kms.katalon.core.common.CommonExecutor.accessTestCaseMainPhase(CommonExecutor.java:71)
	at com.kms.katalon.core.main.TestSuiteExecutor.accessTestSuiteMainPhase(TestSuiteExecutor.java:160)
	at com.kms.katalon.core.main.TestSuiteExecutor.execute(TestSuiteExecutor.java:107)
	at com.kms.katalon.core.main.TestCaseMain.startTestSuite(TestCaseMain.java:195)
	at TempTestSuite1754056456079.run(TempTestSuite1754056456079.groovy:35)
	at java.base/jdk.internal.reflect.NativeMethodAccessorImpl.invoke0(Native Method)
	at java.base/jdk.internal.reflect.NativeMethodAccessorImpl.invoke(NativeMethodAccessorImpl.java:77)
	at java.base/jdk.internal.reflect.DelegatingMethodAccessorImpl.invoke(DelegatingMethodAccessorImpl.java:43)
Caused by: com.kms.katalon.core.exception.StepFailedException: Actual text 'User Data not found' and expected text 'Jane Doe' of test object 'Object Repository/SUT_SignIn/Page_Practice Software Testing - Toolshop -_8413b3/a_User Data not found' are NOT matched.
	at com.kms.katalon.core.webui.keyword.internal.WebUIKeywordMain.stepFailed(WebUIKeywordMain.groovy:118)
	at com.kms.katalon.core.webui.keyword.builtin.VerifyElementTextKeyword$_verifyElementText_closure1.doCall(VerifyElementTextKeyword.groovy:57)
	at com.kms.katalon.core.webui.keyword.builtin.VerifyElementTextKeyword$_verifyElementText_closure1.call(VerifyElementTextKeyword.groovy)
	at com.kms.katalon.core.webui.keyword.internal.WebUIKeywordMain.runKeyword(WebUIKeywordMain.groovy:35)
	... 20 more
)
2025-08-01 20:55:40.647 ERROR c.k.katalon.core.main.TestCaseExecutor   - ❌ Test Cases/SignIn FAILED.
Reason:
com.kms.katalon.core.exception.StepFailedException: Verify element text of test object 'Object Repository/SUT_SignIn/Page_Practice Software Testing - Toolshop -_8413b3/a_User Data not found' FAILED.
	at com.kms.katalon.core.webui.keyword.internal.WebUIKeywordMain.stepFailed(WebUIKeywordMain.groovy:118)
	at com.kms.katalon.core.webui.keyword.internal.WebUIKeywordMain.runKeyword(WebUIKeywordMain.groovy:43)
	at com.kms.katalon.core.webui.keyword.builtin.VerifyElementTextKeyword.verifyElementText(VerifyElementTextKeyword.groovy:72)
	at com.kms.katalon.core.webui.keyword.builtin.VerifyElementTextKeyword.execute(VerifyElementTextKeyword.groovy:40)
	at com.kms.katalon.core.keyword.internal.KeywordExecutor.executeKeywordForPlatform(KeywordExecutor.groovy:64)
	at com.kms.katalon.core.webui.keyword.WebUiBuiltInKeywords.verifyElementText(WebUiBuiltInKeywords.groovy:4994)
	at SignIn.run(SignIn:44)
	at com.kms.katalon.core.main.ScriptEngine.run(ScriptEngine.java:194)
	at com.kms.katalon.core.main.ScriptEngine.runScriptAsRawText(ScriptEngine.java:119)
	at com.kms.katalon.core.main.TestCaseExecutor.runScript(TestCaseExecutor.java:485)
	at com.kms.katalon.core.main.TestCaseExecutor.doExecute(TestCaseExecutor.java:476)
	at com.kms.katalon.core.main.TestCaseExecutor.processExecutionPhase(TestCaseExecutor.java:455)
	at com.kms.katalon.core.main.TestCaseExecutor.accessMainPhase(TestCaseExecutor.java:447)
	at com.kms.katalon.core.main.TestCaseExecutor.execute(TestCaseExecutor.java:321)
	at com.kms.katalon.core.common.CommonExecutor.accessTestCaseMainPhase(CommonExecutor.java:71)
	at com.kms.katalon.core.main.TestSuiteExecutor.accessTestSuiteMainPhase(TestSuiteExecutor.java:160)
	at com.kms.katalon.core.main.TestSuiteExecutor.execute(TestSuiteExecutor.java:107)
	at com.kms.katalon.core.main.TestCaseMain.startTestSuite(TestCaseMain.java:195)
	at TempTestSuite1754056456079.run(TempTestSuite1754056456079.groovy:35)
	at java.base/jdk.internal.reflect.NativeMethodAccessorImpl.invoke0(Native Method)
	at java.base/jdk.internal.reflect.NativeMethodAccessorImpl.invoke(NativeMethodAccessorImpl.java:77)
	at java.base/jdk.internal.reflect.DelegatingMethodAccessorImpl.invoke(DelegatingMethodAccessorImpl.java:43)
Caused by: com.kms.katalon.core.exception.StepFailedException: Actual text 'User Data not found' and expected text 'Jane Doe' of test object 'Object Repository/SUT_SignIn/Page_Practice Software Testing - Toolshop -_8413b3/a_User Data not found' are NOT matched.
	at com.kms.katalon.core.webui.keyword.internal.WebUIKeywordMain.stepFailed(WebUIKeywordMain.groovy:118)
	at com.kms.katalon.core.webui.keyword.builtin.VerifyElementTextKeyword$_verifyElementText_closure1.doCall(VerifyElementTextKeyword.groovy:57)
	at com.kms.katalon.core.webui.keyword.builtin.VerifyElementTextKeyword$_verifyElementText_closure1.call(VerifyElementTextKeyword.groovy)
	at com.kms.katalon.core.webui.keyword.internal.WebUIKeywordMain.runKeyword(WebUIKeywordMain.groovy:35)
	... 20 more

2025-08-01 20:55:40.649 INFO  c.k.katalon.core.main.TestCaseExecutor   - END Test Cases/SignIn
2025-08-01 20:55:40.652 INFO  c.k.katalon.core.main.TestCaseExecutor   - --------------------
2025-08-01 20:55:40.652 INFO  c.k.katalon.core.main.TestCaseExecutor   - START Test Cases/SignIn
2025-08-01 20:55:40.663 INFO  c.k.katalon.core.main.TestCaseExecutor   - firstName = Jane
2025-08-01 20:55:40.664 INFO  c.k.katalon.core.main.TestCaseExecutor   - lastName = Doe
2025-08-01 20:55:40.664 INFO  c.k.katalon.core.main.TestCaseExecutor   - role = user
2025-08-01 20:55:40.664 INFO  c.k.katalon.core.main.TestCaseExecutor   - email = customer@practicesoftwaretesting.com
2025-08-01 20:55:40.664 INFO  c.k.katalon.core.main.TestCaseExecutor   - password = welcome01
2025-08-01 20:55:40.667 DEBUG testcase.SignIn                          - 1: openBrowser("")
2025-08-01 20:55:40.670 WARN  c.k.k.core.webui.driver.DriverFactory    - A browser is already opened. Closing browser and opening a new one
2025-08-01 20:55:40.808 INFO  c.k.k.core.webui.driver.DriverFactory    - Starting 'Chrome' driver
2025-08-01 20:55:40.809 INFO  c.k.k.core.webui.driver.DriverFactory    - Action delay is set to 0 milliseconds
Aug 01, 2025 8:55:42 PM org.openqa.selenium.devtools.CdpVersionFinder findNearestMatch
WARNING: Unable to find CDP implementation matching 124
Aug 01, 2025 8:55:42 PM org.openqa.selenium.chromium.ChromiumDriver lambda$new$4
WARNING: Unable to find version of CDP to use for 124.0.6367.91. You may need to include a dependency on a specific version of the CDP using something similar to `org.seleniumhq.selenium:selenium-devtools-v86:4.28.1` where the version ("v86") matches the version of the chromium-based browser you're using and the version number of the artifact is the same as Selenium's.
2025-08-01 20:55:42.088 INFO  c.k.k.core.webui.driver.DriverFactory    - sessionId = 19fe7210bb79e42f34fcdb57244b0004
2025-08-01 20:55:42.088 INFO  c.k.k.core.webui.driver.DriverFactory    - browser = Chrome 124.0.6367.91
2025-08-01 20:55:42.088 INFO  c.k.k.core.webui.driver.DriverFactory    - platform = Windows 11
2025-08-01 20:55:42.089 INFO  c.k.k.core.webui.driver.DriverFactory    - seleniumVersion = 4.28.1
2025-08-01 20:55:42.089 INFO  c.k.k.core.webui.driver.DriverFactory    - proxyInformation = ProxyInformation { proxyOption=NO_PROXY, proxyServerType=HTTP, username=, password=********, proxyServerAddress=, proxyServerPort=0, executionList="", isApplyToDesiredCapabilities=true }
2025-08-01 20:55:42.101 DEBUG testcase.SignIn                          - 2: navigateToUrl("http://localhost:4200/#/")
2025-08-01 20:55:42.698 DEBUG testcase.SignIn                          - 3: verifyElementVisible(findTestObject("Object Repository/SUT_SignIn/Page_Practice Software Testing - Toolshop -_8413b3/a_Sign in"))
2025-08-01 20:55:43.199 DEBUG testcase.SignIn                          - 4: click(findTestObject("Object Repository/SUT_SignIn/Page_Practice Software Testing - Toolshop -_8413b3/a_Sign in"))
2025-08-01 20:55:43.482 DEBUG testcase.SignIn                          - 5: setText(findTestObject("Object Repository/SUT_SignIn/Page_Practice Software Testing - Toolshop -_8413b3/input_Login_email"), email)
2025-08-01 20:55:44.272 DEBUG testcase.SignIn                          - 6: setText(findTestObject("Object Repository/SUT_SignIn/Page_Practice Software Testing - Toolshop -_8413b3/input_Login_password"), password)
2025-08-01 20:55:44.802 DEBUG testcase.SignIn                          - 7: verifyElementVisible(findTestObject("Object Repository/SUT_SignIn/Page_Practice Software Testing - Toolshop -_8413b3/input_Login_btnSubmit"))
2025-08-01 20:55:45.047 DEBUG testcase.SignIn                          - 8: click(findTestObject("Object Repository/SUT_SignIn/Page_Practice Software Testing - Toolshop -_8413b3/input_Login_btnSubmit"))
2025-08-01 20:55:45.341 DEBUG testcase.SignIn                          - 9: verifyElementNotPresent(findTestObject("SUT_SignIn/Page_Practice Software Testing - Toolshop -_8413b3/div_Invalid email or password_1"), 0)
2025-08-01 20:55:45.346 WARN  c.kms.katalon.core.helper.KeywordHelper  - Timeout '0' is invalid. Using default page load timeout: '30'
2025-08-01 20:55:46.126 DEBUG testcase.SignIn                          - 10: verifyElementVisible(findTestObject("Object Repository/SUT_SignIn/Page_Practice Software Testing - Toolshop -_8413b3/h1_My account"))
2025-08-01 20:55:46.363 DEBUG testcase.SignIn                          - 11: verifyElementText(findTestObject("Object Repository/SUT_SignIn/Page_Practice Software Testing - Toolshop -_8413b3/a_User Data not found"), firstName + " " + lastName)
2025-08-01 20:55:46.692 ERROR c.k.k.core.keyword.internal.KeywordMain  - ❌ Actual text 'User Data not found' and expected text 'Jane Doe' of test object 'Object Repository/SUT_SignIn/Page_Practice Software Testing - Toolshop -_8413b3/a_User Data not found' are NOT matched. (Root cause: com.kms.katalon.core.exception.StepFailedException: Actual text 'User Data not found' and expected text 'Jane Doe' of test object 'Object Repository/SUT_SignIn/Page_Practice Software Testing - Toolshop -_8413b3/a_User Data not found' are NOT matched.
	at com.kms.katalon.core.webui.keyword.internal.WebUIKeywordMain.stepFailed(WebUIKeywordMain.groovy:118)
	at com.kms.katalon.core.webui.keyword.builtin.VerifyElementTextKeyword$_verifyElementText_closure1.doCall(VerifyElementTextKeyword.groovy:57)
	at com.kms.katalon.core.webui.keyword.builtin.VerifyElementTextKeyword$_verifyElementText_closure1.call(VerifyElementTextKeyword.groovy)
	at com.kms.katalon.core.webui.keyword.internal.WebUIKeywordMain.runKeyword(WebUIKeywordMain.groovy:35)
	at com.kms.katalon.core.webui.keyword.builtin.VerifyElementTextKeyword.verifyElementText(VerifyElementTextKeyword.groovy:72)
	at com.kms.katalon.core.webui.keyword.builtin.VerifyElementTextKeyword.execute(VerifyElementTextKeyword.groovy:40)
	at com.kms.katalon.core.keyword.internal.KeywordExecutor.executeKeywordForPlatform(KeywordExecutor.groovy:64)
	at com.kms.katalon.core.webui.keyword.WebUiBuiltInKeywords.verifyElementText(WebUiBuiltInKeywords.groovy:4994)
	at SignIn.run(SignIn:44)
	at com.kms.katalon.core.main.ScriptEngine.run(ScriptEngine.java:194)
	at com.kms.katalon.core.main.ScriptEngine.runScriptAsRawText(ScriptEngine.java:119)
	at com.kms.katalon.core.main.TestCaseExecutor.runScript(TestCaseExecutor.java:485)
	at com.kms.katalon.core.main.TestCaseExecutor.doExecute(TestCaseExecutor.java:476)
	at com.kms.katalon.core.main.TestCaseExecutor.processExecutionPhase(TestCaseExecutor.java:455)
	at com.kms.katalon.core.main.TestCaseExecutor.accessMainPhase(TestCaseExecutor.java:447)
	at com.kms.katalon.core.main.TestCaseExecutor.execute(TestCaseExecutor.java:321)
	at com.kms.katalon.core.main.TestCaseExecutor.execute(TestCaseExecutor.java:405)
	at com.kms.katalon.core.common.CommonExecutor.accessTestCaseMainPhase(CommonExecutor.java:71)
	at com.kms.katalon.core.main.TestSuiteExecutor.accessTestSuiteMainPhase(TestSuiteExecutor.java:160)
	at com.kms.katalon.core.main.TestSuiteExecutor.execute(TestSuiteExecutor.java:107)
	at com.kms.katalon.core.main.TestCaseMain.startTestSuite(TestCaseMain.java:195)
	at TempTestSuite1754056456079.run(TempTestSuite1754056456079.groovy:35)
	at java.base/jdk.internal.reflect.NativeMethodAccessorImpl.invoke0(Native Method)
	at java.base/jdk.internal.reflect.NativeMethodAccessorImpl.invoke(NativeMethodAccessorImpl.java:77)
	at java.base/jdk.internal.reflect.DelegatingMethodAccessorImpl.invoke(DelegatingMethodAccessorImpl.java:43)
)
2025-08-01 20:55:46.761 ERROR c.k.k.core.keyword.internal.KeywordMain  - ❌ Verify element text of test object 'Object Repository/SUT_SignIn/Page_Practice Software Testing - Toolshop -_8413b3/a_User Data not found' FAILED. (Root cause: com.kms.katalon.core.exception.StepFailedException: Verify element text of test object 'Object Repository/SUT_SignIn/Page_Practice Software Testing - Toolshop -_8413b3/a_User Data not found' FAILED.
	at com.kms.katalon.core.webui.keyword.internal.WebUIKeywordMain.stepFailed(WebUIKeywordMain.groovy:118)
	at com.kms.katalon.core.webui.keyword.internal.WebUIKeywordMain.runKeyword(WebUIKeywordMain.groovy:43)
	at com.kms.katalon.core.webui.keyword.builtin.VerifyElementTextKeyword.verifyElementText(VerifyElementTextKeyword.groovy:72)
	at com.kms.katalon.core.webui.keyword.builtin.VerifyElementTextKeyword.execute(VerifyElementTextKeyword.groovy:40)
	at com.kms.katalon.core.keyword.internal.KeywordExecutor.executeKeywordForPlatform(KeywordExecutor.groovy:64)
	at com.kms.katalon.core.webui.keyword.WebUiBuiltInKeywords.verifyElementText(WebUiBuiltInKeywords.groovy:4994)
	at SignIn.run(SignIn:44)
	at com.kms.katalon.core.main.ScriptEngine.run(ScriptEngine.java:194)
	at com.kms.katalon.core.main.ScriptEngine.runScriptAsRawText(ScriptEngine.java:119)
	at com.kms.katalon.core.main.TestCaseExecutor.runScript(TestCaseExecutor.java:485)
	at com.kms.katalon.core.main.TestCaseExecutor.doExecute(TestCaseExecutor.java:476)
	at com.kms.katalon.core.main.TestCaseExecutor.processExecutionPhase(TestCaseExecutor.java:455)
	at com.kms.katalon.core.main.TestCaseExecutor.accessMainPhase(TestCaseExecutor.java:447)
	at com.kms.katalon.core.main.TestCaseExecutor.execute(TestCaseExecutor.java:321)
	at com.kms.katalon.core.main.TestCaseExecutor.execute(TestCaseExecutor.java:405)
	at com.kms.katalon.core.common.CommonExecutor.accessTestCaseMainPhase(CommonExecutor.java:71)
	at com.kms.katalon.core.main.TestSuiteExecutor.accessTestSuiteMainPhase(TestSuiteExecutor.java:160)
	at com.kms.katalon.core.main.TestSuiteExecutor.execute(TestSuiteExecutor.java:107)
	at com.kms.katalon.core.main.TestCaseMain.startTestSuite(TestCaseMain.java:195)
	at TempTestSuite1754056456079.run(TempTestSuite1754056456079.groovy:35)
	at java.base/jdk.internal.reflect.NativeMethodAccessorImpl.invoke0(Native Method)
	at java.base/jdk.internal.reflect.NativeMethodAccessorImpl.invoke(NativeMethodAccessorImpl.java:77)
	at java.base/jdk.internal.reflect.DelegatingMethodAccessorImpl.invoke(DelegatingMethodAccessorImpl.java:43)
Caused by: com.kms.katalon.core.exception.StepFailedException: Actual text 'User Data not found' and expected text 'Jane Doe' of test object 'Object Repository/SUT_SignIn/Page_Practice Software Testing - Toolshop -_8413b3/a_User Data not found' are NOT matched.
	at com.kms.katalon.core.webui.keyword.internal.WebUIKeywordMain.stepFailed(WebUIKeywordMain.groovy:118)
	at com.kms.katalon.core.webui.keyword.builtin.VerifyElementTextKeyword$_verifyElementText_closure1.doCall(VerifyElementTextKeyword.groovy:57)
	at com.kms.katalon.core.webui.keyword.builtin.VerifyElementTextKeyword$_verifyElementText_closure1.call(VerifyElementTextKeyword.groovy)
	at com.kms.katalon.core.webui.keyword.internal.WebUIKeywordMain.runKeyword(WebUIKeywordMain.groovy:35)
	... 21 more
)
2025-08-01 20:55:46.762 ERROR c.k.katalon.core.main.TestCaseExecutor   - ❌ Test Cases/SignIn FAILED.
Reason:
com.kms.katalon.core.exception.StepFailedException: Verify element text of test object 'Object Repository/SUT_SignIn/Page_Practice Software Testing - Toolshop -_8413b3/a_User Data not found' FAILED.
	at com.kms.katalon.core.webui.keyword.internal.WebUIKeywordMain.stepFailed(WebUIKeywordMain.groovy:118)
	at com.kms.katalon.core.webui.keyword.internal.WebUIKeywordMain.runKeyword(WebUIKeywordMain.groovy:43)
	at com.kms.katalon.core.webui.keyword.builtin.VerifyElementTextKeyword.verifyElementText(VerifyElementTextKeyword.groovy:72)
	at com.kms.katalon.core.webui.keyword.builtin.VerifyElementTextKeyword.execute(VerifyElementTextKeyword.groovy:40)
	at com.kms.katalon.core.keyword.internal.KeywordExecutor.executeKeywordForPlatform(KeywordExecutor.groovy:64)
	at com.kms.katalon.core.webui.keyword.WebUiBuiltInKeywords.verifyElementText(WebUiBuiltInKeywords.groovy:4994)
	at SignIn.run(SignIn:44)
	at com.kms.katalon.core.main.ScriptEngine.run(ScriptEngine.java:194)
	at com.kms.katalon.core.main.ScriptEngine.runScriptAsRawText(ScriptEngine.java:119)
	at com.kms.katalon.core.main.TestCaseExecutor.runScript(TestCaseExecutor.java:485)
	at com.kms.katalon.core.main.TestCaseExecutor.doExecute(TestCaseExecutor.java:476)
	at com.kms.katalon.core.main.TestCaseExecutor.processExecutionPhase(TestCaseExecutor.java:455)
	at com.kms.katalon.core.main.TestCaseExecutor.accessMainPhase(TestCaseExecutor.java:447)
	at com.kms.katalon.core.main.TestCaseExecutor.execute(TestCaseExecutor.java:321)
	at com.kms.katalon.core.main.TestCaseExecutor.execute(TestCaseExecutor.java:405)
	at com.kms.katalon.core.common.CommonExecutor.accessTestCaseMainPhase(CommonExecutor.java:71)
	at com.kms.katalon.core.main.TestSuiteExecutor.accessTestSuiteMainPhase(TestSuiteExecutor.java:160)
	at com.kms.katalon.core.main.TestSuiteExecutor.execute(TestSuiteExecutor.java:107)
	at com.kms.katalon.core.main.TestCaseMain.startTestSuite(TestCaseMain.java:195)
	at TempTestSuite1754056456079.run(TempTestSuite1754056456079.groovy:35)
	at java.base/jdk.internal.reflect.NativeMethodAccessorImpl.invoke0(Native Method)
	at java.base/jdk.internal.reflect.NativeMethodAccessorImpl.invoke(NativeMethodAccessorImpl.java:77)
	at java.base/jdk.internal.reflect.DelegatingMethodAccessorImpl.invoke(DelegatingMethodAccessorImpl.java:43)
Caused by: com.kms.katalon.core.exception.StepFailedException: Actual text 'User Data not found' and expected text 'Jane Doe' of test object 'Object Repository/SUT_SignIn/Page_Practice Software Testing - Toolshop -_8413b3/a_User Data not found' are NOT matched.
	at com.kms.katalon.core.webui.keyword.internal.WebUIKeywordMain.stepFailed(WebUIKeywordMain.groovy:118)
	at com.kms.katalon.core.webui.keyword.builtin.VerifyElementTextKeyword$_verifyElementText_closure1.doCall(VerifyElementTextKeyword.groovy:57)
	at com.kms.katalon.core.webui.keyword.builtin.VerifyElementTextKeyword$_verifyElementText_closure1.call(VerifyElementTextKeyword.groovy)
	at com.kms.katalon.core.webui.keyword.internal.WebUIKeywordMain.runKeyword(WebUIKeywordMain.groovy:35)
	... 21 more

2025-08-01 20:55:46.764 INFO  c.k.katalon.core.main.TestCaseExecutor   - END Test Cases/SignIn
2025-08-01 20:55:46.766 INFO  c.k.katalon.core.main.TestCaseExecutor   - --------------------
2025-08-01 20:55:46.767 INFO  c.k.katalon.core.main.TestCaseExecutor   - START Test Cases/SignIn
2025-08-01 20:55:46.775 INFO  c.k.katalon.core.main.TestCaseExecutor   - firstName = Jane
2025-08-01 20:55:46.776 INFO  c.k.katalon.core.main.TestCaseExecutor   - lastName = Doe
2025-08-01 20:55:46.776 INFO  c.k.katalon.core.main.TestCaseExecutor   - role = user
2025-08-01 20:55:46.776 INFO  c.k.katalon.core.main.TestCaseExecutor   - email = customer@practicesoftwaretesting.com
2025-08-01 20:55:46.776 INFO  c.k.katalon.core.main.TestCaseExecutor   - password = welcome01
2025-08-01 20:55:46.777 DEBUG testcase.SignIn                          - 1: openBrowser("")
2025-08-01 20:55:46.779 WARN  c.k.k.core.webui.driver.DriverFactory    - A browser is already opened. Closing browser and opening a new one
2025-08-01 20:55:46.905 INFO  c.k.k.core.webui.driver.DriverFactory    - Starting 'Chrome' driver
2025-08-01 20:55:46.907 INFO  c.k.k.core.webui.driver.DriverFactory    - Action delay is set to 0 milliseconds
Aug 01, 2025 8:55:48 PM org.openqa.selenium.devtools.CdpVersionFinder findNearestMatch
WARNING: Unable to find CDP implementation matching 124
Aug 01, 2025 8:55:48 PM org.openqa.selenium.chromium.ChromiumDriver lambda$new$4
WARNING: Unable to find version of CDP to use for 124.0.6367.91. You may need to include a dependency on a specific version of the CDP using something similar to `org.seleniumhq.selenium:selenium-devtools-v86:4.28.1` where the version ("v86") matches the version of the chromium-based browser you're using and the version number of the artifact is the same as Selenium's.
2025-08-01 20:55:48.178 INFO  c.k.k.core.webui.driver.DriverFactory    - sessionId = 31c5842792880c8e537c40b46192199e
2025-08-01 20:55:48.179 INFO  c.k.k.core.webui.driver.DriverFactory    - browser = Chrome 124.0.6367.91
2025-08-01 20:55:48.179 INFO  c.k.k.core.webui.driver.DriverFactory    - platform = Windows 11
2025-08-01 20:55:48.179 INFO  c.k.k.core.webui.driver.DriverFactory    - seleniumVersion = 4.28.1
2025-08-01 20:55:48.180 INFO  c.k.k.core.webui.driver.DriverFactory    - proxyInformation = ProxyInformation { proxyOption=NO_PROXY, proxyServerType=HTTP, username=, password=********, proxyServerAddress=, proxyServerPort=0, executionList="", isApplyToDesiredCapabilities=true }
2025-08-01 20:55:48.192 DEBUG testcase.SignIn                          - 2: navigateToUrl("http://localhost:4200/#/")
2025-08-01 20:55:48.742 DEBUG testcase.SignIn                          - 3: verifyElementVisible(findTestObject("Object Repository/SUT_SignIn/Page_Practice Software Testing - Toolshop -_8413b3/a_Sign in"))
2025-08-01 20:55:49.259 DEBUG testcase.SignIn                          - 4: click(findTestObject("Object Repository/SUT_SignIn/Page_Practice Software Testing - Toolshop -_8413b3/a_Sign in"))
2025-08-01 20:55:49.534 DEBUG testcase.SignIn                          - 5: setText(findTestObject("Object Repository/SUT_SignIn/Page_Practice Software Testing - Toolshop -_8413b3/input_Login_email"), email)
2025-08-01 20:55:50.306 DEBUG testcase.SignIn                          - 6: setText(findTestObject("Object Repository/SUT_SignIn/Page_Practice Software Testing - Toolshop -_8413b3/input_Login_password"), password)
2025-08-01 20:55:50.839 DEBUG testcase.SignIn                          - 7: verifyElementVisible(findTestObject("Object Repository/SUT_SignIn/Page_Practice Software Testing - Toolshop -_8413b3/input_Login_btnSubmit"))
2025-08-01 20:55:51.088 DEBUG testcase.SignIn                          - 8: click(findTestObject("Object Repository/SUT_SignIn/Page_Practice Software Testing - Toolshop -_8413b3/input_Login_btnSubmit"))
2025-08-01 20:55:51.353 DEBUG testcase.SignIn                          - 9: verifyElementNotPresent(findTestObject("SUT_SignIn/Page_Practice Software Testing - Toolshop -_8413b3/div_Invalid email or password_1"), 0)
2025-08-01 20:55:51.357 WARN  c.kms.katalon.core.helper.KeywordHelper  - Timeout '0' is invalid. Using default page load timeout: '30'
2025-08-01 20:55:52.136 DEBUG testcase.SignIn                          - 10: verifyElementVisible(findTestObject("Object Repository/SUT_SignIn/Page_Practice Software Testing - Toolshop -_8413b3/h1_My account"))
2025-08-01 20:55:52.385 DEBUG testcase.SignIn                          - 11: verifyElementText(findTestObject("Object Repository/SUT_SignIn/Page_Practice Software Testing - Toolshop -_8413b3/a_User Data not found"), firstName + " " + lastName)
2025-08-01 20:55:52.704 ERROR c.k.k.core.keyword.internal.KeywordMain  - ❌ Actual text 'User Data not found' and expected text 'Jane Doe' of test object 'Object Repository/SUT_SignIn/Page_Practice Software Testing - Toolshop -_8413b3/a_User Data not found' are NOT matched. (Root cause: com.kms.katalon.core.exception.StepFailedException: Actual text 'User Data not found' and expected text 'Jane Doe' of test object 'Object Repository/SUT_SignIn/Page_Practice Software Testing - Toolshop -_8413b3/a_User Data not found' are NOT matched.
	at com.kms.katalon.core.webui.keyword.internal.WebUIKeywordMain.stepFailed(WebUIKeywordMain.groovy:118)
	at com.kms.katalon.core.webui.keyword.builtin.VerifyElementTextKeyword$_verifyElementText_closure1.doCall(VerifyElementTextKeyword.groovy:57)
	at com.kms.katalon.core.webui.keyword.builtin.VerifyElementTextKeyword$_verifyElementText_closure1.call(VerifyElementTextKeyword.groovy)
	at com.kms.katalon.core.webui.keyword.internal.WebUIKeywordMain.runKeyword(WebUIKeywordMain.groovy:35)
	at com.kms.katalon.core.webui.keyword.builtin.VerifyElementTextKeyword.verifyElementText(VerifyElementTextKeyword.groovy:72)
	at com.kms.katalon.core.webui.keyword.builtin.VerifyElementTextKeyword.execute(VerifyElementTextKeyword.groovy:40)
	at com.kms.katalon.core.keyword.internal.KeywordExecutor.executeKeywordForPlatform(KeywordExecutor.groovy:64)
	at com.kms.katalon.core.webui.keyword.WebUiBuiltInKeywords.verifyElementText(WebUiBuiltInKeywords.groovy:4994)
	at SignIn.run(SignIn:44)
	at com.kms.katalon.core.main.ScriptEngine.run(ScriptEngine.java:194)
	at com.kms.katalon.core.main.ScriptEngine.runScriptAsRawText(ScriptEngine.java:119)
	at com.kms.katalon.core.main.TestCaseExecutor.runScript(TestCaseExecutor.java:485)
	at com.kms.katalon.core.main.TestCaseExecutor.doExecute(TestCaseExecutor.java:476)
	at com.kms.katalon.core.main.TestCaseExecutor.processExecutionPhase(TestCaseExecutor.java:455)
	at com.kms.katalon.core.main.TestCaseExecutor.accessMainPhase(TestCaseExecutor.java:447)
	at com.kms.katalon.core.main.TestCaseExecutor.execute(TestCaseExecutor.java:321)
	at com.kms.katalon.core.main.TestCaseExecutor.execute(TestCaseExecutor.java:405)
	at com.kms.katalon.core.main.TestCaseExecutor.execute(TestCaseExecutor.java:405)
	at com.kms.katalon.core.common.CommonExecutor.accessTestCaseMainPhase(CommonExecutor.java:71)
	at com.kms.katalon.core.main.TestSuiteExecutor.accessTestSuiteMainPhase(TestSuiteExecutor.java:160)
	at com.kms.katalon.core.main.TestSuiteExecutor.execute(TestSuiteExecutor.java:107)
	at com.kms.katalon.core.main.TestCaseMain.startTestSuite(TestCaseMain.java:195)
	at TempTestSuite1754056456079.run(TempTestSuite1754056456079.groovy:35)
	at java.base/jdk.internal.reflect.NativeMethodAccessorImpl.invoke0(Native Method)
	at java.base/jdk.internal.reflect.NativeMethodAccessorImpl.invoke(NativeMethodAccessorImpl.java:77)
	at java.base/jdk.internal.reflect.DelegatingMethodAccessorImpl.invoke(DelegatingMethodAccessorImpl.java:43)
)
2025-08-01 20:55:52.766 ERROR c.k.k.core.keyword.internal.KeywordMain  - ❌ Verify element text of test object 'Object Repository/SUT_SignIn/Page_Practice Software Testing - Toolshop -_8413b3/a_User Data not found' FAILED. (Root cause: com.kms.katalon.core.exception.StepFailedException: Verify element text of test object 'Object Repository/SUT_SignIn/Page_Practice Software Testing - Toolshop -_8413b3/a_User Data not found' FAILED.
	at com.kms.katalon.core.webui.keyword.internal.WebUIKeywordMain.stepFailed(WebUIKeywordMain.groovy:118)
	at com.kms.katalon.core.webui.keyword.internal.WebUIKeywordMain.runKeyword(WebUIKeywordMain.groovy:43)
	at com.kms.katalon.core.webui.keyword.builtin.VerifyElementTextKeyword.verifyElementText(VerifyElementTextKeyword.groovy:72)
	at com.kms.katalon.core.webui.keyword.builtin.VerifyElementTextKeyword.execute(VerifyElementTextKeyword.groovy:40)
	at com.kms.katalon.core.keyword.internal.KeywordExecutor.executeKeywordForPlatform(KeywordExecutor.groovy:64)
	at com.kms.katalon.core.webui.keyword.WebUiBuiltInKeywords.verifyElementText(WebUiBuiltInKeywords.groovy:4994)
	at SignIn.run(SignIn:44)
	at com.kms.katalon.core.main.ScriptEngine.run(ScriptEngine.java:194)
	at com.kms.katalon.core.main.ScriptEngine.runScriptAsRawText(ScriptEngine.java:119)
	at com.kms.katalon.core.main.TestCaseExecutor.runScript(TestCaseExecutor.java:485)
	at com.kms.katalon.core.main.TestCaseExecutor.doExecute(TestCaseExecutor.java:476)
	at com.kms.katalon.core.main.TestCaseExecutor.processExecutionPhase(TestCaseExecutor.java:455)
	at com.kms.katalon.core.main.TestCaseExecutor.accessMainPhase(TestCaseExecutor.java:447)
	at com.kms.katalon.core.main.TestCaseExecutor.execute(TestCaseExecutor.java:321)
	at com.kms.katalon.core.main.TestCaseExecutor.execute(TestCaseExecutor.java:405)
	at com.kms.katalon.core.main.TestCaseExecutor.execute(TestCaseExecutor.java:405)
	at com.kms.katalon.core.common.CommonExecutor.accessTestCaseMainPhase(CommonExecutor.java:71)
	at com.kms.katalon.core.main.TestSuiteExecutor.accessTestSuiteMainPhase(TestSuiteExecutor.java:160)
	at com.kms.katalon.core.main.TestSuiteExecutor.execute(TestSuiteExecutor.java:107)
	at com.kms.katalon.core.main.TestCaseMain.startTestSuite(TestCaseMain.java:195)
	at TempTestSuite1754056456079.run(TempTestSuite1754056456079.groovy:35)
	at java.base/jdk.internal.reflect.NativeMethodAccessorImpl.invoke0(Native Method)
	at java.base/jdk.internal.reflect.NativeMethodAccessorImpl.invoke(NativeMethodAccessorImpl.java:77)
	at java.base/jdk.internal.reflect.DelegatingMethodAccessorImpl.invoke(DelegatingMethodAccessorImpl.java:43)
Caused by: com.kms.katalon.core.exception.StepFailedException: Actual text 'User Data not found' and expected text 'Jane Doe' of test object 'Object Repository/SUT_SignIn/Page_Practice Software Testing - Toolshop -_8413b3/a_User Data not found' are NOT matched.
	at com.kms.katalon.core.webui.keyword.internal.WebUIKeywordMain.stepFailed(WebUIKeywordMain.groovy:118)
	at com.kms.katalon.core.webui.keyword.builtin.VerifyElementTextKeyword$_verifyElementText_closure1.doCall(VerifyElementTextKeyword.groovy:57)
	at com.kms.katalon.core.webui.keyword.builtin.VerifyElementTextKeyword$_verifyElementText_closure1.call(VerifyElementTextKeyword.groovy)
	at com.kms.katalon.core.webui.keyword.internal.WebUIKeywordMain.runKeyword(WebUIKeywordMain.groovy:35)
	... 22 more
)
2025-08-01 20:55:52.768 ERROR c.k.katalon.core.main.TestCaseExecutor   - ❌ Test Cases/SignIn FAILED.
Reason:
com.kms.katalon.core.exception.StepFailedException: Verify element text of test object 'Object Repository/SUT_SignIn/Page_Practice Software Testing - Toolshop -_8413b3/a_User Data not found' FAILED.
	at com.kms.katalon.core.webui.keyword.internal.WebUIKeywordMain.stepFailed(WebUIKeywordMain.groovy:118)
	at com.kms.katalon.core.webui.keyword.internal.WebUIKeywordMain.runKeyword(WebUIKeywordMain.groovy:43)
	at com.kms.katalon.core.webui.keyword.builtin.VerifyElementTextKeyword.verifyElementText(VerifyElementTextKeyword.groovy:72)
	at com.kms.katalon.core.webui.keyword.builtin.VerifyElementTextKeyword.execute(VerifyElementTextKeyword.groovy:40)
	at com.kms.katalon.core.keyword.internal.KeywordExecutor.executeKeywordForPlatform(KeywordExecutor.groovy:64)
	at com.kms.katalon.core.webui.keyword.WebUiBuiltInKeywords.verifyElementText(WebUiBuiltInKeywords.groovy:4994)
	at SignIn.run(SignIn:44)
	at com.kms.katalon.core.main.ScriptEngine.run(ScriptEngine.java:194)
	at com.kms.katalon.core.main.ScriptEngine.runScriptAsRawText(ScriptEngine.java:119)
	at com.kms.katalon.core.main.TestCaseExecutor.runScript(TestCaseExecutor.java:485)
	at com.kms.katalon.core.main.TestCaseExecutor.doExecute(TestCaseExecutor.java:476)
	at com.kms.katalon.core.main.TestCaseExecutor.processExecutionPhase(TestCaseExecutor.java:455)
	at com.kms.katalon.core.main.TestCaseExecutor.accessMainPhase(TestCaseExecutor.java:447)
	at com.kms.katalon.core.main.TestCaseExecutor.execute(TestCaseExecutor.java:321)
	at com.kms.katalon.core.main.TestCaseExecutor.execute(TestCaseExecutor.java:405)
	at com.kms.katalon.core.main.TestCaseExecutor.execute(TestCaseExecutor.java:405)
	at com.kms.katalon.core.common.CommonExecutor.accessTestCaseMainPhase(CommonExecutor.java:71)
	at com.kms.katalon.core.main.TestSuiteExecutor.accessTestSuiteMainPhase(TestSuiteExecutor.java:160)
	at com.kms.katalon.core.main.TestSuiteExecutor.execute(TestSuiteExecutor.java:107)
	at com.kms.katalon.core.main.TestCaseMain.startTestSuite(TestCaseMain.java:195)
	at TempTestSuite1754056456079.run(TempTestSuite1754056456079.groovy:35)
	at java.base/jdk.internal.reflect.NativeMethodAccessorImpl.invoke0(Native Method)
	at java.base/jdk.internal.reflect.NativeMethodAccessorImpl.invoke(NativeMethodAccessorImpl.java:77)
	at java.base/jdk.internal.reflect.DelegatingMethodAccessorImpl.invoke(DelegatingMethodAccessorImpl.java:43)
Caused by: com.kms.katalon.core.exception.StepFailedException: Actual text 'User Data not found' and expected text 'Jane Doe' of test object 'Object Repository/SUT_SignIn/Page_Practice Software Testing - Toolshop -_8413b3/a_User Data not found' are NOT matched.
	at com.kms.katalon.core.webui.keyword.internal.WebUIKeywordMain.stepFailed(WebUIKeywordMain.groovy:118)
	at com.kms.katalon.core.webui.keyword.builtin.VerifyElementTextKeyword$_verifyElementText_closure1.doCall(VerifyElementTextKeyword.groovy:57)
	at com.kms.katalon.core.webui.keyword.builtin.VerifyElementTextKeyword$_verifyElementText_closure1.call(VerifyElementTextKeyword.groovy)
	at com.kms.katalon.core.webui.keyword.internal.WebUIKeywordMain.runKeyword(WebUIKeywordMain.groovy:35)
	... 22 more

2025-08-01 20:55:52.769 INFO  c.k.katalon.core.main.TestCaseExecutor   - END Test Cases/SignIn
2025-08-01 20:55:52.771 INFO  c.k.katalon.core.main.TestCaseExecutor   - --------------------
2025-08-01 20:55:52.771 INFO  c.k.katalon.core.main.TestCaseExecutor   - START Test Cases/SignIn
2025-08-01 20:55:52.780 INFO  c.k.katalon.core.main.TestCaseExecutor   - firstName = Jane
2025-08-01 20:55:52.781 INFO  c.k.katalon.core.main.TestCaseExecutor   - lastName = Doe
2025-08-01 20:55:52.781 INFO  c.k.katalon.core.main.TestCaseExecutor   - role = user
2025-08-01 20:55:52.781 INFO  c.k.katalon.core.main.TestCaseExecutor   - email = customer@practicesoftwaretesting.com
2025-08-01 20:55:52.781 INFO  c.k.katalon.core.main.TestCaseExecutor   - password = welcome01
2025-08-01 20:55:52.782 DEBUG testcase.SignIn                          - 1: openBrowser("")
2025-08-01 20:55:52.783 WARN  c.k.k.core.webui.driver.DriverFactory    - A browser is already opened. Closing browser and opening a new one
2025-08-01 20:55:52.931 INFO  c.k.k.core.webui.driver.DriverFactory    - Starting 'Chrome' driver
2025-08-01 20:55:52.931 INFO  c.k.k.core.webui.driver.DriverFactory    - Action delay is set to 0 milliseconds
Aug 01, 2025 8:55:54 PM org.openqa.selenium.devtools.CdpVersionFinder findNearestMatch
WARNING: Unable to find CDP implementation matching 124
Aug 01, 2025 8:55:54 PM org.openqa.selenium.chromium.ChromiumDriver lambda$new$4
WARNING: Unable to find version of CDP to use for 124.0.6367.91. You may need to include a dependency on a specific version of the CDP using something similar to `org.seleniumhq.selenium:selenium-devtools-v86:4.28.1` where the version ("v86") matches the version of the chromium-based browser you're using and the version number of the artifact is the same as Selenium's.
2025-08-01 20:55:54.214 INFO  c.k.k.core.webui.driver.DriverFactory    - sessionId = ab41cc9f60bbbd943b6a22ccd5239091
2025-08-01 20:55:54.214 INFO  c.k.k.core.webui.driver.DriverFactory    - browser = Chrome 124.0.6367.91
2025-08-01 20:55:54.214 INFO  c.k.k.core.webui.driver.DriverFactory    - platform = Windows 11
2025-08-01 20:55:54.215 INFO  c.k.k.core.webui.driver.DriverFactory    - seleniumVersion = 4.28.1
2025-08-01 20:55:54.215 INFO  c.k.k.core.webui.driver.DriverFactory    - proxyInformation = ProxyInformation { proxyOption=NO_PROXY, proxyServerType=HTTP, username=, password=********, proxyServerAddress=, proxyServerPort=0, executionList="", isApplyToDesiredCapabilities=true }
2025-08-01 20:55:54.225 DEBUG testcase.SignIn                          - 2: navigateToUrl("http://localhost:4200/#/")
2025-08-01 20:55:54.798 DEBUG testcase.SignIn                          - 3: verifyElementVisible(findTestObject("Object Repository/SUT_SignIn/Page_Practice Software Testing - Toolshop -_8413b3/a_Sign in"))
2025-08-01 20:55:55.285 DEBUG testcase.SignIn                          - 4: click(findTestObject("Object Repository/SUT_SignIn/Page_Practice Software Testing - Toolshop -_8413b3/a_Sign in"))
2025-08-01 20:55:55.580 DEBUG testcase.SignIn                          - 5: setText(findTestObject("Object Repository/SUT_SignIn/Page_Practice Software Testing - Toolshop -_8413b3/input_Login_email"), email)
2025-08-01 20:55:56.398 DEBUG testcase.SignIn                          - 6: setText(findTestObject("Object Repository/SUT_SignIn/Page_Practice Software Testing - Toolshop -_8413b3/input_Login_password"), password)
2025-08-01 20:55:56.930 DEBUG testcase.SignIn                          - 7: verifyElementVisible(findTestObject("Object Repository/SUT_SignIn/Page_Practice Software Testing - Toolshop -_8413b3/input_Login_btnSubmit"))
2025-08-01 20:55:57.185 DEBUG testcase.SignIn                          - 8: click(findTestObject("Object Repository/SUT_SignIn/Page_Practice Software Testing - Toolshop -_8413b3/input_Login_btnSubmit"))
2025-08-01 20:55:57.448 DEBUG testcase.SignIn                          - 9: verifyElementNotPresent(findTestObject("SUT_SignIn/Page_Practice Software Testing - Toolshop -_8413b3/div_Invalid email or password_1"), 0)
2025-08-01 20:55:57.456 WARN  c.kms.katalon.core.helper.KeywordHelper  - Timeout '0' is invalid. Using default page load timeout: '30'
2025-08-01 20:55:58.154 DEBUG testcase.SignIn                          - 10: verifyElementVisible(findTestObject("Object Repository/SUT_SignIn/Page_Practice Software Testing - Toolshop -_8413b3/h1_My account"))
2025-08-01 20:55:58.406 DEBUG testcase.SignIn                          - 11: verifyElementText(findTestObject("Object Repository/SUT_SignIn/Page_Practice Software Testing - Toolshop -_8413b3/a_User Data not found"), firstName + " " + lastName)
2025-08-01 20:55:58.718 ERROR c.k.k.core.keyword.internal.KeywordMain  - ❌ Actual text 'User Data not found' and expected text 'Jane Doe' of test object 'Object Repository/SUT_SignIn/Page_Practice Software Testing - Toolshop -_8413b3/a_User Data not found' are NOT matched. (Root cause: com.kms.katalon.core.exception.StepFailedException: Actual text 'User Data not found' and expected text 'Jane Doe' of test object 'Object Repository/SUT_SignIn/Page_Practice Software Testing - Toolshop -_8413b3/a_User Data not found' are NOT matched.
	at com.kms.katalon.core.webui.keyword.internal.WebUIKeywordMain.stepFailed(WebUIKeywordMain.groovy:118)
	at com.kms.katalon.core.webui.keyword.builtin.VerifyElementTextKeyword$_verifyElementText_closure1.doCall(VerifyElementTextKeyword.groovy:57)
	at com.kms.katalon.core.webui.keyword.builtin.VerifyElementTextKeyword$_verifyElementText_closure1.call(VerifyElementTextKeyword.groovy)
	at com.kms.katalon.core.webui.keyword.internal.WebUIKeywordMain.runKeyword(WebUIKeywordMain.groovy:35)
	at com.kms.katalon.core.webui.keyword.builtin.VerifyElementTextKeyword.verifyElementText(VerifyElementTextKeyword.groovy:72)
	at com.kms.katalon.core.webui.keyword.builtin.VerifyElementTextKeyword.execute(VerifyElementTextKeyword.groovy:40)
	at com.kms.katalon.core.keyword.internal.KeywordExecutor.executeKeywordForPlatform(KeywordExecutor.groovy:64)
	at com.kms.katalon.core.webui.keyword.WebUiBuiltInKeywords.verifyElementText(WebUiBuiltInKeywords.groovy:4994)
	at SignIn.run(SignIn:44)
	at com.kms.katalon.core.main.ScriptEngine.run(ScriptEngine.java:194)
	at com.kms.katalon.core.main.ScriptEngine.runScriptAsRawText(ScriptEngine.java:119)
	at com.kms.katalon.core.main.TestCaseExecutor.runScript(TestCaseExecutor.java:485)
	at com.kms.katalon.core.main.TestCaseExecutor.doExecute(TestCaseExecutor.java:476)
	at com.kms.katalon.core.main.TestCaseExecutor.processExecutionPhase(TestCaseExecutor.java:455)
	at com.kms.katalon.core.main.TestCaseExecutor.accessMainPhase(TestCaseExecutor.java:447)
	at com.kms.katalon.core.main.TestCaseExecutor.execute(TestCaseExecutor.java:321)
	at com.kms.katalon.core.main.TestCaseExecutor.execute(TestCaseExecutor.java:405)
	at com.kms.katalon.core.main.TestCaseExecutor.execute(TestCaseExecutor.java:405)
	at com.kms.katalon.core.main.TestCaseExecutor.execute(TestCaseExecutor.java:405)
	at com.kms.katalon.core.common.CommonExecutor.accessTestCaseMainPhase(CommonExecutor.java:71)
	at com.kms.katalon.core.main.TestSuiteExecutor.accessTestSuiteMainPhase(TestSuiteExecutor.java:160)
	at com.kms.katalon.core.main.TestSuiteExecutor.execute(TestSuiteExecutor.java:107)
	at com.kms.katalon.core.main.TestCaseMain.startTestSuite(TestCaseMain.java:195)
	at TempTestSuite1754056456079.run(TempTestSuite1754056456079.groovy:35)
	at java.base/jdk.internal.reflect.NativeMethodAccessorImpl.invoke0(Native Method)
	at java.base/jdk.internal.reflect.NativeMethodAccessorImpl.invoke(NativeMethodAccessorImpl.java:77)
	at java.base/jdk.internal.reflect.DelegatingMethodAccessorImpl.invoke(DelegatingMethodAccessorImpl.java:43)
)
2025-08-01 20:55:58.779 ERROR c.k.k.core.keyword.internal.KeywordMain  - ❌ Verify element text of test object 'Object Repository/SUT_SignIn/Page_Practice Software Testing - Toolshop -_8413b3/a_User Data not found' FAILED. (Root cause: com.kms.katalon.core.exception.StepFailedException: Verify element text of test object 'Object Repository/SUT_SignIn/Page_Practice Software Testing - Toolshop -_8413b3/a_User Data not found' FAILED.
	at com.kms.katalon.core.webui.keyword.internal.WebUIKeywordMain.stepFailed(WebUIKeywordMain.groovy:118)
	at com.kms.katalon.core.webui.keyword.internal.WebUIKeywordMain.runKeyword(WebUIKeywordMain.groovy:43)
	at com.kms.katalon.core.webui.keyword.builtin.VerifyElementTextKeyword.verifyElementText(VerifyElementTextKeyword.groovy:72)
	at com.kms.katalon.core.webui.keyword.builtin.VerifyElementTextKeyword.execute(VerifyElementTextKeyword.groovy:40)
	at com.kms.katalon.core.keyword.internal.KeywordExecutor.executeKeywordForPlatform(KeywordExecutor.groovy:64)
	at com.kms.katalon.core.webui.keyword.WebUiBuiltInKeywords.verifyElementText(WebUiBuiltInKeywords.groovy:4994)
	at SignIn.run(SignIn:44)
	at com.kms.katalon.core.main.ScriptEngine.run(ScriptEngine.java:194)
	at com.kms.katalon.core.main.ScriptEngine.runScriptAsRawText(ScriptEngine.java:119)
	at com.kms.katalon.core.main.TestCaseExecutor.runScript(TestCaseExecutor.java:485)
	at com.kms.katalon.core.main.TestCaseExecutor.doExecute(TestCaseExecutor.java:476)
	at com.kms.katalon.core.main.TestCaseExecutor.processExecutionPhase(TestCaseExecutor.java:455)
	at com.kms.katalon.core.main.TestCaseExecutor.accessMainPhase(TestCaseExecutor.java:447)
	at com.kms.katalon.core.main.TestCaseExecutor.execute(TestCaseExecutor.java:321)
	at com.kms.katalon.core.main.TestCaseExecutor.execute(TestCaseExecutor.java:405)
	at com.kms.katalon.core.main.TestCaseExecutor.execute(TestCaseExecutor.java:405)
	at com.kms.katalon.core.main.TestCaseExecutor.execute(TestCaseExecutor.java:405)
	at com.kms.katalon.core.common.CommonExecutor.accessTestCaseMainPhase(CommonExecutor.java:71)
	at com.kms.katalon.core.main.TestSuiteExecutor.accessTestSuiteMainPhase(TestSuiteExecutor.java:160)
	at com.kms.katalon.core.main.TestSuiteExecutor.execute(TestSuiteExecutor.java:107)
	at com.kms.katalon.core.main.TestCaseMain.startTestSuite(TestCaseMain.java:195)
	at TempTestSuite1754056456079.run(TempTestSuite1754056456079.groovy:35)
	at java.base/jdk.internal.reflect.NativeMethodAccessorImpl.invoke0(Native Method)
	at java.base/jdk.internal.reflect.NativeMethodAccessorImpl.invoke(NativeMethodAccessorImpl.java:77)
	at java.base/jdk.internal.reflect.DelegatingMethodAccessorImpl.invoke(DelegatingMethodAccessorImpl.java:43)
Caused by: com.kms.katalon.core.exception.StepFailedException: Actual text 'User Data not found' and expected text 'Jane Doe' of test object 'Object Repository/SUT_SignIn/Page_Practice Software Testing - Toolshop -_8413b3/a_User Data not found' are NOT matched.
	at com.kms.katalon.core.webui.keyword.internal.WebUIKeywordMain.stepFailed(WebUIKeywordMain.groovy:118)
	at com.kms.katalon.core.webui.keyword.builtin.VerifyElementTextKeyword$_verifyElementText_closure1.doCall(VerifyElementTextKeyword.groovy:57)
	at com.kms.katalon.core.webui.keyword.builtin.VerifyElementTextKeyword$_verifyElementText_closure1.call(VerifyElementTextKeyword.groovy)
	at com.kms.katalon.core.webui.keyword.internal.WebUIKeywordMain.runKeyword(WebUIKeywordMain.groovy:35)
	... 23 more
)
2025-08-01 20:55:58.780 ERROR c.k.katalon.core.main.TestCaseExecutor   - ❌ Test Cases/SignIn FAILED.
Reason:
com.kms.katalon.core.exception.StepFailedException: Verify element text of test object 'Object Repository/SUT_SignIn/Page_Practice Software Testing - Toolshop -_8413b3/a_User Data not found' FAILED.
	at com.kms.katalon.core.webui.keyword.internal.WebUIKeywordMain.stepFailed(WebUIKeywordMain.groovy:118)
	at com.kms.katalon.core.webui.keyword.internal.WebUIKeywordMain.runKeyword(WebUIKeywordMain.groovy:43)
	at com.kms.katalon.core.webui.keyword.builtin.VerifyElementTextKeyword.verifyElementText(VerifyElementTextKeyword.groovy:72)
	at com.kms.katalon.core.webui.keyword.builtin.VerifyElementTextKeyword.execute(VerifyElementTextKeyword.groovy:40)
	at com.kms.katalon.core.keyword.internal.KeywordExecutor.executeKeywordForPlatform(KeywordExecutor.groovy:64)
	at com.kms.katalon.core.webui.keyword.WebUiBuiltInKeywords.verifyElementText(WebUiBuiltInKeywords.groovy:4994)
	at SignIn.run(SignIn:44)
	at com.kms.katalon.core.main.ScriptEngine.run(ScriptEngine.java:194)
	at com.kms.katalon.core.main.ScriptEngine.runScriptAsRawText(ScriptEngine.java:119)
	at com.kms.katalon.core.main.TestCaseExecutor.runScript(TestCaseExecutor.java:485)
	at com.kms.katalon.core.main.TestCaseExecutor.doExecute(TestCaseExecutor.java:476)
	at com.kms.katalon.core.main.TestCaseExecutor.processExecutionPhase(TestCaseExecutor.java:455)
	at com.kms.katalon.core.main.TestCaseExecutor.accessMainPhase(TestCaseExecutor.java:447)
	at com.kms.katalon.core.main.TestCaseExecutor.execute(TestCaseExecutor.java:321)
	at com.kms.katalon.core.main.TestCaseExecutor.execute(TestCaseExecutor.java:405)
	at com.kms.katalon.core.main.TestCaseExecutor.execute(TestCaseExecutor.java:405)
	at com.kms.katalon.core.main.TestCaseExecutor.execute(TestCaseExecutor.java:405)
	at com.kms.katalon.core.common.CommonExecutor.accessTestCaseMainPhase(CommonExecutor.java:71)
	at com.kms.katalon.core.main.TestSuiteExecutor.accessTestSuiteMainPhase(TestSuiteExecutor.java:160)
	at com.kms.katalon.core.main.TestSuiteExecutor.execute(TestSuiteExecutor.java:107)
	at com.kms.katalon.core.main.TestCaseMain.startTestSuite(TestCaseMain.java:195)
	at TempTestSuite1754056456079.run(TempTestSuite1754056456079.groovy:35)
	at java.base/jdk.internal.reflect.NativeMethodAccessorImpl.invoke0(Native Method)
	at java.base/jdk.internal.reflect.NativeMethodAccessorImpl.invoke(NativeMethodAccessorImpl.java:77)
	at java.base/jdk.internal.reflect.DelegatingMethodAccessorImpl.invoke(DelegatingMethodAccessorImpl.java:43)
Caused by: com.kms.katalon.core.exception.StepFailedException: Actual text 'User Data not found' and expected text 'Jane Doe' of test object 'Object Repository/SUT_SignIn/Page_Practice Software Testing - Toolshop -_8413b3/a_User Data not found' are NOT matched.
	at com.kms.katalon.core.webui.keyword.internal.WebUIKeywordMain.stepFailed(WebUIKeywordMain.groovy:118)
	at com.kms.katalon.core.webui.keyword.builtin.VerifyElementTextKeyword$_verifyElementText_closure1.doCall(VerifyElementTextKeyword.groovy:57)
	at com.kms.katalon.core.webui.keyword.builtin.VerifyElementTextKeyword$_verifyElementText_closure1.call(VerifyElementTextKeyword.groovy)
	at com.kms.katalon.core.webui.keyword.internal.WebUIKeywordMain.runKeyword(WebUIKeywordMain.groovy:35)
	... 23 more

2025-08-01 20:55:58.782 INFO  c.k.katalon.core.main.TestCaseExecutor   - END Test Cases/SignIn
2025-08-01 20:55:58.809 INFO  c.k.katalon.core.main.TestCaseExecutor   - --------------------
2025-08-01 20:55:58.809 INFO  c.k.katalon.core.main.TestCaseExecutor   - START Test Cases/SignIn
2025-08-01 20:55:58.816 INFO  c.k.katalon.core.main.TestCaseExecutor   - firstName = Jack
2025-08-01 20:55:58.816 INFO  c.k.katalon.core.main.TestCaseExecutor   - lastName = Howe
2025-08-01 20:55:58.816 INFO  c.k.katalon.core.main.TestCaseExecutor   - role = user
2025-08-01 20:55:58.816 INFO  c.k.katalon.core.main.TestCaseExecutor   - email = customer2@practicesoftwaretesting.com
2025-08-01 20:55:58.817 INFO  c.k.katalon.core.main.TestCaseExecutor   - password = welcome01
2025-08-01 20:55:58.817 DEBUG testcase.SignIn                          - 1: openBrowser("")
2025-08-01 20:55:58.819 WARN  c.k.k.core.webui.driver.DriverFactory    - A browser is already opened. Closing browser and opening a new one
2025-08-01 20:55:58.963 INFO  c.k.k.core.webui.driver.DriverFactory    - Starting 'Chrome' driver
2025-08-01 20:55:58.964 INFO  c.k.k.core.webui.driver.DriverFactory    - Action delay is set to 0 milliseconds
Aug 01, 2025 8:56:00 PM org.openqa.selenium.devtools.CdpVersionFinder findNearestMatch
WARNING: Unable to find CDP implementation matching 124
Aug 01, 2025 8:56:00 PM org.openqa.selenium.chromium.ChromiumDriver lambda$new$4
WARNING: Unable to find version of CDP to use for 124.0.6367.91. You may need to include a dependency on a specific version of the CDP using something similar to `org.seleniumhq.selenium:selenium-devtools-v86:4.28.1` where the version ("v86") matches the version of the chromium-based browser you're using and the version number of the artifact is the same as Selenium's.
2025-08-01 20:56:00.260 INFO  c.k.k.core.webui.driver.DriverFactory    - sessionId = f439e404e14b9d52cd383815b6754a96
2025-08-01 20:56:00.260 INFO  c.k.k.core.webui.driver.DriverFactory    - browser = Chrome 124.0.6367.91
2025-08-01 20:56:00.261 INFO  c.k.k.core.webui.driver.DriverFactory    - platform = Windows 11
2025-08-01 20:56:00.261 INFO  c.k.k.core.webui.driver.DriverFactory    - seleniumVersion = 4.28.1
2025-08-01 20:56:00.261 INFO  c.k.k.core.webui.driver.DriverFactory    - proxyInformation = ProxyInformation { proxyOption=NO_PROXY, proxyServerType=HTTP, username=, password=********, proxyServerAddress=, proxyServerPort=0, executionList="", isApplyToDesiredCapabilities=true }
2025-08-01 20:56:00.272 DEBUG testcase.SignIn                          - 2: navigateToUrl("http://localhost:4200/#/")
2025-08-01 20:56:00.879 DEBUG testcase.SignIn                          - 3: verifyElementVisible(findTestObject("Object Repository/SUT_SignIn/Page_Practice Software Testing - Toolshop -_8413b3/a_Sign in"))
2025-08-01 20:56:01.375 DEBUG testcase.SignIn                          - 4: click(findTestObject("Object Repository/SUT_SignIn/Page_Practice Software Testing - Toolshop -_8413b3/a_Sign in"))
2025-08-01 20:56:01.670 DEBUG testcase.SignIn                          - 5: setText(findTestObject("Object Repository/SUT_SignIn/Page_Practice Software Testing - Toolshop -_8413b3/input_Login_email"), email)
2025-08-01 20:56:02.465 DEBUG testcase.SignIn                          - 6: setText(findTestObject("Object Repository/SUT_SignIn/Page_Practice Software Testing - Toolshop -_8413b3/input_Login_password"), password)
2025-08-01 20:56:03.010 DEBUG testcase.SignIn                          - 7: verifyElementVisible(findTestObject("Object Repository/SUT_SignIn/Page_Practice Software Testing - Toolshop -_8413b3/input_Login_btnSubmit"))
2025-08-01 20:56:03.266 DEBUG testcase.SignIn                          - 8: click(findTestObject("Object Repository/SUT_SignIn/Page_Practice Software Testing - Toolshop -_8413b3/input_Login_btnSubmit"))
2025-08-01 20:56:03.544 DEBUG testcase.SignIn                          - 9: verifyElementNotPresent(findTestObject("SUT_SignIn/Page_Practice Software Testing - Toolshop -_8413b3/div_Invalid email or password_1"), 0)
2025-08-01 20:56:03.549 WARN  c.kms.katalon.core.helper.KeywordHelper  - Timeout '0' is invalid. Using default page load timeout: '30'
2025-08-01 20:56:04.450 DEBUG testcase.SignIn                          - 10: verifyElementVisible(findTestObject("Object Repository/SUT_SignIn/Page_Practice Software Testing - Toolshop -_8413b3/h1_My account"))
2025-08-01 20:56:04.685 DEBUG testcase.SignIn                          - 11: verifyElementText(findTestObject("Object Repository/SUT_SignIn/Page_Practice Software Testing - Toolshop -_8413b3/a_User Data not found"), firstName + " " + lastName)
2025-08-01 20:56:05.004 ERROR c.k.k.core.keyword.internal.KeywordMain  - ❌ Actual text 'User Data not found' and expected text 'Jack Howe' of test object 'Object Repository/SUT_SignIn/Page_Practice Software Testing - Toolshop -_8413b3/a_User Data not found' are NOT matched. (Root cause: com.kms.katalon.core.exception.StepFailedException: Actual text 'User Data not found' and expected text 'Jack Howe' of test object 'Object Repository/SUT_SignIn/Page_Practice Software Testing - Toolshop -_8413b3/a_User Data not found' are NOT matched.
	at com.kms.katalon.core.webui.keyword.internal.WebUIKeywordMain.stepFailed(WebUIKeywordMain.groovy:118)
	at com.kms.katalon.core.webui.keyword.builtin.VerifyElementTextKeyword$_verifyElementText_closure1.doCall(VerifyElementTextKeyword.groovy:57)
	at com.kms.katalon.core.webui.keyword.builtin.VerifyElementTextKeyword$_verifyElementText_closure1.call(VerifyElementTextKeyword.groovy)
	at com.kms.katalon.core.webui.keyword.internal.WebUIKeywordMain.runKeyword(WebUIKeywordMain.groovy:35)
	at com.kms.katalon.core.webui.keyword.builtin.VerifyElementTextKeyword.verifyElementText(VerifyElementTextKeyword.groovy:72)
	at com.kms.katalon.core.webui.keyword.builtin.VerifyElementTextKeyword.execute(VerifyElementTextKeyword.groovy:40)
	at com.kms.katalon.core.keyword.internal.KeywordExecutor.executeKeywordForPlatform(KeywordExecutor.groovy:64)
	at com.kms.katalon.core.webui.keyword.WebUiBuiltInKeywords.verifyElementText(WebUiBuiltInKeywords.groovy:4994)
	at SignIn.run(SignIn:44)
	at com.kms.katalon.core.main.ScriptEngine.run(ScriptEngine.java:194)
	at com.kms.katalon.core.main.ScriptEngine.runScriptAsRawText(ScriptEngine.java:119)
	at com.kms.katalon.core.main.TestCaseExecutor.runScript(TestCaseExecutor.java:485)
	at com.kms.katalon.core.main.TestCaseExecutor.doExecute(TestCaseExecutor.java:476)
	at com.kms.katalon.core.main.TestCaseExecutor.processExecutionPhase(TestCaseExecutor.java:455)
	at com.kms.katalon.core.main.TestCaseExecutor.accessMainPhase(TestCaseExecutor.java:447)
	at com.kms.katalon.core.main.TestCaseExecutor.execute(TestCaseExecutor.java:321)
	at com.kms.katalon.core.common.CommonExecutor.accessTestCaseMainPhase(CommonExecutor.java:71)
	at com.kms.katalon.core.main.TestSuiteExecutor.accessTestSuiteMainPhase(TestSuiteExecutor.java:160)
	at com.kms.katalon.core.main.TestSuiteExecutor.execute(TestSuiteExecutor.java:107)
	at com.kms.katalon.core.main.TestCaseMain.startTestSuite(TestCaseMain.java:195)
	at TempTestSuite1754056456079.run(TempTestSuite1754056456079.groovy:35)
	at java.base/jdk.internal.reflect.NativeMethodAccessorImpl.invoke0(Native Method)
	at java.base/jdk.internal.reflect.NativeMethodAccessorImpl.invoke(NativeMethodAccessorImpl.java:77)
	at java.base/jdk.internal.reflect.DelegatingMethodAccessorImpl.invoke(DelegatingMethodAccessorImpl.java:43)
)
2025-08-01 20:56:05.073 ERROR c.k.k.core.keyword.internal.KeywordMain  - ❌ Verify element text of test object 'Object Repository/SUT_SignIn/Page_Practice Software Testing - Toolshop -_8413b3/a_User Data not found' FAILED. (Root cause: com.kms.katalon.core.exception.StepFailedException: Verify element text of test object 'Object Repository/SUT_SignIn/Page_Practice Software Testing - Toolshop -_8413b3/a_User Data not found' FAILED.
	at com.kms.katalon.core.webui.keyword.internal.WebUIKeywordMain.stepFailed(WebUIKeywordMain.groovy:118)
	at com.kms.katalon.core.webui.keyword.internal.WebUIKeywordMain.runKeyword(WebUIKeywordMain.groovy:43)
	at com.kms.katalon.core.webui.keyword.builtin.VerifyElementTextKeyword.verifyElementText(VerifyElementTextKeyword.groovy:72)
	at com.kms.katalon.core.webui.keyword.builtin.VerifyElementTextKeyword.execute(VerifyElementTextKeyword.groovy:40)
	at com.kms.katalon.core.keyword.internal.KeywordExecutor.executeKeywordForPlatform(KeywordExecutor.groovy:64)
	at com.kms.katalon.core.webui.keyword.WebUiBuiltInKeywords.verifyElementText(WebUiBuiltInKeywords.groovy:4994)
	at SignIn.run(SignIn:44)
	at com.kms.katalon.core.main.ScriptEngine.run(ScriptEngine.java:194)
	at com.kms.katalon.core.main.ScriptEngine.runScriptAsRawText(ScriptEngine.java:119)
	at com.kms.katalon.core.main.TestCaseExecutor.runScript(TestCaseExecutor.java:485)
	at com.kms.katalon.core.main.TestCaseExecutor.doExecute(TestCaseExecutor.java:476)
	at com.kms.katalon.core.main.TestCaseExecutor.processExecutionPhase(TestCaseExecutor.java:455)
	at com.kms.katalon.core.main.TestCaseExecutor.accessMainPhase(TestCaseExecutor.java:447)
	at com.kms.katalon.core.main.TestCaseExecutor.execute(TestCaseExecutor.java:321)
	at com.kms.katalon.core.common.CommonExecutor.accessTestCaseMainPhase(CommonExecutor.java:71)
	at com.kms.katalon.core.main.TestSuiteExecutor.accessTestSuiteMainPhase(TestSuiteExecutor.java:160)
	at com.kms.katalon.core.main.TestSuiteExecutor.execute(TestSuiteExecutor.java:107)
	at com.kms.katalon.core.main.TestCaseMain.startTestSuite(TestCaseMain.java:195)
	at TempTestSuite1754056456079.run(TempTestSuite1754056456079.groovy:35)
	at java.base/jdk.internal.reflect.NativeMethodAccessorImpl.invoke0(Native Method)
	at java.base/jdk.internal.reflect.NativeMethodAccessorImpl.invoke(NativeMethodAccessorImpl.java:77)
	at java.base/jdk.internal.reflect.DelegatingMethodAccessorImpl.invoke(DelegatingMethodAccessorImpl.java:43)
Caused by: com.kms.katalon.core.exception.StepFailedException: Actual text 'User Data not found' and expected text 'Jack Howe' of test object 'Object Repository/SUT_SignIn/Page_Practice Software Testing - Toolshop -_8413b3/a_User Data not found' are NOT matched.
	at com.kms.katalon.core.webui.keyword.internal.WebUIKeywordMain.stepFailed(WebUIKeywordMain.groovy:118)
	at com.kms.katalon.core.webui.keyword.builtin.VerifyElementTextKeyword$_verifyElementText_closure1.doCall(VerifyElementTextKeyword.groovy:57)
	at com.kms.katalon.core.webui.keyword.builtin.VerifyElementTextKeyword$_verifyElementText_closure1.call(VerifyElementTextKeyword.groovy)
	at com.kms.katalon.core.webui.keyword.internal.WebUIKeywordMain.runKeyword(WebUIKeywordMain.groovy:35)
	... 20 more
)
2025-08-01 20:56:05.074 ERROR c.k.katalon.core.main.TestCaseExecutor   - ❌ Test Cases/SignIn FAILED.
Reason:
com.kms.katalon.core.exception.StepFailedException: Verify element text of test object 'Object Repository/SUT_SignIn/Page_Practice Software Testing - Toolshop -_8413b3/a_User Data not found' FAILED.
	at com.kms.katalon.core.webui.keyword.internal.WebUIKeywordMain.stepFailed(WebUIKeywordMain.groovy:118)
	at com.kms.katalon.core.webui.keyword.internal.WebUIKeywordMain.runKeyword(WebUIKeywordMain.groovy:43)
	at com.kms.katalon.core.webui.keyword.builtin.VerifyElementTextKeyword.verifyElementText(VerifyElementTextKeyword.groovy:72)
	at com.kms.katalon.core.webui.keyword.builtin.VerifyElementTextKeyword.execute(VerifyElementTextKeyword.groovy:40)
	at com.kms.katalon.core.keyword.internal.KeywordExecutor.executeKeywordForPlatform(KeywordExecutor.groovy:64)
	at com.kms.katalon.core.webui.keyword.WebUiBuiltInKeywords.verifyElementText(WebUiBuiltInKeywords.groovy:4994)
	at SignIn.run(SignIn:44)
	at com.kms.katalon.core.main.ScriptEngine.run(ScriptEngine.java:194)
	at com.kms.katalon.core.main.ScriptEngine.runScriptAsRawText(ScriptEngine.java:119)
	at com.kms.katalon.core.main.TestCaseExecutor.runScript(TestCaseExecutor.java:485)
	at com.kms.katalon.core.main.TestCaseExecutor.doExecute(TestCaseExecutor.java:476)
	at com.kms.katalon.core.main.TestCaseExecutor.processExecutionPhase(TestCaseExecutor.java:455)
	at com.kms.katalon.core.main.TestCaseExecutor.accessMainPhase(TestCaseExecutor.java:447)
	at com.kms.katalon.core.main.TestCaseExecutor.execute(TestCaseExecutor.java:321)
	at com.kms.katalon.core.common.CommonExecutor.accessTestCaseMainPhase(CommonExecutor.java:71)
	at com.kms.katalon.core.main.TestSuiteExecutor.accessTestSuiteMainPhase(TestSuiteExecutor.java:160)
	at com.kms.katalon.core.main.TestSuiteExecutor.execute(TestSuiteExecutor.java:107)
	at com.kms.katalon.core.main.TestCaseMain.startTestSuite(TestCaseMain.java:195)
	at TempTestSuite1754056456079.run(TempTestSuite1754056456079.groovy:35)
	at java.base/jdk.internal.reflect.NativeMethodAccessorImpl.invoke0(Native Method)
	at java.base/jdk.internal.reflect.NativeMethodAccessorImpl.invoke(NativeMethodAccessorImpl.java:77)
	at java.base/jdk.internal.reflect.DelegatingMethodAccessorImpl.invoke(DelegatingMethodAccessorImpl.java:43)
Caused by: com.kms.katalon.core.exception.StepFailedException: Actual text 'User Data not found' and expected text 'Jack Howe' of test object 'Object Repository/SUT_SignIn/Page_Practice Software Testing - Toolshop -_8413b3/a_User Data not found' are NOT matched.
	at com.kms.katalon.core.webui.keyword.internal.WebUIKeywordMain.stepFailed(WebUIKeywordMain.groovy:118)
	at com.kms.katalon.core.webui.keyword.builtin.VerifyElementTextKeyword$_verifyElementText_closure1.doCall(VerifyElementTextKeyword.groovy:57)
	at com.kms.katalon.core.webui.keyword.builtin.VerifyElementTextKeyword$_verifyElementText_closure1.call(VerifyElementTextKeyword.groovy)
	at com.kms.katalon.core.webui.keyword.internal.WebUIKeywordMain.runKeyword(WebUIKeywordMain.groovy:35)
	... 20 more

2025-08-01 20:56:05.075 INFO  c.k.katalon.core.main.TestCaseExecutor   - END Test Cases/SignIn
2025-08-01 20:56:05.077 INFO  c.k.katalon.core.main.TestCaseExecutor   - --------------------
2025-08-01 20:56:05.077 INFO  c.k.katalon.core.main.TestCaseExecutor   - START Test Cases/SignIn
2025-08-01 20:56:05.087 INFO  c.k.katalon.core.main.TestCaseExecutor   - firstName = Jack
2025-08-01 20:56:05.088 INFO  c.k.katalon.core.main.TestCaseExecutor   - lastName = Howe
2025-08-01 20:56:05.088 INFO  c.k.katalon.core.main.TestCaseExecutor   - role = user
2025-08-01 20:56:05.088 INFO  c.k.katalon.core.main.TestCaseExecutor   - email = customer2@practicesoftwaretesting.com
2025-08-01 20:56:05.088 INFO  c.k.katalon.core.main.TestCaseExecutor   - password = welcome01
2025-08-01 20:56:05.089 DEBUG testcase.SignIn                          - 1: openBrowser("")
2025-08-01 20:56:05.092 WARN  c.k.k.core.webui.driver.DriverFactory    - A browser is already opened. Closing browser and opening a new one
2025-08-01 20:56:05.248 INFO  c.k.k.core.webui.driver.DriverFactory    - Starting 'Chrome' driver
2025-08-01 20:56:05.249 INFO  c.k.k.core.webui.driver.DriverFactory    - Action delay is set to 0 milliseconds
Aug 01, 2025 8:56:06 PM org.openqa.selenium.devtools.CdpVersionFinder findNearestMatch
WARNING: Unable to find CDP implementation matching 124
Aug 01, 2025 8:56:06 PM org.openqa.selenium.chromium.ChromiumDriver lambda$new$4
WARNING: Unable to find version of CDP to use for 124.0.6367.91. You may need to include a dependency on a specific version of the CDP using something similar to `org.seleniumhq.selenium:selenium-devtools-v86:4.28.1` where the version ("v86") matches the version of the chromium-based browser you're using and the version number of the artifact is the same as Selenium's.
2025-08-01 20:56:06.561 INFO  c.k.k.core.webui.driver.DriverFactory    - sessionId = cb7cf333f0c51252b765b45a11edf705
2025-08-01 20:56:06.562 INFO  c.k.k.core.webui.driver.DriverFactory    - browser = Chrome 124.0.6367.91
2025-08-01 20:56:06.562 INFO  c.k.k.core.webui.driver.DriverFactory    - platform = Windows 11
2025-08-01 20:56:06.563 INFO  c.k.k.core.webui.driver.DriverFactory    - seleniumVersion = 4.28.1
2025-08-01 20:56:06.563 INFO  c.k.k.core.webui.driver.DriverFactory    - proxyInformation = ProxyInformation { proxyOption=NO_PROXY, proxyServerType=HTTP, username=, password=********, proxyServerAddress=, proxyServerPort=0, executionList="", isApplyToDesiredCapabilities=true }
2025-08-01 20:56:06.573 DEBUG testcase.SignIn                          - 2: navigateToUrl("http://localhost:4200/#/")
2025-08-01 20:56:07.174 DEBUG testcase.SignIn                          - 3: verifyElementVisible(findTestObject("Object Repository/SUT_SignIn/Page_Practice Software Testing - Toolshop -_8413b3/a_Sign in"))
2025-08-01 20:56:07.653 DEBUG testcase.SignIn                          - 4: click(findTestObject("Object Repository/SUT_SignIn/Page_Practice Software Testing - Toolshop -_8413b3/a_Sign in"))
2025-08-01 20:56:07.946 DEBUG testcase.SignIn                          - 5: setText(findTestObject("Object Repository/SUT_SignIn/Page_Practice Software Testing - Toolshop -_8413b3/input_Login_email"), email)
2025-08-01 20:56:08.737 DEBUG testcase.SignIn                          - 6: setText(findTestObject("Object Repository/SUT_SignIn/Page_Practice Software Testing - Toolshop -_8413b3/input_Login_password"), password)
2025-08-01 20:56:09.251 DEBUG testcase.SignIn                          - 7: verifyElementVisible(findTestObject("Object Repository/SUT_SignIn/Page_Practice Software Testing - Toolshop -_8413b3/input_Login_btnSubmit"))
2025-08-01 20:56:09.489 DEBUG testcase.SignIn                          - 8: click(findTestObject("Object Repository/SUT_SignIn/Page_Practice Software Testing - Toolshop -_8413b3/input_Login_btnSubmit"))
2025-08-01 20:56:09.757 DEBUG testcase.SignIn                          - 9: verifyElementNotPresent(findTestObject("SUT_SignIn/Page_Practice Software Testing - Toolshop -_8413b3/div_Invalid email or password_1"), 0)
2025-08-01 20:56:09.761 WARN  c.kms.katalon.core.helper.KeywordHelper  - Timeout '0' is invalid. Using default page load timeout: '30'
2025-08-01 20:56:10.556 DEBUG testcase.SignIn                          - 10: verifyElementVisible(findTestObject("Object Repository/SUT_SignIn/Page_Practice Software Testing - Toolshop -_8413b3/h1_My account"))
2025-08-01 20:56:10.809 DEBUG testcase.SignIn                          - 11: verifyElementText(findTestObject("Object Repository/SUT_SignIn/Page_Practice Software Testing - Toolshop -_8413b3/a_User Data not found"), firstName + " " + lastName)
2025-08-01 20:56:11.128 ERROR c.k.k.core.keyword.internal.KeywordMain  - ❌ Actual text 'User Data not found' and expected text 'Jack Howe' of test object 'Object Repository/SUT_SignIn/Page_Practice Software Testing - Toolshop -_8413b3/a_User Data not found' are NOT matched. (Root cause: com.kms.katalon.core.exception.StepFailedException: Actual text 'User Data not found' and expected text 'Jack Howe' of test object 'Object Repository/SUT_SignIn/Page_Practice Software Testing - Toolshop -_8413b3/a_User Data not found' are NOT matched.
	at com.kms.katalon.core.webui.keyword.internal.WebUIKeywordMain.stepFailed(WebUIKeywordMain.groovy:118)
	at com.kms.katalon.core.webui.keyword.builtin.VerifyElementTextKeyword$_verifyElementText_closure1.doCall(VerifyElementTextKeyword.groovy:57)
	at com.kms.katalon.core.webui.keyword.builtin.VerifyElementTextKeyword$_verifyElementText_closure1.call(VerifyElementTextKeyword.groovy)
	at com.kms.katalon.core.webui.keyword.internal.WebUIKeywordMain.runKeyword(WebUIKeywordMain.groovy:35)
	at com.kms.katalon.core.webui.keyword.builtin.VerifyElementTextKeyword.verifyElementText(VerifyElementTextKeyword.groovy:72)
	at com.kms.katalon.core.webui.keyword.builtin.VerifyElementTextKeyword.execute(VerifyElementTextKeyword.groovy:40)
	at com.kms.katalon.core.keyword.internal.KeywordExecutor.executeKeywordForPlatform(KeywordExecutor.groovy:64)
	at com.kms.katalon.core.webui.keyword.WebUiBuiltInKeywords.verifyElementText(WebUiBuiltInKeywords.groovy:4994)
	at SignIn.run(SignIn:44)
	at com.kms.katalon.core.main.ScriptEngine.run(ScriptEngine.java:194)
	at com.kms.katalon.core.main.ScriptEngine.runScriptAsRawText(ScriptEngine.java:119)
	at com.kms.katalon.core.main.TestCaseExecutor.runScript(TestCaseExecutor.java:485)
	at com.kms.katalon.core.main.TestCaseExecutor.doExecute(TestCaseExecutor.java:476)
	at com.kms.katalon.core.main.TestCaseExecutor.processExecutionPhase(TestCaseExecutor.java:455)
	at com.kms.katalon.core.main.TestCaseExecutor.accessMainPhase(TestCaseExecutor.java:447)
	at com.kms.katalon.core.main.TestCaseExecutor.execute(TestCaseExecutor.java:321)
	at com.kms.katalon.core.main.TestCaseExecutor.execute(TestCaseExecutor.java:405)
	at com.kms.katalon.core.common.CommonExecutor.accessTestCaseMainPhase(CommonExecutor.java:71)
	at com.kms.katalon.core.main.TestSuiteExecutor.accessTestSuiteMainPhase(TestSuiteExecutor.java:160)
	at com.kms.katalon.core.main.TestSuiteExecutor.execute(TestSuiteExecutor.java:107)
	at com.kms.katalon.core.main.TestCaseMain.startTestSuite(TestCaseMain.java:195)
	at TempTestSuite1754056456079.run(TempTestSuite1754056456079.groovy:35)
	at java.base/jdk.internal.reflect.NativeMethodAccessorImpl.invoke0(Native Method)
	at java.base/jdk.internal.reflect.NativeMethodAccessorImpl.invoke(NativeMethodAccessorImpl.java:77)
	at java.base/jdk.internal.reflect.DelegatingMethodAccessorImpl.invoke(DelegatingMethodAccessorImpl.java:43)
)
2025-08-01 20:56:11.189 ERROR c.k.k.core.keyword.internal.KeywordMain  - ❌ Verify element text of test object 'Object Repository/SUT_SignIn/Page_Practice Software Testing - Toolshop -_8413b3/a_User Data not found' FAILED. (Root cause: com.kms.katalon.core.exception.StepFailedException: Verify element text of test object 'Object Repository/SUT_SignIn/Page_Practice Software Testing - Toolshop -_8413b3/a_User Data not found' FAILED.
	at com.kms.katalon.core.webui.keyword.internal.WebUIKeywordMain.stepFailed(WebUIKeywordMain.groovy:118)
	at com.kms.katalon.core.webui.keyword.internal.WebUIKeywordMain.runKeyword(WebUIKeywordMain.groovy:43)
	at com.kms.katalon.core.webui.keyword.builtin.VerifyElementTextKeyword.verifyElementText(VerifyElementTextKeyword.groovy:72)
	at com.kms.katalon.core.webui.keyword.builtin.VerifyElementTextKeyword.execute(VerifyElementTextKeyword.groovy:40)
	at com.kms.katalon.core.keyword.internal.KeywordExecutor.executeKeywordForPlatform(KeywordExecutor.groovy:64)
	at com.kms.katalon.core.webui.keyword.WebUiBuiltInKeywords.verifyElementText(WebUiBuiltInKeywords.groovy:4994)
	at SignIn.run(SignIn:44)
	at com.kms.katalon.core.main.ScriptEngine.run(ScriptEngine.java:194)
	at com.kms.katalon.core.main.ScriptEngine.runScriptAsRawText(ScriptEngine.java:119)
	at com.kms.katalon.core.main.TestCaseExecutor.runScript(TestCaseExecutor.java:485)
	at com.kms.katalon.core.main.TestCaseExecutor.doExecute(TestCaseExecutor.java:476)
	at com.kms.katalon.core.main.TestCaseExecutor.processExecutionPhase(TestCaseExecutor.java:455)
	at com.kms.katalon.core.main.TestCaseExecutor.accessMainPhase(TestCaseExecutor.java:447)
	at com.kms.katalon.core.main.TestCaseExecutor.execute(TestCaseExecutor.java:321)
	at com.kms.katalon.core.main.TestCaseExecutor.execute(TestCaseExecutor.java:405)
	at com.kms.katalon.core.common.CommonExecutor.accessTestCaseMainPhase(CommonExecutor.java:71)
	at com.kms.katalon.core.main.TestSuiteExecutor.accessTestSuiteMainPhase(TestSuiteExecutor.java:160)
	at com.kms.katalon.core.main.TestSuiteExecutor.execute(TestSuiteExecutor.java:107)
	at com.kms.katalon.core.main.TestCaseMain.startTestSuite(TestCaseMain.java:195)
	at TempTestSuite1754056456079.run(TempTestSuite1754056456079.groovy:35)
	at java.base/jdk.internal.reflect.NativeMethodAccessorImpl.invoke0(Native Method)
	at java.base/jdk.internal.reflect.NativeMethodAccessorImpl.invoke(NativeMethodAccessorImpl.java:77)
	at java.base/jdk.internal.reflect.DelegatingMethodAccessorImpl.invoke(DelegatingMethodAccessorImpl.java:43)
Caused by: com.kms.katalon.core.exception.StepFailedException: Actual text 'User Data not found' and expected text 'Jack Howe' of test object 'Object Repository/SUT_SignIn/Page_Practice Software Testing - Toolshop -_8413b3/a_User Data not found' are NOT matched.
	at com.kms.katalon.core.webui.keyword.internal.WebUIKeywordMain.stepFailed(WebUIKeywordMain.groovy:118)
	at com.kms.katalon.core.webui.keyword.builtin.VerifyElementTextKeyword$_verifyElementText_closure1.doCall(VerifyElementTextKeyword.groovy:57)
	at com.kms.katalon.core.webui.keyword.builtin.VerifyElementTextKeyword$_verifyElementText_closure1.call(VerifyElementTextKeyword.groovy)
	at com.kms.katalon.core.webui.keyword.internal.WebUIKeywordMain.runKeyword(WebUIKeywordMain.groovy:35)
	... 21 more
)
2025-08-01 20:56:11.190 ERROR c.k.katalon.core.main.TestCaseExecutor   - ❌ Test Cases/SignIn FAILED.
Reason:
com.kms.katalon.core.exception.StepFailedException: Verify element text of test object 'Object Repository/SUT_SignIn/Page_Practice Software Testing - Toolshop -_8413b3/a_User Data not found' FAILED.
	at com.kms.katalon.core.webui.keyword.internal.WebUIKeywordMain.stepFailed(WebUIKeywordMain.groovy:118)
	at com.kms.katalon.core.webui.keyword.internal.WebUIKeywordMain.runKeyword(WebUIKeywordMain.groovy:43)
	at com.kms.katalon.core.webui.keyword.builtin.VerifyElementTextKeyword.verifyElementText(VerifyElementTextKeyword.groovy:72)
	at com.kms.katalon.core.webui.keyword.builtin.VerifyElementTextKeyword.execute(VerifyElementTextKeyword.groovy:40)
	at com.kms.katalon.core.keyword.internal.KeywordExecutor.executeKeywordForPlatform(KeywordExecutor.groovy:64)
	at com.kms.katalon.core.webui.keyword.WebUiBuiltInKeywords.verifyElementText(WebUiBuiltInKeywords.groovy:4994)
	at SignIn.run(SignIn:44)
	at com.kms.katalon.core.main.ScriptEngine.run(ScriptEngine.java:194)
	at com.kms.katalon.core.main.ScriptEngine.runScriptAsRawText(ScriptEngine.java:119)
	at com.kms.katalon.core.main.TestCaseExecutor.runScript(TestCaseExecutor.java:485)
	at com.kms.katalon.core.main.TestCaseExecutor.doExecute(TestCaseExecutor.java:476)
	at com.kms.katalon.core.main.TestCaseExecutor.processExecutionPhase(TestCaseExecutor.java:455)
	at com.kms.katalon.core.main.TestCaseExecutor.accessMainPhase(TestCaseExecutor.java:447)
	at com.kms.katalon.core.main.TestCaseExecutor.execute(TestCaseExecutor.java:321)
	at com.kms.katalon.core.main.TestCaseExecutor.execute(TestCaseExecutor.java:405)
	at com.kms.katalon.core.common.CommonExecutor.accessTestCaseMainPhase(CommonExecutor.java:71)
	at com.kms.katalon.core.main.TestSuiteExecutor.accessTestSuiteMainPhase(TestSuiteExecutor.java:160)
	at com.kms.katalon.core.main.TestSuiteExecutor.execute(TestSuiteExecutor.java:107)
	at com.kms.katalon.core.main.TestCaseMain.startTestSuite(TestCaseMain.java:195)
	at TempTestSuite1754056456079.run(TempTestSuite1754056456079.groovy:35)
	at java.base/jdk.internal.reflect.NativeMethodAccessorImpl.invoke0(Native Method)
	at java.base/jdk.internal.reflect.NativeMethodAccessorImpl.invoke(NativeMethodAccessorImpl.java:77)
	at java.base/jdk.internal.reflect.DelegatingMethodAccessorImpl.invoke(DelegatingMethodAccessorImpl.java:43)
Caused by: com.kms.katalon.core.exception.StepFailedException: Actual text 'User Data not found' and expected text 'Jack Howe' of test object 'Object Repository/SUT_SignIn/Page_Practice Software Testing - Toolshop -_8413b3/a_User Data not found' are NOT matched.
	at com.kms.katalon.core.webui.keyword.internal.WebUIKeywordMain.stepFailed(WebUIKeywordMain.groovy:118)
	at com.kms.katalon.core.webui.keyword.builtin.VerifyElementTextKeyword$_verifyElementText_closure1.doCall(VerifyElementTextKeyword.groovy:57)
	at com.kms.katalon.core.webui.keyword.builtin.VerifyElementTextKeyword$_verifyElementText_closure1.call(VerifyElementTextKeyword.groovy)
	at com.kms.katalon.core.webui.keyword.internal.WebUIKeywordMain.runKeyword(WebUIKeywordMain.groovy:35)
	... 21 more

2025-08-01 20:56:11.191 INFO  c.k.katalon.core.main.TestCaseExecutor   - END Test Cases/SignIn
2025-08-01 20:56:11.193 INFO  c.k.katalon.core.main.TestCaseExecutor   - --------------------
2025-08-01 20:56:11.194 INFO  c.k.katalon.core.main.TestCaseExecutor   - START Test Cases/SignIn
2025-08-01 20:56:11.200 INFO  c.k.katalon.core.main.TestCaseExecutor   - firstName = Jack
2025-08-01 20:56:11.201 INFO  c.k.katalon.core.main.TestCaseExecutor   - lastName = Howe
2025-08-01 20:56:11.201 INFO  c.k.katalon.core.main.TestCaseExecutor   - role = user
2025-08-01 20:56:11.201 INFO  c.k.katalon.core.main.TestCaseExecutor   - email = customer2@practicesoftwaretesting.com
2025-08-01 20:56:11.201 INFO  c.k.katalon.core.main.TestCaseExecutor   - password = welcome01
2025-08-01 20:56:11.202 DEBUG testcase.SignIn                          - 1: openBrowser("")
2025-08-01 20:56:11.204 WARN  c.k.k.core.webui.driver.DriverFactory    - A browser is already opened. Closing browser and opening a new one
2025-08-01 20:56:11.335 INFO  c.k.k.core.webui.driver.DriverFactory    - Starting 'Chrome' driver
2025-08-01 20:56:11.336 INFO  c.k.k.core.webui.driver.DriverFactory    - Action delay is set to 0 milliseconds
Aug 01, 2025 8:56:12 PM org.openqa.selenium.devtools.CdpVersionFinder findNearestMatch
WARNING: Unable to find CDP implementation matching 124
Aug 01, 2025 8:56:12 PM org.openqa.selenium.chromium.ChromiumDriver lambda$new$4
WARNING: Unable to find version of CDP to use for 124.0.6367.91. You may need to include a dependency on a specific version of the CDP using something similar to `org.seleniumhq.selenium:selenium-devtools-v86:4.28.1` where the version ("v86") matches the version of the chromium-based browser you're using and the version number of the artifact is the same as Selenium's.
2025-08-01 20:56:12.607 INFO  c.k.k.core.webui.driver.DriverFactory    - sessionId = de3744f13901d2a4767cbad784730284
2025-08-01 20:56:12.607 INFO  c.k.k.core.webui.driver.DriverFactory    - browser = Chrome 124.0.6367.91
2025-08-01 20:56:12.608 INFO  c.k.k.core.webui.driver.DriverFactory    - platform = Windows 11
2025-08-01 20:56:12.608 INFO  c.k.k.core.webui.driver.DriverFactory    - seleniumVersion = 4.28.1
2025-08-01 20:56:12.609 INFO  c.k.k.core.webui.driver.DriverFactory    - proxyInformation = ProxyInformation { proxyOption=NO_PROXY, proxyServerType=HTTP, username=, password=********, proxyServerAddress=, proxyServerPort=0, executionList="", isApplyToDesiredCapabilities=true }
2025-08-01 20:56:12.617 DEBUG testcase.SignIn                          - 2: navigateToUrl("http://localhost:4200/#/")
2025-08-01 20:56:13.206 DEBUG testcase.SignIn                          - 3: verifyElementVisible(findTestObject("Object Repository/SUT_SignIn/Page_Practice Software Testing - Toolshop -_8413b3/a_Sign in"))
2025-08-01 20:56:13.696 DEBUG testcase.SignIn                          - 4: click(findTestObject("Object Repository/SUT_SignIn/Page_Practice Software Testing - Toolshop -_8413b3/a_Sign in"))
2025-08-01 20:56:13.980 DEBUG testcase.SignIn                          - 5: setText(findTestObject("Object Repository/SUT_SignIn/Page_Practice Software Testing - Toolshop -_8413b3/input_Login_email"), email)
2025-08-01 20:56:14.778 DEBUG testcase.SignIn                          - 6: setText(findTestObject("Object Repository/SUT_SignIn/Page_Practice Software Testing - Toolshop -_8413b3/input_Login_password"), password)
2025-08-01 20:56:15.320 DEBUG testcase.SignIn                          - 7: verifyElementVisible(findTestObject("Object Repository/SUT_SignIn/Page_Practice Software Testing - Toolshop -_8413b3/input_Login_btnSubmit"))
2025-08-01 20:56:15.567 DEBUG testcase.SignIn                          - 8: click(findTestObject("Object Repository/SUT_SignIn/Page_Practice Software Testing - Toolshop -_8413b3/input_Login_btnSubmit"))
2025-08-01 20:56:15.845 DEBUG testcase.SignIn                          - 9: verifyElementNotPresent(findTestObject("SUT_SignIn/Page_Practice Software Testing - Toolshop -_8413b3/div_Invalid email or password_1"), 0)
2025-08-01 20:56:15.849 WARN  c.kms.katalon.core.helper.KeywordHelper  - Timeout '0' is invalid. Using default page load timeout: '30'
2025-08-01 20:56:16.653 DEBUG testcase.SignIn                          - 10: verifyElementVisible(findTestObject("Object Repository/SUT_SignIn/Page_Practice Software Testing - Toolshop -_8413b3/h1_My account"))
2025-08-01 20:56:16.905 DEBUG testcase.SignIn                          - 11: verifyElementText(findTestObject("Object Repository/SUT_SignIn/Page_Practice Software Testing - Toolshop -_8413b3/a_User Data not found"), firstName + " " + lastName)
2025-08-01 20:56:17.229 ERROR c.k.k.core.keyword.internal.KeywordMain  - ❌ Actual text 'User Data not found' and expected text 'Jack Howe' of test object 'Object Repository/SUT_SignIn/Page_Practice Software Testing - Toolshop -_8413b3/a_User Data not found' are NOT matched. (Root cause: com.kms.katalon.core.exception.StepFailedException: Actual text 'User Data not found' and expected text 'Jack Howe' of test object 'Object Repository/SUT_SignIn/Page_Practice Software Testing - Toolshop -_8413b3/a_User Data not found' are NOT matched.
	at com.kms.katalon.core.webui.keyword.internal.WebUIKeywordMain.stepFailed(WebUIKeywordMain.groovy:118)
	at com.kms.katalon.core.webui.keyword.builtin.VerifyElementTextKeyword$_verifyElementText_closure1.doCall(VerifyElementTextKeyword.groovy:57)
	at com.kms.katalon.core.webui.keyword.builtin.VerifyElementTextKeyword$_verifyElementText_closure1.call(VerifyElementTextKeyword.groovy)
	at com.kms.katalon.core.webui.keyword.internal.WebUIKeywordMain.runKeyword(WebUIKeywordMain.groovy:35)
	at com.kms.katalon.core.webui.keyword.builtin.VerifyElementTextKeyword.verifyElementText(VerifyElementTextKeyword.groovy:72)
	at com.kms.katalon.core.webui.keyword.builtin.VerifyElementTextKeyword.execute(VerifyElementTextKeyword.groovy:40)
	at com.kms.katalon.core.keyword.internal.KeywordExecutor.executeKeywordForPlatform(KeywordExecutor.groovy:64)
	at com.kms.katalon.core.webui.keyword.WebUiBuiltInKeywords.verifyElementText(WebUiBuiltInKeywords.groovy:4994)
	at SignIn.run(SignIn:44)
	at com.kms.katalon.core.main.ScriptEngine.run(ScriptEngine.java:194)
	at com.kms.katalon.core.main.ScriptEngine.runScriptAsRawText(ScriptEngine.java:119)
	at com.kms.katalon.core.main.TestCaseExecutor.runScript(TestCaseExecutor.java:485)
	at com.kms.katalon.core.main.TestCaseExecutor.doExecute(TestCaseExecutor.java:476)
	at com.kms.katalon.core.main.TestCaseExecutor.processExecutionPhase(TestCaseExecutor.java:455)
	at com.kms.katalon.core.main.TestCaseExecutor.accessMainPhase(TestCaseExecutor.java:447)
	at com.kms.katalon.core.main.TestCaseExecutor.execute(TestCaseExecutor.java:321)
	at com.kms.katalon.core.main.TestCaseExecutor.execute(TestCaseExecutor.java:405)
	at com.kms.katalon.core.main.TestCaseExecutor.execute(TestCaseExecutor.java:405)
	at com.kms.katalon.core.common.CommonExecutor.accessTestCaseMainPhase(CommonExecutor.java:71)
	at com.kms.katalon.core.main.TestSuiteExecutor.accessTestSuiteMainPhase(TestSuiteExecutor.java:160)
	at com.kms.katalon.core.main.TestSuiteExecutor.execute(TestSuiteExecutor.java:107)
	at com.kms.katalon.core.main.TestCaseMain.startTestSuite(TestCaseMain.java:195)
	at TempTestSuite1754056456079.run(TempTestSuite1754056456079.groovy:35)
	at java.base/jdk.internal.reflect.NativeMethodAccessorImpl.invoke0(Native Method)
	at java.base/jdk.internal.reflect.NativeMethodAccessorImpl.invoke(NativeMethodAccessorImpl.java:77)
	at java.base/jdk.internal.reflect.DelegatingMethodAccessorImpl.invoke(DelegatingMethodAccessorImpl.java:43)
)
2025-08-01 20:56:17.291 ERROR c.k.k.core.keyword.internal.KeywordMain  - ❌ Verify element text of test object 'Object Repository/SUT_SignIn/Page_Practice Software Testing - Toolshop -_8413b3/a_User Data not found' FAILED. (Root cause: com.kms.katalon.core.exception.StepFailedException: Verify element text of test object 'Object Repository/SUT_SignIn/Page_Practice Software Testing - Toolshop -_8413b3/a_User Data not found' FAILED.
	at com.kms.katalon.core.webui.keyword.internal.WebUIKeywordMain.stepFailed(WebUIKeywordMain.groovy:118)
	at com.kms.katalon.core.webui.keyword.internal.WebUIKeywordMain.runKeyword(WebUIKeywordMain.groovy:43)
	at com.kms.katalon.core.webui.keyword.builtin.VerifyElementTextKeyword.verifyElementText(VerifyElementTextKeyword.groovy:72)
	at com.kms.katalon.core.webui.keyword.builtin.VerifyElementTextKeyword.execute(VerifyElementTextKeyword.groovy:40)
	at com.kms.katalon.core.keyword.internal.KeywordExecutor.executeKeywordForPlatform(KeywordExecutor.groovy:64)
	at com.kms.katalon.core.webui.keyword.WebUiBuiltInKeywords.verifyElementText(WebUiBuiltInKeywords.groovy:4994)
	at SignIn.run(SignIn:44)
	at com.kms.katalon.core.main.ScriptEngine.run(ScriptEngine.java:194)
	at com.kms.katalon.core.main.ScriptEngine.runScriptAsRawText(ScriptEngine.java:119)
	at com.kms.katalon.core.main.TestCaseExecutor.runScript(TestCaseExecutor.java:485)
	at com.kms.katalon.core.main.TestCaseExecutor.doExecute(TestCaseExecutor.java:476)
	at com.kms.katalon.core.main.TestCaseExecutor.processExecutionPhase(TestCaseExecutor.java:455)
	at com.kms.katalon.core.main.TestCaseExecutor.accessMainPhase(TestCaseExecutor.java:447)
	at com.kms.katalon.core.main.TestCaseExecutor.execute(TestCaseExecutor.java:321)
	at com.kms.katalon.core.main.TestCaseExecutor.execute(TestCaseExecutor.java:405)
	at com.kms.katalon.core.main.TestCaseExecutor.execute(TestCaseExecutor.java:405)
	at com.kms.katalon.core.common.CommonExecutor.accessTestCaseMainPhase(CommonExecutor.java:71)
	at com.kms.katalon.core.main.TestSuiteExecutor.accessTestSuiteMainPhase(TestSuiteExecutor.java:160)
	at com.kms.katalon.core.main.TestSuiteExecutor.execute(TestSuiteExecutor.java:107)
	at com.kms.katalon.core.main.TestCaseMain.startTestSuite(TestCaseMain.java:195)
	at TempTestSuite1754056456079.run(TempTestSuite1754056456079.groovy:35)
	at java.base/jdk.internal.reflect.NativeMethodAccessorImpl.invoke0(Native Method)
	at java.base/jdk.internal.reflect.NativeMethodAccessorImpl.invoke(NativeMethodAccessorImpl.java:77)
	at java.base/jdk.internal.reflect.DelegatingMethodAccessorImpl.invoke(DelegatingMethodAccessorImpl.java:43)
Caused by: com.kms.katalon.core.exception.StepFailedException: Actual text 'User Data not found' and expected text 'Jack Howe' of test object 'Object Repository/SUT_SignIn/Page_Practice Software Testing - Toolshop -_8413b3/a_User Data not found' are NOT matched.
	at com.kms.katalon.core.webui.keyword.internal.WebUIKeywordMain.stepFailed(WebUIKeywordMain.groovy:118)
	at com.kms.katalon.core.webui.keyword.builtin.VerifyElementTextKeyword$_verifyElementText_closure1.doCall(VerifyElementTextKeyword.groovy:57)
	at com.kms.katalon.core.webui.keyword.builtin.VerifyElementTextKeyword$_verifyElementText_closure1.call(VerifyElementTextKeyword.groovy)
	at com.kms.katalon.core.webui.keyword.internal.WebUIKeywordMain.runKeyword(WebUIKeywordMain.groovy:35)
	... 22 more
)
2025-08-01 20:56:17.292 ERROR c.k.katalon.core.main.TestCaseExecutor   - ❌ Test Cases/SignIn FAILED.
Reason:
com.kms.katalon.core.exception.StepFailedException: Verify element text of test object 'Object Repository/SUT_SignIn/Page_Practice Software Testing - Toolshop -_8413b3/a_User Data not found' FAILED.
	at com.kms.katalon.core.webui.keyword.internal.WebUIKeywordMain.stepFailed(WebUIKeywordMain.groovy:118)
	at com.kms.katalon.core.webui.keyword.internal.WebUIKeywordMain.runKeyword(WebUIKeywordMain.groovy:43)
	at com.kms.katalon.core.webui.keyword.builtin.VerifyElementTextKeyword.verifyElementText(VerifyElementTextKeyword.groovy:72)
	at com.kms.katalon.core.webui.keyword.builtin.VerifyElementTextKeyword.execute(VerifyElementTextKeyword.groovy:40)
	at com.kms.katalon.core.keyword.internal.KeywordExecutor.executeKeywordForPlatform(KeywordExecutor.groovy:64)
	at com.kms.katalon.core.webui.keyword.WebUiBuiltInKeywords.verifyElementText(WebUiBuiltInKeywords.groovy:4994)
	at SignIn.run(SignIn:44)
	at com.kms.katalon.core.main.ScriptEngine.run(ScriptEngine.java:194)
	at com.kms.katalon.core.main.ScriptEngine.runScriptAsRawText(ScriptEngine.java:119)
	at com.kms.katalon.core.main.TestCaseExecutor.runScript(TestCaseExecutor.java:485)
	at com.kms.katalon.core.main.TestCaseExecutor.doExecute(TestCaseExecutor.java:476)
	at com.kms.katalon.core.main.TestCaseExecutor.processExecutionPhase(TestCaseExecutor.java:455)
	at com.kms.katalon.core.main.TestCaseExecutor.accessMainPhase(TestCaseExecutor.java:447)
	at com.kms.katalon.core.main.TestCaseExecutor.execute(TestCaseExecutor.java:321)
	at com.kms.katalon.core.main.TestCaseExecutor.execute(TestCaseExecutor.java:405)
	at com.kms.katalon.core.main.TestCaseExecutor.execute(TestCaseExecutor.java:405)
	at com.kms.katalon.core.common.CommonExecutor.accessTestCaseMainPhase(CommonExecutor.java:71)
	at com.kms.katalon.core.main.TestSuiteExecutor.accessTestSuiteMainPhase(TestSuiteExecutor.java:160)
	at com.kms.katalon.core.main.TestSuiteExecutor.execute(TestSuiteExecutor.java:107)
	at com.kms.katalon.core.main.TestCaseMain.startTestSuite(TestCaseMain.java:195)
	at TempTestSuite1754056456079.run(TempTestSuite1754056456079.groovy:35)
	at java.base/jdk.internal.reflect.NativeMethodAccessorImpl.invoke0(Native Method)
	at java.base/jdk.internal.reflect.NativeMethodAccessorImpl.invoke(NativeMethodAccessorImpl.java:77)
	at java.base/jdk.internal.reflect.DelegatingMethodAccessorImpl.invoke(DelegatingMethodAccessorImpl.java:43)
Caused by: com.kms.katalon.core.exception.StepFailedException: Actual text 'User Data not found' and expected text 'Jack Howe' of test object 'Object Repository/SUT_SignIn/Page_Practice Software Testing - Toolshop -_8413b3/a_User Data not found' are NOT matched.
	at com.kms.katalon.core.webui.keyword.internal.WebUIKeywordMain.stepFailed(WebUIKeywordMain.groovy:118)
	at com.kms.katalon.core.webui.keyword.builtin.VerifyElementTextKeyword$_verifyElementText_closure1.doCall(VerifyElementTextKeyword.groovy:57)
	at com.kms.katalon.core.webui.keyword.builtin.VerifyElementTextKeyword$_verifyElementText_closure1.call(VerifyElementTextKeyword.groovy)
	at com.kms.katalon.core.webui.keyword.internal.WebUIKeywordMain.runKeyword(WebUIKeywordMain.groovy:35)
	... 22 more

2025-08-01 20:56:17.294 INFO  c.k.katalon.core.main.TestCaseExecutor   - END Test Cases/SignIn
2025-08-01 20:56:17.296 INFO  c.k.katalon.core.main.TestCaseExecutor   - --------------------
2025-08-01 20:56:17.296 INFO  c.k.katalon.core.main.TestCaseExecutor   - START Test Cases/SignIn
2025-08-01 20:56:17.303 INFO  c.k.katalon.core.main.TestCaseExecutor   - firstName = Jack
2025-08-01 20:56:17.303 INFO  c.k.katalon.core.main.TestCaseExecutor   - lastName = Howe
2025-08-01 20:56:17.303 INFO  c.k.katalon.core.main.TestCaseExecutor   - role = user
2025-08-01 20:56:17.303 INFO  c.k.katalon.core.main.TestCaseExecutor   - email = customer2@practicesoftwaretesting.com
2025-08-01 20:56:17.303 INFO  c.k.katalon.core.main.TestCaseExecutor   - password = welcome01
2025-08-01 20:56:17.304 DEBUG testcase.SignIn                          - 1: openBrowser("")
2025-08-01 20:56:17.306 WARN  c.k.k.core.webui.driver.DriverFactory    - A browser is already opened. Closing browser and opening a new one
2025-08-01 20:56:17.452 INFO  c.k.k.core.webui.driver.DriverFactory    - Starting 'Chrome' driver
2025-08-01 20:56:17.454 INFO  c.k.k.core.webui.driver.DriverFactory    - Action delay is set to 0 milliseconds
Aug 01, 2025 8:56:18 PM org.openqa.selenium.devtools.CdpVersionFinder findNearestMatch
WARNING: Unable to find CDP implementation matching 124
Aug 01, 2025 8:56:18 PM org.openqa.selenium.chromium.ChromiumDriver lambda$new$4
WARNING: Unable to find version of CDP to use for 124.0.6367.91. You may need to include a dependency on a specific version of the CDP using something similar to `org.seleniumhq.selenium:selenium-devtools-v86:4.28.1` where the version ("v86") matches the version of the chromium-based browser you're using and the version number of the artifact is the same as Selenium's.
2025-08-01 20:56:18.725 INFO  c.k.k.core.webui.driver.DriverFactory    - sessionId = 27ce5e2ce130f473e3f215e3688cb4c6
2025-08-01 20:56:18.726 INFO  c.k.k.core.webui.driver.DriverFactory    - browser = Chrome 124.0.6367.91
2025-08-01 20:56:18.726 INFO  c.k.k.core.webui.driver.DriverFactory    - platform = Windows 11
2025-08-01 20:56:18.726 INFO  c.k.k.core.webui.driver.DriverFactory    - seleniumVersion = 4.28.1
2025-08-01 20:56:18.727 INFO  c.k.k.core.webui.driver.DriverFactory    - proxyInformation = ProxyInformation { proxyOption=NO_PROXY, proxyServerType=HTTP, username=, password=********, proxyServerAddress=, proxyServerPort=0, executionList="", isApplyToDesiredCapabilities=true }
2025-08-01 20:56:18.735 DEBUG testcase.SignIn                          - 2: navigateToUrl("http://localhost:4200/#/")
2025-08-01 20:56:19.307 DEBUG testcase.SignIn                          - 3: verifyElementVisible(findTestObject("Object Repository/SUT_SignIn/Page_Practice Software Testing - Toolshop -_8413b3/a_Sign in"))
2025-08-01 20:56:19.797 DEBUG testcase.SignIn                          - 4: click(findTestObject("Object Repository/SUT_SignIn/Page_Practice Software Testing - Toolshop -_8413b3/a_Sign in"))
2025-08-01 20:56:20.089 DEBUG testcase.SignIn                          - 5: setText(findTestObject("Object Repository/SUT_SignIn/Page_Practice Software Testing - Toolshop -_8413b3/input_Login_email"), email)
2025-08-01 20:56:20.868 DEBUG testcase.SignIn                          - 6: setText(findTestObject("Object Repository/SUT_SignIn/Page_Practice Software Testing - Toolshop -_8413b3/input_Login_password"), password)
2025-08-01 20:56:21.408 DEBUG testcase.SignIn                          - 7: verifyElementVisible(findTestObject("Object Repository/SUT_SignIn/Page_Practice Software Testing - Toolshop -_8413b3/input_Login_btnSubmit"))
2025-08-01 20:56:21.672 DEBUG testcase.SignIn                          - 8: click(findTestObject("Object Repository/SUT_SignIn/Page_Practice Software Testing - Toolshop -_8413b3/input_Login_btnSubmit"))
2025-08-01 20:56:21.940 DEBUG testcase.SignIn                          - 9: verifyElementNotPresent(findTestObject("SUT_SignIn/Page_Practice Software Testing - Toolshop -_8413b3/div_Invalid email or password_1"), 0)
2025-08-01 20:56:21.943 WARN  c.kms.katalon.core.helper.KeywordHelper  - Timeout '0' is invalid. Using default page load timeout: '30'
2025-08-01 20:56:22.740 DEBUG testcase.SignIn                          - 10: verifyElementVisible(findTestObject("Object Repository/SUT_SignIn/Page_Practice Software Testing - Toolshop -_8413b3/h1_My account"))
2025-08-01 20:56:22.979 DEBUG testcase.SignIn                          - 11: verifyElementText(findTestObject("Object Repository/SUT_SignIn/Page_Practice Software Testing - Toolshop -_8413b3/a_User Data not found"), firstName + " " + lastName)
2025-08-01 20:56:23.308 ERROR c.k.k.core.keyword.internal.KeywordMain  - ❌ Actual text 'User Data not found' and expected text 'Jack Howe' of test object 'Object Repository/SUT_SignIn/Page_Practice Software Testing - Toolshop -_8413b3/a_User Data not found' are NOT matched. (Root cause: com.kms.katalon.core.exception.StepFailedException: Actual text 'User Data not found' and expected text 'Jack Howe' of test object 'Object Repository/SUT_SignIn/Page_Practice Software Testing - Toolshop -_8413b3/a_User Data not found' are NOT matched.
	at com.kms.katalon.core.webui.keyword.internal.WebUIKeywordMain.stepFailed(WebUIKeywordMain.groovy:118)
	at com.kms.katalon.core.webui.keyword.builtin.VerifyElementTextKeyword$_verifyElementText_closure1.doCall(VerifyElementTextKeyword.groovy:57)
	at com.kms.katalon.core.webui.keyword.builtin.VerifyElementTextKeyword$_verifyElementText_closure1.call(VerifyElementTextKeyword.groovy)
	at com.kms.katalon.core.webui.keyword.internal.WebUIKeywordMain.runKeyword(WebUIKeywordMain.groovy:35)
	at com.kms.katalon.core.webui.keyword.builtin.VerifyElementTextKeyword.verifyElementText(VerifyElementTextKeyword.groovy:72)
	at com.kms.katalon.core.webui.keyword.builtin.VerifyElementTextKeyword.execute(VerifyElementTextKeyword.groovy:40)
	at com.kms.katalon.core.keyword.internal.KeywordExecutor.executeKeywordForPlatform(KeywordExecutor.groovy:64)
	at com.kms.katalon.core.webui.keyword.WebUiBuiltInKeywords.verifyElementText(WebUiBuiltInKeywords.groovy:4994)
	at SignIn.run(SignIn:44)
	at com.kms.katalon.core.main.ScriptEngine.run(ScriptEngine.java:194)
	at com.kms.katalon.core.main.ScriptEngine.runScriptAsRawText(ScriptEngine.java:119)
	at com.kms.katalon.core.main.TestCaseExecutor.runScript(TestCaseExecutor.java:485)
	at com.kms.katalon.core.main.TestCaseExecutor.doExecute(TestCaseExecutor.java:476)
	at com.kms.katalon.core.main.TestCaseExecutor.processExecutionPhase(TestCaseExecutor.java:455)
	at com.kms.katalon.core.main.TestCaseExecutor.accessMainPhase(TestCaseExecutor.java:447)
	at com.kms.katalon.core.main.TestCaseExecutor.execute(TestCaseExecutor.java:321)
	at com.kms.katalon.core.main.TestCaseExecutor.execute(TestCaseExecutor.java:405)
	at com.kms.katalon.core.main.TestCaseExecutor.execute(TestCaseExecutor.java:405)
	at com.kms.katalon.core.main.TestCaseExecutor.execute(TestCaseExecutor.java:405)
	at com.kms.katalon.core.common.CommonExecutor.accessTestCaseMainPhase(CommonExecutor.java:71)
	at com.kms.katalon.core.main.TestSuiteExecutor.accessTestSuiteMainPhase(TestSuiteExecutor.java:160)
	at com.kms.katalon.core.main.TestSuiteExecutor.execute(TestSuiteExecutor.java:107)
	at com.kms.katalon.core.main.TestCaseMain.startTestSuite(TestCaseMain.java:195)
	at TempTestSuite1754056456079.run(TempTestSuite1754056456079.groovy:35)
	at java.base/jdk.internal.reflect.NativeMethodAccessorImpl.invoke0(Native Method)
	at java.base/jdk.internal.reflect.NativeMethodAccessorImpl.invoke(NativeMethodAccessorImpl.java:77)
	at java.base/jdk.internal.reflect.DelegatingMethodAccessorImpl.invoke(DelegatingMethodAccessorImpl.java:43)
)
2025-08-01 20:56:23.370 ERROR c.k.k.core.keyword.internal.KeywordMain  - ❌ Verify element text of test object 'Object Repository/SUT_SignIn/Page_Practice Software Testing - Toolshop -_8413b3/a_User Data not found' FAILED. (Root cause: com.kms.katalon.core.exception.StepFailedException: Verify element text of test object 'Object Repository/SUT_SignIn/Page_Practice Software Testing - Toolshop -_8413b3/a_User Data not found' FAILED.
	at com.kms.katalon.core.webui.keyword.internal.WebUIKeywordMain.stepFailed(WebUIKeywordMain.groovy:118)
	at com.kms.katalon.core.webui.keyword.internal.WebUIKeywordMain.runKeyword(WebUIKeywordMain.groovy:43)
	at com.kms.katalon.core.webui.keyword.builtin.VerifyElementTextKeyword.verifyElementText(VerifyElementTextKeyword.groovy:72)
	at com.kms.katalon.core.webui.keyword.builtin.VerifyElementTextKeyword.execute(VerifyElementTextKeyword.groovy:40)
	at com.kms.katalon.core.keyword.internal.KeywordExecutor.executeKeywordForPlatform(KeywordExecutor.groovy:64)
	at com.kms.katalon.core.webui.keyword.WebUiBuiltInKeywords.verifyElementText(WebUiBuiltInKeywords.groovy:4994)
	at SignIn.run(SignIn:44)
	at com.kms.katalon.core.main.ScriptEngine.run(ScriptEngine.java:194)
	at com.kms.katalon.core.main.ScriptEngine.runScriptAsRawText(ScriptEngine.java:119)
	at com.kms.katalon.core.main.TestCaseExecutor.runScript(TestCaseExecutor.java:485)
	at com.kms.katalon.core.main.TestCaseExecutor.doExecute(TestCaseExecutor.java:476)
	at com.kms.katalon.core.main.TestCaseExecutor.processExecutionPhase(TestCaseExecutor.java:455)
	at com.kms.katalon.core.main.TestCaseExecutor.accessMainPhase(TestCaseExecutor.java:447)
	at com.kms.katalon.core.main.TestCaseExecutor.execute(TestCaseExecutor.java:321)
	at com.kms.katalon.core.main.TestCaseExecutor.execute(TestCaseExecutor.java:405)
	at com.kms.katalon.core.main.TestCaseExecutor.execute(TestCaseExecutor.java:405)
	at com.kms.katalon.core.main.TestCaseExecutor.execute(TestCaseExecutor.java:405)
	at com.kms.katalon.core.common.CommonExecutor.accessTestCaseMainPhase(CommonExecutor.java:71)
	at com.kms.katalon.core.main.TestSuiteExecutor.accessTestSuiteMainPhase(TestSuiteExecutor.java:160)
	at com.kms.katalon.core.main.TestSuiteExecutor.execute(TestSuiteExecutor.java:107)
	at com.kms.katalon.core.main.TestCaseMain.startTestSuite(TestCaseMain.java:195)
	at TempTestSuite1754056456079.run(TempTestSuite1754056456079.groovy:35)
	at java.base/jdk.internal.reflect.NativeMethodAccessorImpl.invoke0(Native Method)
	at java.base/jdk.internal.reflect.NativeMethodAccessorImpl.invoke(NativeMethodAccessorImpl.java:77)
	at java.base/jdk.internal.reflect.DelegatingMethodAccessorImpl.invoke(DelegatingMethodAccessorImpl.java:43)
Caused by: com.kms.katalon.core.exception.StepFailedException: Actual text 'User Data not found' and expected text 'Jack Howe' of test object 'Object Repository/SUT_SignIn/Page_Practice Software Testing - Toolshop -_8413b3/a_User Data not found' are NOT matched.
	at com.kms.katalon.core.webui.keyword.internal.WebUIKeywordMain.stepFailed(WebUIKeywordMain.groovy:118)
	at com.kms.katalon.core.webui.keyword.builtin.VerifyElementTextKeyword$_verifyElementText_closure1.doCall(VerifyElementTextKeyword.groovy:57)
	at com.kms.katalon.core.webui.keyword.builtin.VerifyElementTextKeyword$_verifyElementText_closure1.call(VerifyElementTextKeyword.groovy)
	at com.kms.katalon.core.webui.keyword.internal.WebUIKeywordMain.runKeyword(WebUIKeywordMain.groovy:35)
	... 23 more
)
2025-08-01 20:56:23.371 ERROR c.k.katalon.core.main.TestCaseExecutor   - ❌ Test Cases/SignIn FAILED.
Reason:
com.kms.katalon.core.exception.StepFailedException: Verify element text of test object 'Object Repository/SUT_SignIn/Page_Practice Software Testing - Toolshop -_8413b3/a_User Data not found' FAILED.
	at com.kms.katalon.core.webui.keyword.internal.WebUIKeywordMain.stepFailed(WebUIKeywordMain.groovy:118)
	at com.kms.katalon.core.webui.keyword.internal.WebUIKeywordMain.runKeyword(WebUIKeywordMain.groovy:43)
	at com.kms.katalon.core.webui.keyword.builtin.VerifyElementTextKeyword.verifyElementText(VerifyElementTextKeyword.groovy:72)
	at com.kms.katalon.core.webui.keyword.builtin.VerifyElementTextKeyword.execute(VerifyElementTextKeyword.groovy:40)
	at com.kms.katalon.core.keyword.internal.KeywordExecutor.executeKeywordForPlatform(KeywordExecutor.groovy:64)
	at com.kms.katalon.core.webui.keyword.WebUiBuiltInKeywords.verifyElementText(WebUiBuiltInKeywords.groovy:4994)
	at SignIn.run(SignIn:44)
	at com.kms.katalon.core.main.ScriptEngine.run(ScriptEngine.java:194)
	at com.kms.katalon.core.main.ScriptEngine.runScriptAsRawText(ScriptEngine.java:119)
	at com.kms.katalon.core.main.TestCaseExecutor.runScript(TestCaseExecutor.java:485)
	at com.kms.katalon.core.main.TestCaseExecutor.doExecute(TestCaseExecutor.java:476)
	at com.kms.katalon.core.main.TestCaseExecutor.processExecutionPhase(TestCaseExecutor.java:455)
	at com.kms.katalon.core.main.TestCaseExecutor.accessMainPhase(TestCaseExecutor.java:447)
	at com.kms.katalon.core.main.TestCaseExecutor.execute(TestCaseExecutor.java:321)
	at com.kms.katalon.core.main.TestCaseExecutor.execute(TestCaseExecutor.java:405)
	at com.kms.katalon.core.main.TestCaseExecutor.execute(TestCaseExecutor.java:405)
	at com.kms.katalon.core.main.TestCaseExecutor.execute(TestCaseExecutor.java:405)
	at com.kms.katalon.core.common.CommonExecutor.accessTestCaseMainPhase(CommonExecutor.java:71)
	at com.kms.katalon.core.main.TestSuiteExecutor.accessTestSuiteMainPhase(TestSuiteExecutor.java:160)
	at com.kms.katalon.core.main.TestSuiteExecutor.execute(TestSuiteExecutor.java:107)
	at com.kms.katalon.core.main.TestCaseMain.startTestSuite(TestCaseMain.java:195)
	at TempTestSuite1754056456079.run(TempTestSuite1754056456079.groovy:35)
	at java.base/jdk.internal.reflect.NativeMethodAccessorImpl.invoke0(Native Method)
	at java.base/jdk.internal.reflect.NativeMethodAccessorImpl.invoke(NativeMethodAccessorImpl.java:77)
	at java.base/jdk.internal.reflect.DelegatingMethodAccessorImpl.invoke(DelegatingMethodAccessorImpl.java:43)
Caused by: com.kms.katalon.core.exception.StepFailedException: Actual text 'User Data not found' and expected text 'Jack Howe' of test object 'Object Repository/SUT_SignIn/Page_Practice Software Testing - Toolshop -_8413b3/a_User Data not found' are NOT matched.
	at com.kms.katalon.core.webui.keyword.internal.WebUIKeywordMain.stepFailed(WebUIKeywordMain.groovy:118)
	at com.kms.katalon.core.webui.keyword.builtin.VerifyElementTextKeyword$_verifyElementText_closure1.doCall(VerifyElementTextKeyword.groovy:57)
	at com.kms.katalon.core.webui.keyword.builtin.VerifyElementTextKeyword$_verifyElementText_closure1.call(VerifyElementTextKeyword.groovy)
	at com.kms.katalon.core.webui.keyword.internal.WebUIKeywordMain.runKeyword(WebUIKeywordMain.groovy:35)
	... 23 more

2025-08-01 20:56:23.372 INFO  c.k.katalon.core.main.TestCaseExecutor   - END Test Cases/SignIn
2025-08-01 20:56:23.402 INFO  c.k.katalon.core.main.TestCaseExecutor   - --------------------
2025-08-01 20:56:23.402 INFO  c.k.katalon.core.main.TestCaseExecutor   - START Test Cases/SignIn
2025-08-01 20:56:23.410 INFO  c.k.katalon.core.main.TestCaseExecutor   - firstName = Bob
2025-08-01 20:56:23.410 INFO  c.k.katalon.core.main.TestCaseExecutor   - lastName = Smith
2025-08-01 20:56:23.410 INFO  c.k.katalon.core.main.TestCaseExecutor   - role = user
2025-08-01 20:56:23.410 INFO  c.k.katalon.core.main.TestCaseExecutor   - email = customer3@practicesoftwaretesting.com
2025-08-01 20:56:23.410 INFO  c.k.katalon.core.main.TestCaseExecutor   - password = pass123
2025-08-01 20:56:23.411 DEBUG testcase.SignIn                          - 1: openBrowser("")
2025-08-01 20:56:23.412 WARN  c.k.k.core.webui.driver.DriverFactory    - A browser is already opened. Closing browser and opening a new one
2025-08-01 20:56:23.555 INFO  c.k.k.core.webui.driver.DriverFactory    - Starting 'Chrome' driver
2025-08-01 20:56:23.556 INFO  c.k.k.core.webui.driver.DriverFactory    - Action delay is set to 0 milliseconds
Aug 01, 2025 8:56:24 PM org.openqa.selenium.devtools.CdpVersionFinder findNearestMatch
WARNING: Unable to find CDP implementation matching 124
Aug 01, 2025 8:56:24 PM org.openqa.selenium.chromium.ChromiumDriver lambda$new$4
WARNING: Unable to find version of CDP to use for 124.0.6367.91. You may need to include a dependency on a specific version of the CDP using something similar to `org.seleniumhq.selenium:selenium-devtools-v86:4.28.1` where the version ("v86") matches the version of the chromium-based browser you're using and the version number of the artifact is the same as Selenium's.
2025-08-01 20:56:24.799 INFO  c.k.k.core.webui.driver.DriverFactory    - sessionId = 5787eaef3aee448d852e049623bf499c
2025-08-01 20:56:24.800 INFO  c.k.k.core.webui.driver.DriverFactory    - browser = Chrome 124.0.6367.91
2025-08-01 20:56:24.801 INFO  c.k.k.core.webui.driver.DriverFactory    - platform = Windows 11
2025-08-01 20:56:24.801 INFO  c.k.k.core.webui.driver.DriverFactory    - seleniumVersion = 4.28.1
2025-08-01 20:56:24.801 INFO  c.k.k.core.webui.driver.DriverFactory    - proxyInformation = ProxyInformation { proxyOption=NO_PROXY, proxyServerType=HTTP, username=, password=********, proxyServerAddress=, proxyServerPort=0, executionList="", isApplyToDesiredCapabilities=true }
2025-08-01 20:56:24.809 DEBUG testcase.SignIn                          - 2: navigateToUrl("http://localhost:4200/#/")
2025-08-01 20:56:25.414 DEBUG testcase.SignIn                          - 3: verifyElementVisible(findTestObject("Object Repository/SUT_SignIn/Page_Practice Software Testing - Toolshop -_8413b3/a_Sign in"))
2025-08-01 20:56:25.902 DEBUG testcase.SignIn                          - 4: click(findTestObject("Object Repository/SUT_SignIn/Page_Practice Software Testing - Toolshop -_8413b3/a_Sign in"))
2025-08-01 20:56:26.194 DEBUG testcase.SignIn                          - 5: setText(findTestObject("Object Repository/SUT_SignIn/Page_Practice Software Testing - Toolshop -_8413b3/input_Login_email"), email)
2025-08-01 20:56:27.036 DEBUG testcase.SignIn                          - 6: setText(findTestObject("Object Repository/SUT_SignIn/Page_Practice Software Testing - Toolshop -_8413b3/input_Login_password"), password)
2025-08-01 20:56:27.574 DEBUG testcase.SignIn                          - 7: verifyElementVisible(findTestObject("Object Repository/SUT_SignIn/Page_Practice Software Testing - Toolshop -_8413b3/input_Login_btnSubmit"))
2025-08-01 20:56:27.842 DEBUG testcase.SignIn                          - 8: click(findTestObject("Object Repository/SUT_SignIn/Page_Practice Software Testing - Toolshop -_8413b3/input_Login_btnSubmit"))
2025-08-01 20:56:28.106 DEBUG testcase.SignIn                          - 9: verifyElementNotPresent(findTestObject("SUT_SignIn/Page_Practice Software Testing - Toolshop -_8413b3/div_Invalid email or password_1"), 0)
2025-08-01 20:56:28.110 WARN  c.kms.katalon.core.helper.KeywordHelper  - Timeout '0' is invalid. Using default page load timeout: '30'
2025-08-01 20:56:58.440 ERROR c.k.k.core.keyword.internal.KeywordMain  - ❌ Web element with id: 'Object Repository/SUT_SignIn/Page_Practice Software Testing - Toolshop -_8413b3/div_Invalid email or password_1' located by 'By.xpath: (.//*[normalize-space(text()) and normalize-space(.)='Login'])[1]/following::div[6]' is present after '30' second(s) (Root cause: com.kms.katalon.core.exception.StepFailedException: Web element with id: 'Object Repository/SUT_SignIn/Page_Practice Software Testing - Toolshop -_8413b3/div_Invalid email or password_1' located by 'By.xpath: (.//*[normalize-space(text()) and normalize-space(.)='Login'])[1]/following::div[6]' is present after '30' second(s)
	at com.kms.katalon.core.webui.keyword.internal.WebUIKeywordMain.stepFailed(WebUIKeywordMain.groovy:118)
	at com.kms.katalon.core.webui.keyword.internal.WebUIKeywordMain$stepFailed$0.call(Unknown Source)
	at com.kms.katalon.core.webui.keyword.builtin.VerifyElementNotPresentKeyword$_verifyElementNotPresent_closure1.doCall(VerifyElementNotPresentKeyword.groovy:124)
	at com.kms.katalon.core.webui.keyword.builtin.VerifyElementNotPresentKeyword$_verifyElementNotPresent_closure1.doCall(VerifyElementNotPresentKeyword.groovy)
	at java.base/jdk.internal.reflect.NativeMethodAccessorImpl.invoke0(Native Method)
	at java.base/jdk.internal.reflect.NativeMethodAccessorImpl.invoke(NativeMethodAccessorImpl.java:77)
	at java.base/jdk.internal.reflect.DelegatingMethodAccessorImpl.invoke(DelegatingMethodAccessorImpl.java:43)
	at com.kms.katalon.core.webui.keyword.internal.WebUIKeywordMain.runKeyword(WebUIKeywordMain.groovy:35)
	at com.kms.katalon.core.webui.keyword.internal.WebUIKeywordMain$runKeyword.call(Unknown Source)
	at com.kms.katalon.core.webui.keyword.builtin.VerifyElementNotPresentKeyword.verifyElementNotPresent(VerifyElementNotPresentKeyword.groovy:133)
	at com.kms.katalon.core.webui.keyword.builtin.VerifyElementNotPresentKeyword.execute(VerifyElementNotPresentKeyword.groovy:70)
	at com.kms.katalon.core.keyword.internal.KeywordExecutor.executeKeywordForPlatform(KeywordExecutor.groovy:64)
	at com.kms.katalon.core.webui.keyword.WebUiBuiltInKeywords.verifyElementNotPresent(WebUiBuiltInKeywords.groovy:1573)
	at SignIn.run(SignIn:38)
	at com.kms.katalon.core.main.ScriptEngine.run(ScriptEngine.java:194)
	at com.kms.katalon.core.main.ScriptEngine.runScriptAsRawText(ScriptEngine.java:119)
	at com.kms.katalon.core.main.TestCaseExecutor.runScript(TestCaseExecutor.java:485)
	at com.kms.katalon.core.main.TestCaseExecutor.doExecute(TestCaseExecutor.java:476)
	at com.kms.katalon.core.main.TestCaseExecutor.processExecutionPhase(TestCaseExecutor.java:455)
	at com.kms.katalon.core.main.TestCaseExecutor.accessMainPhase(TestCaseExecutor.java:447)
	at com.kms.katalon.core.main.TestCaseExecutor.execute(TestCaseExecutor.java:321)
	at com.kms.katalon.core.common.CommonExecutor.accessTestCaseMainPhase(CommonExecutor.java:71)
	at com.kms.katalon.core.main.TestSuiteExecutor.accessTestSuiteMainPhase(TestSuiteExecutor.java:160)
	at com.kms.katalon.core.main.TestSuiteExecutor.execute(TestSuiteExecutor.java:107)
	at com.kms.katalon.core.main.TestCaseMain.startTestSuite(TestCaseMain.java:195)
	at TempTestSuite1754056456079.run(TempTestSuite1754056456079.groovy:35)
	at java.base/jdk.internal.reflect.NativeMethodAccessorImpl.invoke0(Native Method)
	at java.base/jdk.internal.reflect.NativeMethodAccessorImpl.invoke(NativeMethodAccessorImpl.java:77)
	at java.base/jdk.internal.reflect.DelegatingMethodAccessorImpl.invoke(DelegatingMethodAccessorImpl.java:43)
)
2025-08-01 20:56:58.509 ERROR c.k.k.core.keyword.internal.KeywordMain  - ❌ Unable to verify object 'Object Repository/SUT_SignIn/Page_Practice Software Testing - Toolshop -_8413b3/div_Invalid email or password_1' is not present (Root cause: com.kms.katalon.core.exception.StepFailedException: Unable to verify object 'Object Repository/SUT_SignIn/Page_Practice Software Testing - Toolshop -_8413b3/div_Invalid email or password_1' is not present
	at com.kms.katalon.core.webui.keyword.internal.WebUIKeywordMain.stepFailed(WebUIKeywordMain.groovy:118)
	at com.kms.katalon.core.webui.keyword.internal.WebUIKeywordMain.runKeyword(WebUIKeywordMain.groovy:43)
	at com.kms.katalon.core.webui.keyword.internal.WebUIKeywordMain$runKeyword.call(Unknown Source)
	at com.kms.katalon.core.webui.keyword.builtin.VerifyElementNotPresentKeyword.verifyElementNotPresent(VerifyElementNotPresentKeyword.groovy:133)
	at com.kms.katalon.core.webui.keyword.builtin.VerifyElementNotPresentKeyword.execute(VerifyElementNotPresentKeyword.groovy:70)
	at com.kms.katalon.core.keyword.internal.KeywordExecutor.executeKeywordForPlatform(KeywordExecutor.groovy:64)
	at com.kms.katalon.core.webui.keyword.WebUiBuiltInKeywords.verifyElementNotPresent(WebUiBuiltInKeywords.groovy:1573)
	at SignIn.run(SignIn:38)
	at com.kms.katalon.core.main.ScriptEngine.run(ScriptEngine.java:194)
	at com.kms.katalon.core.main.ScriptEngine.runScriptAsRawText(ScriptEngine.java:119)
	at com.kms.katalon.core.main.TestCaseExecutor.runScript(TestCaseExecutor.java:485)
	at com.kms.katalon.core.main.TestCaseExecutor.doExecute(TestCaseExecutor.java:476)
	at com.kms.katalon.core.main.TestCaseExecutor.processExecutionPhase(TestCaseExecutor.java:455)
	at com.kms.katalon.core.main.TestCaseExecutor.accessMainPhase(TestCaseExecutor.java:447)
	at com.kms.katalon.core.main.TestCaseExecutor.execute(TestCaseExecutor.java:321)
	at com.kms.katalon.core.common.CommonExecutor.accessTestCaseMainPhase(CommonExecutor.java:71)
	at com.kms.katalon.core.main.TestSuiteExecutor.accessTestSuiteMainPhase(TestSuiteExecutor.java:160)
	at com.kms.katalon.core.main.TestSuiteExecutor.execute(TestSuiteExecutor.java:107)
	at com.kms.katalon.core.main.TestCaseMain.startTestSuite(TestCaseMain.java:195)
	at TempTestSuite1754056456079.run(TempTestSuite1754056456079.groovy:35)
	at java.base/jdk.internal.reflect.NativeMethodAccessorImpl.invoke0(Native Method)
	at java.base/jdk.internal.reflect.NativeMethodAccessorImpl.invoke(NativeMethodAccessorImpl.java:77)
	at java.base/jdk.internal.reflect.DelegatingMethodAccessorImpl.invoke(DelegatingMethodAccessorImpl.java:43)
Caused by: com.kms.katalon.core.exception.StepFailedException: Web element with id: 'Object Repository/SUT_SignIn/Page_Practice Software Testing - Toolshop -_8413b3/div_Invalid email or password_1' located by 'By.xpath: (.//*[normalize-space(text()) and normalize-space(.)='Login'])[1]/following::div[6]' is present after '30' second(s)
	at com.kms.katalon.core.webui.keyword.internal.WebUIKeywordMain.stepFailed(WebUIKeywordMain.groovy:118)
	at com.kms.katalon.core.webui.keyword.internal.WebUIKeywordMain$stepFailed$0.call(Unknown Source)
	at com.kms.katalon.core.webui.keyword.builtin.VerifyElementNotPresentKeyword$_verifyElementNotPresent_closure1.doCall(VerifyElementNotPresentKeyword.groovy:124)
	at com.kms.katalon.core.webui.keyword.builtin.VerifyElementNotPresentKeyword$_verifyElementNotPresent_closure1.doCall(VerifyElementNotPresentKeyword.groovy)
	at java.base/jdk.internal.reflect.NativeMethodAccessorImpl.invoke0(Native Method)
	at java.base/jdk.internal.reflect.NativeMethodAccessorImpl.invoke(NativeMethodAccessorImpl.java:77)
	at java.base/jdk.internal.reflect.DelegatingMethodAccessorImpl.invoke(DelegatingMethodAccessorImpl.java:43)
	at com.kms.katalon.core.webui.keyword.internal.WebUIKeywordMain.runKeyword(WebUIKeywordMain.groovy:35)
	... 21 more
)
2025-08-01 20:56:58.510 ERROR c.k.katalon.core.main.TestCaseExecutor   - ❌ Test Cases/SignIn FAILED.
Reason:
com.kms.katalon.core.exception.StepFailedException: Unable to verify object 'Object Repository/SUT_SignIn/Page_Practice Software Testing - Toolshop -_8413b3/div_Invalid email or password_1' is not present
	at com.kms.katalon.core.webui.keyword.internal.WebUIKeywordMain.stepFailed(WebUIKeywordMain.groovy:118)
	at com.kms.katalon.core.webui.keyword.internal.WebUIKeywordMain.runKeyword(WebUIKeywordMain.groovy:43)
	at com.kms.katalon.core.webui.keyword.internal.WebUIKeywordMain$runKeyword.call(Unknown Source)
	at com.kms.katalon.core.webui.keyword.builtin.VerifyElementNotPresentKeyword.verifyElementNotPresent(VerifyElementNotPresentKeyword.groovy:133)
	at com.kms.katalon.core.webui.keyword.builtin.VerifyElementNotPresentKeyword.execute(VerifyElementNotPresentKeyword.groovy:70)
	at com.kms.katalon.core.keyword.internal.KeywordExecutor.executeKeywordForPlatform(KeywordExecutor.groovy:64)
	at com.kms.katalon.core.webui.keyword.WebUiBuiltInKeywords.verifyElementNotPresent(WebUiBuiltInKeywords.groovy:1573)
	at SignIn.run(SignIn:38)
	at com.kms.katalon.core.main.ScriptEngine.run(ScriptEngine.java:194)
	at com.kms.katalon.core.main.ScriptEngine.runScriptAsRawText(ScriptEngine.java:119)
	at com.kms.katalon.core.main.TestCaseExecutor.runScript(TestCaseExecutor.java:485)
	at com.kms.katalon.core.main.TestCaseExecutor.doExecute(TestCaseExecutor.java:476)
	at com.kms.katalon.core.main.TestCaseExecutor.processExecutionPhase(TestCaseExecutor.java:455)
	at com.kms.katalon.core.main.TestCaseExecutor.accessMainPhase(TestCaseExecutor.java:447)
	at com.kms.katalon.core.main.TestCaseExecutor.execute(TestCaseExecutor.java:321)
	at com.kms.katalon.core.common.CommonExecutor.accessTestCaseMainPhase(CommonExecutor.java:71)
	at com.kms.katalon.core.main.TestSuiteExecutor.accessTestSuiteMainPhase(TestSuiteExecutor.java:160)
	at com.kms.katalon.core.main.TestSuiteExecutor.execute(TestSuiteExecutor.java:107)
	at com.kms.katalon.core.main.TestCaseMain.startTestSuite(TestCaseMain.java:195)
	at TempTestSuite1754056456079.run(TempTestSuite1754056456079.groovy:35)
	at java.base/jdk.internal.reflect.NativeMethodAccessorImpl.invoke0(Native Method)
	at java.base/jdk.internal.reflect.NativeMethodAccessorImpl.invoke(NativeMethodAccessorImpl.java:77)
	at java.base/jdk.internal.reflect.DelegatingMethodAccessorImpl.invoke(DelegatingMethodAccessorImpl.java:43)
Caused by: com.kms.katalon.core.exception.StepFailedException: Web element with id: 'Object Repository/SUT_SignIn/Page_Practice Software Testing - Toolshop -_8413b3/div_Invalid email or password_1' located by 'By.xpath: (.//*[normalize-space(text()) and normalize-space(.)='Login'])[1]/following::div[6]' is present after '30' second(s)
	at com.kms.katalon.core.webui.keyword.internal.WebUIKeywordMain.stepFailed(WebUIKeywordMain.groovy:118)
	at com.kms.katalon.core.webui.keyword.internal.WebUIKeywordMain$stepFailed$0.call(Unknown Source)
	at com.kms.katalon.core.webui.keyword.builtin.VerifyElementNotPresentKeyword$_verifyElementNotPresent_closure1.doCall(VerifyElementNotPresentKeyword.groovy:124)
	at com.kms.katalon.core.webui.keyword.builtin.VerifyElementNotPresentKeyword$_verifyElementNotPresent_closure1.doCall(VerifyElementNotPresentKeyword.groovy)
	at java.base/jdk.internal.reflect.NativeMethodAccessorImpl.invoke0(Native Method)
	at java.base/jdk.internal.reflect.NativeMethodAccessorImpl.invoke(NativeMethodAccessorImpl.java:77)
	at java.base/jdk.internal.reflect.DelegatingMethodAccessorImpl.invoke(DelegatingMethodAccessorImpl.java:43)
	at com.kms.katalon.core.webui.keyword.internal.WebUIKeywordMain.runKeyword(WebUIKeywordMain.groovy:35)
	... 21 more

2025-08-01 20:56:58.511 INFO  c.k.katalon.core.main.TestCaseExecutor   - END Test Cases/SignIn
2025-08-01 20:56:58.514 INFO  c.k.katalon.core.main.TestCaseExecutor   - --------------------
2025-08-01 20:56:58.514 INFO  c.k.katalon.core.main.TestCaseExecutor   - START Test Cases/SignIn
2025-08-01 20:56:58.522 INFO  c.k.katalon.core.main.TestCaseExecutor   - firstName = Bob
2025-08-01 20:56:58.522 INFO  c.k.katalon.core.main.TestCaseExecutor   - lastName = Smith
2025-08-01 20:56:58.523 INFO  c.k.katalon.core.main.TestCaseExecutor   - role = user
2025-08-01 20:56:58.523 INFO  c.k.katalon.core.main.TestCaseExecutor   - email = customer3@practicesoftwaretesting.com
2025-08-01 20:56:58.523 INFO  c.k.katalon.core.main.TestCaseExecutor   - password = pass123
2025-08-01 20:56:58.524 DEBUG testcase.SignIn                          - 1: openBrowser("")
2025-08-01 20:56:58.525 WARN  c.k.k.core.webui.driver.DriverFactory    - A browser is already opened. Closing browser and opening a new one
2025-08-01 20:56:58.678 INFO  c.k.k.core.webui.driver.DriverFactory    - Starting 'Chrome' driver
2025-08-01 20:56:58.679 INFO  c.k.k.core.webui.driver.DriverFactory    - Action delay is set to 0 milliseconds
Aug 01, 2025 8:56:59 PM org.openqa.selenium.devtools.CdpVersionFinder findNearestMatch
WARNING: Unable to find CDP implementation matching 124
Aug 01, 2025 8:56:59 PM org.openqa.selenium.chromium.ChromiumDriver lambda$new$4
WARNING: Unable to find version of CDP to use for 124.0.6367.91. You may need to include a dependency on a specific version of the CDP using something similar to `org.seleniumhq.selenium:selenium-devtools-v86:4.28.1` where the version ("v86") matches the version of the chromium-based browser you're using and the version number of the artifact is the same as Selenium's.
2025-08-01 20:57:00.038 INFO  c.k.k.core.webui.driver.DriverFactory    - sessionId = beeb59435ae2b54c85b7b677d90fc872
2025-08-01 20:57:00.038 INFO  c.k.k.core.webui.driver.DriverFactory    - browser = Chrome 124.0.6367.91
2025-08-01 20:57:00.039 INFO  c.k.k.core.webui.driver.DriverFactory    - platform = Windows 11
2025-08-01 20:57:00.039 INFO  c.k.k.core.webui.driver.DriverFactory    - seleniumVersion = 4.28.1
2025-08-01 20:57:00.039 INFO  c.k.k.core.webui.driver.DriverFactory    - proxyInformation = ProxyInformation { proxyOption=NO_PROXY, proxyServerType=HTTP, username=, password=********, proxyServerAddress=, proxyServerPort=0, executionList="", isApplyToDesiredCapabilities=true }
2025-08-01 20:57:00.050 DEBUG testcase.SignIn                          - 2: navigateToUrl("http://localhost:4200/#/")
2025-08-01 20:57:00.623 DEBUG testcase.SignIn                          - 3: verifyElementVisible(findTestObject("Object Repository/SUT_SignIn/Page_Practice Software Testing - Toolshop -_8413b3/a_Sign in"))
2025-08-01 20:57:01.865 DEBUG testcase.SignIn                          - 4: click(findTestObject("Object Repository/SUT_SignIn/Page_Practice Software Testing - Toolshop -_8413b3/a_Sign in"))
2025-08-01 20:57:02.147 DEBUG testcase.SignIn                          - 5: setText(findTestObject("Object Repository/SUT_SignIn/Page_Practice Software Testing - Toolshop -_8413b3/input_Login_email"), email)
2025-08-01 20:57:02.938 DEBUG testcase.SignIn                          - 6: setText(findTestObject("Object Repository/SUT_SignIn/Page_Practice Software Testing - Toolshop -_8413b3/input_Login_password"), password)
2025-08-01 20:57:03.467 DEBUG testcase.SignIn                          - 7: verifyElementVisible(findTestObject("Object Repository/SUT_SignIn/Page_Practice Software Testing - Toolshop -_8413b3/input_Login_btnSubmit"))
2025-08-01 20:57:03.723 DEBUG testcase.SignIn                          - 8: click(findTestObject("Object Repository/SUT_SignIn/Page_Practice Software Testing - Toolshop -_8413b3/input_Login_btnSubmit"))
2025-08-01 20:57:04.002 DEBUG testcase.SignIn                          - 9: verifyElementNotPresent(findTestObject("SUT_SignIn/Page_Practice Software Testing - Toolshop -_8413b3/div_Invalid email or password_1"), 0)
2025-08-01 20:57:04.005 WARN  c.kms.katalon.core.helper.KeywordHelper  - Timeout '0' is invalid. Using default page load timeout: '30'
2025-08-01 20:57:34.808 ERROR c.k.k.core.keyword.internal.KeywordMain  - ❌ Web element with id: 'Object Repository/SUT_SignIn/Page_Practice Software Testing - Toolshop -_8413b3/div_Invalid email or password_1' located by 'By.xpath: (.//*[normalize-space(text()) and normalize-space(.)='Login'])[1]/following::div[6]' is present after '30' second(s) (Root cause: com.kms.katalon.core.exception.StepFailedException: Web element with id: 'Object Repository/SUT_SignIn/Page_Practice Software Testing - Toolshop -_8413b3/div_Invalid email or password_1' located by 'By.xpath: (.//*[normalize-space(text()) and normalize-space(.)='Login'])[1]/following::div[6]' is present after '30' second(s)
	at com.kms.katalon.core.webui.keyword.internal.WebUIKeywordMain.stepFailed(WebUIKeywordMain.groovy:118)
	at com.kms.katalon.core.webui.keyword.internal.WebUIKeywordMain$stepFailed$0.call(Unknown Source)
	at com.kms.katalon.core.webui.keyword.builtin.VerifyElementNotPresentKeyword$_verifyElementNotPresent_closure1.doCall(VerifyElementNotPresentKeyword.groovy:124)
	at com.kms.katalon.core.webui.keyword.builtin.VerifyElementNotPresentKeyword$_verifyElementNotPresent_closure1.doCall(VerifyElementNotPresentKeyword.groovy)
	at java.base/jdk.internal.reflect.NativeMethodAccessorImpl.invoke0(Native Method)
	at java.base/jdk.internal.reflect.NativeMethodAccessorImpl.invoke(NativeMethodAccessorImpl.java:77)
	at java.base/jdk.internal.reflect.DelegatingMethodAccessorImpl.invoke(DelegatingMethodAccessorImpl.java:43)
	at com.kms.katalon.core.webui.keyword.internal.WebUIKeywordMain.runKeyword(WebUIKeywordMain.groovy:35)
	at com.kms.katalon.core.webui.keyword.internal.WebUIKeywordMain$runKeyword.call(Unknown Source)
	at com.kms.katalon.core.webui.keyword.builtin.VerifyElementNotPresentKeyword.verifyElementNotPresent(VerifyElementNotPresentKeyword.groovy:133)
	at com.kms.katalon.core.webui.keyword.builtin.VerifyElementNotPresentKeyword.execute(VerifyElementNotPresentKeyword.groovy:70)
	at com.kms.katalon.core.keyword.internal.KeywordExecutor.executeKeywordForPlatform(KeywordExecutor.groovy:64)
	at com.kms.katalon.core.webui.keyword.WebUiBuiltInKeywords.verifyElementNotPresent(WebUiBuiltInKeywords.groovy:1573)
	at SignIn.run(SignIn:38)
	at com.kms.katalon.core.main.ScriptEngine.run(ScriptEngine.java:194)
	at com.kms.katalon.core.main.ScriptEngine.runScriptAsRawText(ScriptEngine.java:119)
	at com.kms.katalon.core.main.TestCaseExecutor.runScript(TestCaseExecutor.java:485)
	at com.kms.katalon.core.main.TestCaseExecutor.doExecute(TestCaseExecutor.java:476)
	at com.kms.katalon.core.main.TestCaseExecutor.processExecutionPhase(TestCaseExecutor.java:455)
	at com.kms.katalon.core.main.TestCaseExecutor.accessMainPhase(TestCaseExecutor.java:447)
	at com.kms.katalon.core.main.TestCaseExecutor.execute(TestCaseExecutor.java:321)
	at com.kms.katalon.core.main.TestCaseExecutor.execute(TestCaseExecutor.java:405)
	at com.kms.katalon.core.common.CommonExecutor.accessTestCaseMainPhase(CommonExecutor.java:71)
	at com.kms.katalon.core.main.TestSuiteExecutor.accessTestSuiteMainPhase(TestSuiteExecutor.java:160)
	at com.kms.katalon.core.main.TestSuiteExecutor.execute(TestSuiteExecutor.java:107)
	at com.kms.katalon.core.main.TestCaseMain.startTestSuite(TestCaseMain.java:195)
	at TempTestSuite1754056456079.run(TempTestSuite1754056456079.groovy:35)
	at java.base/jdk.internal.reflect.NativeMethodAccessorImpl.invoke0(Native Method)
	at java.base/jdk.internal.reflect.NativeMethodAccessorImpl.invoke(NativeMethodAccessorImpl.java:77)
	at java.base/jdk.internal.reflect.DelegatingMethodAccessorImpl.invoke(DelegatingMethodAccessorImpl.java:43)
)
2025-08-01 20:57:34.888 ERROR c.k.k.core.keyword.internal.KeywordMain  - ❌ Unable to verify object 'Object Repository/SUT_SignIn/Page_Practice Software Testing - Toolshop -_8413b3/div_Invalid email or password_1' is not present (Root cause: com.kms.katalon.core.exception.StepFailedException: Unable to verify object 'Object Repository/SUT_SignIn/Page_Practice Software Testing - Toolshop -_8413b3/div_Invalid email or password_1' is not present
	at com.kms.katalon.core.webui.keyword.internal.WebUIKeywordMain.stepFailed(WebUIKeywordMain.groovy:118)
	at com.kms.katalon.core.webui.keyword.internal.WebUIKeywordMain.runKeyword(WebUIKeywordMain.groovy:43)
	at com.kms.katalon.core.webui.keyword.internal.WebUIKeywordMain$runKeyword.call(Unknown Source)
	at com.kms.katalon.core.webui.keyword.builtin.VerifyElementNotPresentKeyword.verifyElementNotPresent(VerifyElementNotPresentKeyword.groovy:133)
	at com.kms.katalon.core.webui.keyword.builtin.VerifyElementNotPresentKeyword.execute(VerifyElementNotPresentKeyword.groovy:70)
	at com.kms.katalon.core.keyword.internal.KeywordExecutor.executeKeywordForPlatform(KeywordExecutor.groovy:64)
	at com.kms.katalon.core.webui.keyword.WebUiBuiltInKeywords.verifyElementNotPresent(WebUiBuiltInKeywords.groovy:1573)
	at SignIn.run(SignIn:38)
	at com.kms.katalon.core.main.ScriptEngine.run(ScriptEngine.java:194)
	at com.kms.katalon.core.main.ScriptEngine.runScriptAsRawText(ScriptEngine.java:119)
	at com.kms.katalon.core.main.TestCaseExecutor.runScript(TestCaseExecutor.java:485)
	at com.kms.katalon.core.main.TestCaseExecutor.doExecute(TestCaseExecutor.java:476)
	at com.kms.katalon.core.main.TestCaseExecutor.processExecutionPhase(TestCaseExecutor.java:455)
	at com.kms.katalon.core.main.TestCaseExecutor.accessMainPhase(TestCaseExecutor.java:447)
	at com.kms.katalon.core.main.TestCaseExecutor.execute(TestCaseExecutor.java:321)
	at com.kms.katalon.core.main.TestCaseExecutor.execute(TestCaseExecutor.java:405)
	at com.kms.katalon.core.common.CommonExecutor.accessTestCaseMainPhase(CommonExecutor.java:71)
	at com.kms.katalon.core.main.TestSuiteExecutor.accessTestSuiteMainPhase(TestSuiteExecutor.java:160)
	at com.kms.katalon.core.main.TestSuiteExecutor.execute(TestSuiteExecutor.java:107)
	at com.kms.katalon.core.main.TestCaseMain.startTestSuite(TestCaseMain.java:195)
	at TempTestSuite1754056456079.run(TempTestSuite1754056456079.groovy:35)
	at java.base/jdk.internal.reflect.NativeMethodAccessorImpl.invoke0(Native Method)
	at java.base/jdk.internal.reflect.NativeMethodAccessorImpl.invoke(NativeMethodAccessorImpl.java:77)
	at java.base/jdk.internal.reflect.DelegatingMethodAccessorImpl.invoke(DelegatingMethodAccessorImpl.java:43)
Caused by: com.kms.katalon.core.exception.StepFailedException: Web element with id: 'Object Repository/SUT_SignIn/Page_Practice Software Testing - Toolshop -_8413b3/div_Invalid email or password_1' located by 'By.xpath: (.//*[normalize-space(text()) and normalize-space(.)='Login'])[1]/following::div[6]' is present after '30' second(s)
	at com.kms.katalon.core.webui.keyword.internal.WebUIKeywordMain.stepFailed(WebUIKeywordMain.groovy:118)
	at com.kms.katalon.core.webui.keyword.internal.WebUIKeywordMain$stepFailed$0.call(Unknown Source)
	at com.kms.katalon.core.webui.keyword.builtin.VerifyElementNotPresentKeyword$_verifyElementNotPresent_closure1.doCall(VerifyElementNotPresentKeyword.groovy:124)
	at com.kms.katalon.core.webui.keyword.builtin.VerifyElementNotPresentKeyword$_verifyElementNotPresent_closure1.doCall(VerifyElementNotPresentKeyword.groovy)
	at java.base/jdk.internal.reflect.NativeMethodAccessorImpl.invoke0(Native Method)
	at java.base/jdk.internal.reflect.NativeMethodAccessorImpl.invoke(NativeMethodAccessorImpl.java:77)
	at java.base/jdk.internal.reflect.DelegatingMethodAccessorImpl.invoke(DelegatingMethodAccessorImpl.java:43)
	at com.kms.katalon.core.webui.keyword.internal.WebUIKeywordMain.runKeyword(WebUIKeywordMain.groovy:35)
	... 22 more
)
2025-08-01 20:57:34.889 ERROR c.k.katalon.core.main.TestCaseExecutor   - ❌ Test Cases/SignIn FAILED.
Reason:
com.kms.katalon.core.exception.StepFailedException: Unable to verify object 'Object Repository/SUT_SignIn/Page_Practice Software Testing - Toolshop -_8413b3/div_Invalid email or password_1' is not present
	at com.kms.katalon.core.webui.keyword.internal.WebUIKeywordMain.stepFailed(WebUIKeywordMain.groovy:118)
	at com.kms.katalon.core.webui.keyword.internal.WebUIKeywordMain.runKeyword(WebUIKeywordMain.groovy:43)
	at com.kms.katalon.core.webui.keyword.internal.WebUIKeywordMain$runKeyword.call(Unknown Source)
	at com.kms.katalon.core.webui.keyword.builtin.VerifyElementNotPresentKeyword.verifyElementNotPresent(VerifyElementNotPresentKeyword.groovy:133)
	at com.kms.katalon.core.webui.keyword.builtin.VerifyElementNotPresentKeyword.execute(VerifyElementNotPresentKeyword.groovy:70)
	at com.kms.katalon.core.keyword.internal.KeywordExecutor.executeKeywordForPlatform(KeywordExecutor.groovy:64)
	at com.kms.katalon.core.webui.keyword.WebUiBuiltInKeywords.verifyElementNotPresent(WebUiBuiltInKeywords.groovy:1573)
	at SignIn.run(SignIn:38)
	at com.kms.katalon.core.main.ScriptEngine.run(ScriptEngine.java:194)
	at com.kms.katalon.core.main.ScriptEngine.runScriptAsRawText(ScriptEngine.java:119)
	at com.kms.katalon.core.main.TestCaseExecutor.runScript(TestCaseExecutor.java:485)
	at com.kms.katalon.core.main.TestCaseExecutor.doExecute(TestCaseExecutor.java:476)
	at com.kms.katalon.core.main.TestCaseExecutor.processExecutionPhase(TestCaseExecutor.java:455)
	at com.kms.katalon.core.main.TestCaseExecutor.accessMainPhase(TestCaseExecutor.java:447)
	at com.kms.katalon.core.main.TestCaseExecutor.execute(TestCaseExecutor.java:321)
	at com.kms.katalon.core.main.TestCaseExecutor.execute(TestCaseExecutor.java:405)
	at com.kms.katalon.core.common.CommonExecutor.accessTestCaseMainPhase(CommonExecutor.java:71)
	at com.kms.katalon.core.main.TestSuiteExecutor.accessTestSuiteMainPhase(TestSuiteExecutor.java:160)
	at com.kms.katalon.core.main.TestSuiteExecutor.execute(TestSuiteExecutor.java:107)
	at com.kms.katalon.core.main.TestCaseMain.startTestSuite(TestCaseMain.java:195)
	at TempTestSuite1754056456079.run(TempTestSuite1754056456079.groovy:35)
	at java.base/jdk.internal.reflect.NativeMethodAccessorImpl.invoke0(Native Method)
	at java.base/jdk.internal.reflect.NativeMethodAccessorImpl.invoke(NativeMethodAccessorImpl.java:77)
	at java.base/jdk.internal.reflect.DelegatingMethodAccessorImpl.invoke(DelegatingMethodAccessorImpl.java:43)
Caused by: com.kms.katalon.core.exception.StepFailedException: Web element with id: 'Object Repository/SUT_SignIn/Page_Practice Software Testing - Toolshop -_8413b3/div_Invalid email or password_1' located by 'By.xpath: (.//*[normalize-space(text()) and normalize-space(.)='Login'])[1]/following::div[6]' is present after '30' second(s)
	at com.kms.katalon.core.webui.keyword.internal.WebUIKeywordMain.stepFailed(WebUIKeywordMain.groovy:118)
	at com.kms.katalon.core.webui.keyword.internal.WebUIKeywordMain$stepFailed$0.call(Unknown Source)
	at com.kms.katalon.core.webui.keyword.builtin.VerifyElementNotPresentKeyword$_verifyElementNotPresent_closure1.doCall(VerifyElementNotPresentKeyword.groovy:124)
	at com.kms.katalon.core.webui.keyword.builtin.VerifyElementNotPresentKeyword$_verifyElementNotPresent_closure1.doCall(VerifyElementNotPresentKeyword.groovy)
	at java.base/jdk.internal.reflect.NativeMethodAccessorImpl.invoke0(Native Method)
	at java.base/jdk.internal.reflect.NativeMethodAccessorImpl.invoke(NativeMethodAccessorImpl.java:77)
	at java.base/jdk.internal.reflect.DelegatingMethodAccessorImpl.invoke(DelegatingMethodAccessorImpl.java:43)
	at com.kms.katalon.core.webui.keyword.internal.WebUIKeywordMain.runKeyword(WebUIKeywordMain.groovy:35)
	... 22 more

2025-08-01 20:57:34.891 INFO  c.k.katalon.core.main.TestCaseExecutor   - END Test Cases/SignIn
2025-08-01 20:57:34.893 INFO  c.k.katalon.core.main.TestCaseExecutor   - --------------------
2025-08-01 20:57:34.893 INFO  c.k.katalon.core.main.TestCaseExecutor   - START Test Cases/SignIn
2025-08-01 20:57:34.900 INFO  c.k.katalon.core.main.TestCaseExecutor   - firstName = Bob
2025-08-01 20:57:34.901 INFO  c.k.katalon.core.main.TestCaseExecutor   - lastName = Smith
2025-08-01 20:57:34.901 INFO  c.k.katalon.core.main.TestCaseExecutor   - role = user
2025-08-01 20:57:34.901 INFO  c.k.katalon.core.main.TestCaseExecutor   - email = customer3@practicesoftwaretesting.com
2025-08-01 20:57:34.901 INFO  c.k.katalon.core.main.TestCaseExecutor   - password = pass123
2025-08-01 20:57:34.902 DEBUG testcase.SignIn                          - 1: openBrowser("")
2025-08-01 20:57:34.904 WARN  c.k.k.core.webui.driver.DriverFactory    - A browser is already opened. Closing browser and opening a new one
2025-08-01 20:57:35.060 INFO  c.k.k.core.webui.driver.DriverFactory    - Starting 'Chrome' driver
2025-08-01 20:57:35.061 INFO  c.k.k.core.webui.driver.DriverFactory    - Action delay is set to 0 milliseconds
Aug 01, 2025 8:57:36 PM org.openqa.selenium.devtools.CdpVersionFinder findNearestMatch
WARNING: Unable to find CDP implementation matching 124
Aug 01, 2025 8:57:36 PM org.openqa.selenium.chromium.ChromiumDriver lambda$new$4
WARNING: Unable to find version of CDP to use for 124.0.6367.91. You may need to include a dependency on a specific version of the CDP using something similar to `org.seleniumhq.selenium:selenium-devtools-v86:4.28.1` where the version ("v86") matches the version of the chromium-based browser you're using and the version number of the artifact is the same as Selenium's.
2025-08-01 20:57:36.427 INFO  c.k.k.core.webui.driver.DriverFactory    - sessionId = b1bc55155d27a63c81db19b16ab19660
2025-08-01 20:57:36.428 INFO  c.k.k.core.webui.driver.DriverFactory    - browser = Chrome 124.0.6367.91
2025-08-01 20:57:36.428 INFO  c.k.k.core.webui.driver.DriverFactory    - platform = Windows 11
2025-08-01 20:57:36.428 INFO  c.k.k.core.webui.driver.DriverFactory    - seleniumVersion = 4.28.1
2025-08-01 20:57:36.428 INFO  c.k.k.core.webui.driver.DriverFactory    - proxyInformation = ProxyInformation { proxyOption=NO_PROXY, proxyServerType=HTTP, username=, password=********, proxyServerAddress=, proxyServerPort=0, executionList="", isApplyToDesiredCapabilities=true }
2025-08-01 20:57:36.439 DEBUG testcase.SignIn                          - 2: navigateToUrl("http://localhost:4200/#/")
2025-08-01 20:57:37.020 DEBUG testcase.SignIn                          - 3: verifyElementVisible(findTestObject("Object Repository/SUT_SignIn/Page_Practice Software Testing - Toolshop -_8413b3/a_Sign in"))
2025-08-01 20:57:37.491 DEBUG testcase.SignIn                          - 4: click(findTestObject("Object Repository/SUT_SignIn/Page_Practice Software Testing - Toolshop -_8413b3/a_Sign in"))
2025-08-01 20:57:37.775 DEBUG testcase.SignIn                          - 5: setText(findTestObject("Object Repository/SUT_SignIn/Page_Practice Software Testing - Toolshop -_8413b3/input_Login_email"), email)
2025-08-01 20:57:38.570 DEBUG testcase.SignIn                          - 6: setText(findTestObject("Object Repository/SUT_SignIn/Page_Practice Software Testing - Toolshop -_8413b3/input_Login_password"), password)
2025-08-01 20:57:39.091 DEBUG testcase.SignIn                          - 7: verifyElementVisible(findTestObject("Object Repository/SUT_SignIn/Page_Practice Software Testing - Toolshop -_8413b3/input_Login_btnSubmit"))
2025-08-01 20:57:39.328 DEBUG testcase.SignIn                          - 8: click(findTestObject("Object Repository/SUT_SignIn/Page_Practice Software Testing - Toolshop -_8413b3/input_Login_btnSubmit"))
2025-08-01 20:57:39.596 DEBUG testcase.SignIn                          - 9: verifyElementNotPresent(findTestObject("SUT_SignIn/Page_Practice Software Testing - Toolshop -_8413b3/div_Invalid email or password_1"), 0)
2025-08-01 20:57:39.600 WARN  c.kms.katalon.core.helper.KeywordHelper  - Timeout '0' is invalid. Using default page load timeout: '30'
2025-08-01 20:58:10.291 ERROR c.k.k.core.keyword.internal.KeywordMain  - ❌ Web element with id: 'Object Repository/SUT_SignIn/Page_Practice Software Testing - Toolshop -_8413b3/div_Invalid email or password_1' located by 'By.xpath: (.//*[normalize-space(text()) and normalize-space(.)='Login'])[1]/following::div[6]' is present after '30' second(s) (Root cause: com.kms.katalon.core.exception.StepFailedException: Web element with id: 'Object Repository/SUT_SignIn/Page_Practice Software Testing - Toolshop -_8413b3/div_Invalid email or password_1' located by 'By.xpath: (.//*[normalize-space(text()) and normalize-space(.)='Login'])[1]/following::div[6]' is present after '30' second(s)
	at com.kms.katalon.core.webui.keyword.internal.WebUIKeywordMain.stepFailed(WebUIKeywordMain.groovy:118)
	at com.kms.katalon.core.webui.keyword.internal.WebUIKeywordMain$stepFailed$0.call(Unknown Source)
	at com.kms.katalon.core.webui.keyword.builtin.VerifyElementNotPresentKeyword$_verifyElementNotPresent_closure1.doCall(VerifyElementNotPresentKeyword.groovy:124)
	at com.kms.katalon.core.webui.keyword.builtin.VerifyElementNotPresentKeyword$_verifyElementNotPresent_closure1.doCall(VerifyElementNotPresentKeyword.groovy)
	at java.base/jdk.internal.reflect.NativeMethodAccessorImpl.invoke0(Native Method)
	at java.base/jdk.internal.reflect.NativeMethodAccessorImpl.invoke(NativeMethodAccessorImpl.java:77)
	at java.base/jdk.internal.reflect.DelegatingMethodAccessorImpl.invoke(DelegatingMethodAccessorImpl.java:43)
	at com.kms.katalon.core.webui.keyword.internal.WebUIKeywordMain.runKeyword(WebUIKeywordMain.groovy:35)
	at com.kms.katalon.core.webui.keyword.internal.WebUIKeywordMain$runKeyword.call(Unknown Source)
	at com.kms.katalon.core.webui.keyword.builtin.VerifyElementNotPresentKeyword.verifyElementNotPresent(VerifyElementNotPresentKeyword.groovy:133)
	at com.kms.katalon.core.webui.keyword.builtin.VerifyElementNotPresentKeyword.execute(VerifyElementNotPresentKeyword.groovy:70)
	at com.kms.katalon.core.keyword.internal.KeywordExecutor.executeKeywordForPlatform(KeywordExecutor.groovy:64)
	at com.kms.katalon.core.webui.keyword.WebUiBuiltInKeywords.verifyElementNotPresent(WebUiBuiltInKeywords.groovy:1573)
	at SignIn.run(SignIn:38)
	at com.kms.katalon.core.main.ScriptEngine.run(ScriptEngine.java:194)
	at com.kms.katalon.core.main.ScriptEngine.runScriptAsRawText(ScriptEngine.java:119)
	at com.kms.katalon.core.main.TestCaseExecutor.runScript(TestCaseExecutor.java:485)
	at com.kms.katalon.core.main.TestCaseExecutor.doExecute(TestCaseExecutor.java:476)
	at com.kms.katalon.core.main.TestCaseExecutor.processExecutionPhase(TestCaseExecutor.java:455)
	at com.kms.katalon.core.main.TestCaseExecutor.accessMainPhase(TestCaseExecutor.java:447)
	at com.kms.katalon.core.main.TestCaseExecutor.execute(TestCaseExecutor.java:321)
	at com.kms.katalon.core.main.TestCaseExecutor.execute(TestCaseExecutor.java:405)
	at com.kms.katalon.core.main.TestCaseExecutor.execute(TestCaseExecutor.java:405)
	at com.kms.katalon.core.common.CommonExecutor.accessTestCaseMainPhase(CommonExecutor.java:71)
	at com.kms.katalon.core.main.TestSuiteExecutor.accessTestSuiteMainPhase(TestSuiteExecutor.java:160)
	at com.kms.katalon.core.main.TestSuiteExecutor.execute(TestSuiteExecutor.java:107)
	at com.kms.katalon.core.main.TestCaseMain.startTestSuite(TestCaseMain.java:195)
	at TempTestSuite1754056456079.run(TempTestSuite1754056456079.groovy:35)
	at java.base/jdk.internal.reflect.NativeMethodAccessorImpl.invoke0(Native Method)
	at java.base/jdk.internal.reflect.NativeMethodAccessorImpl.invoke(NativeMethodAccessorImpl.java:77)
	at java.base/jdk.internal.reflect.DelegatingMethodAccessorImpl.invoke(DelegatingMethodAccessorImpl.java:43)
)
2025-08-01 20:58:10.389 ERROR c.k.k.core.keyword.internal.KeywordMain  - ❌ Unable to verify object 'Object Repository/SUT_SignIn/Page_Practice Software Testing - Toolshop -_8413b3/div_Invalid email or password_1' is not present (Root cause: com.kms.katalon.core.exception.StepFailedException: Unable to verify object 'Object Repository/SUT_SignIn/Page_Practice Software Testing - Toolshop -_8413b3/div_Invalid email or password_1' is not present
	at com.kms.katalon.core.webui.keyword.internal.WebUIKeywordMain.stepFailed(WebUIKeywordMain.groovy:118)
	at com.kms.katalon.core.webui.keyword.internal.WebUIKeywordMain.runKeyword(WebUIKeywordMain.groovy:43)
	at com.kms.katalon.core.webui.keyword.internal.WebUIKeywordMain$runKeyword.call(Unknown Source)
	at com.kms.katalon.core.webui.keyword.builtin.VerifyElementNotPresentKeyword.verifyElementNotPresent(VerifyElementNotPresentKeyword.groovy:133)
	at com.kms.katalon.core.webui.keyword.builtin.VerifyElementNotPresentKeyword.execute(VerifyElementNotPresentKeyword.groovy:70)
	at com.kms.katalon.core.keyword.internal.KeywordExecutor.executeKeywordForPlatform(KeywordExecutor.groovy:64)
	at com.kms.katalon.core.webui.keyword.WebUiBuiltInKeywords.verifyElementNotPresent(WebUiBuiltInKeywords.groovy:1573)
	at SignIn.run(SignIn:38)
	at com.kms.katalon.core.main.ScriptEngine.run(ScriptEngine.java:194)
	at com.kms.katalon.core.main.ScriptEngine.runScriptAsRawText(ScriptEngine.java:119)
	at com.kms.katalon.core.main.TestCaseExecutor.runScript(TestCaseExecutor.java:485)
	at com.kms.katalon.core.main.TestCaseExecutor.doExecute(TestCaseExecutor.java:476)
	at com.kms.katalon.core.main.TestCaseExecutor.processExecutionPhase(TestCaseExecutor.java:455)
	at com.kms.katalon.core.main.TestCaseExecutor.accessMainPhase(TestCaseExecutor.java:447)
	at com.kms.katalon.core.main.TestCaseExecutor.execute(TestCaseExecutor.java:321)
	at com.kms.katalon.core.main.TestCaseExecutor.execute(TestCaseExecutor.java:405)
	at com.kms.katalon.core.main.TestCaseExecutor.execute(TestCaseExecutor.java:405)
	at com.kms.katalon.core.common.CommonExecutor.accessTestCaseMainPhase(CommonExecutor.java:71)
	at com.kms.katalon.core.main.TestSuiteExecutor.accessTestSuiteMainPhase(TestSuiteExecutor.java:160)
	at com.kms.katalon.core.main.TestSuiteExecutor.execute(TestSuiteExecutor.java:107)
	at com.kms.katalon.core.main.TestCaseMain.startTestSuite(TestCaseMain.java:195)
	at TempTestSuite1754056456079.run(TempTestSuite1754056456079.groovy:35)
	at java.base/jdk.internal.reflect.NativeMethodAccessorImpl.invoke0(Native Method)
	at java.base/jdk.internal.reflect.NativeMethodAccessorImpl.invoke(NativeMethodAccessorImpl.java:77)
	at java.base/jdk.internal.reflect.DelegatingMethodAccessorImpl.invoke(DelegatingMethodAccessorImpl.java:43)
Caused by: com.kms.katalon.core.exception.StepFailedException: Web element with id: 'Object Repository/SUT_SignIn/Page_Practice Software Testing - Toolshop -_8413b3/div_Invalid email or password_1' located by 'By.xpath: (.//*[normalize-space(text()) and normalize-space(.)='Login'])[1]/following::div[6]' is present after '30' second(s)
	at com.kms.katalon.core.webui.keyword.internal.WebUIKeywordMain.stepFailed(WebUIKeywordMain.groovy:118)
	at com.kms.katalon.core.webui.keyword.internal.WebUIKeywordMain$stepFailed$0.call(Unknown Source)
	at com.kms.katalon.core.webui.keyword.builtin.VerifyElementNotPresentKeyword$_verifyElementNotPresent_closure1.doCall(VerifyElementNotPresentKeyword.groovy:124)
	at com.kms.katalon.core.webui.keyword.builtin.VerifyElementNotPresentKeyword$_verifyElementNotPresent_closure1.doCall(VerifyElementNotPresentKeyword.groovy)
	at java.base/jdk.internal.reflect.NativeMethodAccessorImpl.invoke0(Native Method)
	at java.base/jdk.internal.reflect.NativeMethodAccessorImpl.invoke(NativeMethodAccessorImpl.java:77)
	at java.base/jdk.internal.reflect.DelegatingMethodAccessorImpl.invoke(DelegatingMethodAccessorImpl.java:43)
	at com.kms.katalon.core.webui.keyword.internal.WebUIKeywordMain.runKeyword(WebUIKeywordMain.groovy:35)
	... 23 more
)
2025-08-01 20:58:10.391 ERROR c.k.katalon.core.main.TestCaseExecutor   - ❌ Test Cases/SignIn FAILED.
Reason:
com.kms.katalon.core.exception.StepFailedException: Unable to verify object 'Object Repository/SUT_SignIn/Page_Practice Software Testing - Toolshop -_8413b3/div_Invalid email or password_1' is not present
	at com.kms.katalon.core.webui.keyword.internal.WebUIKeywordMain.stepFailed(WebUIKeywordMain.groovy:118)
	at com.kms.katalon.core.webui.keyword.internal.WebUIKeywordMain.runKeyword(WebUIKeywordMain.groovy:43)
	at com.kms.katalon.core.webui.keyword.internal.WebUIKeywordMain$runKeyword.call(Unknown Source)
	at com.kms.katalon.core.webui.keyword.builtin.VerifyElementNotPresentKeyword.verifyElementNotPresent(VerifyElementNotPresentKeyword.groovy:133)
	at com.kms.katalon.core.webui.keyword.builtin.VerifyElementNotPresentKeyword.execute(VerifyElementNotPresentKeyword.groovy:70)
	at com.kms.katalon.core.keyword.internal.KeywordExecutor.executeKeywordForPlatform(KeywordExecutor.groovy:64)
	at com.kms.katalon.core.webui.keyword.WebUiBuiltInKeywords.verifyElementNotPresent(WebUiBuiltInKeywords.groovy:1573)
	at SignIn.run(SignIn:38)
	at com.kms.katalon.core.main.ScriptEngine.run(ScriptEngine.java:194)
	at com.kms.katalon.core.main.ScriptEngine.runScriptAsRawText(ScriptEngine.java:119)
	at com.kms.katalon.core.main.TestCaseExecutor.runScript(TestCaseExecutor.java:485)
	at com.kms.katalon.core.main.TestCaseExecutor.doExecute(TestCaseExecutor.java:476)
	at com.kms.katalon.core.main.TestCaseExecutor.processExecutionPhase(TestCaseExecutor.java:455)
	at com.kms.katalon.core.main.TestCaseExecutor.accessMainPhase(TestCaseExecutor.java:447)
	at com.kms.katalon.core.main.TestCaseExecutor.execute(TestCaseExecutor.java:321)
	at com.kms.katalon.core.main.TestCaseExecutor.execute(TestCaseExecutor.java:405)
	at com.kms.katalon.core.main.TestCaseExecutor.execute(TestCaseExecutor.java:405)
	at com.kms.katalon.core.common.CommonExecutor.accessTestCaseMainPhase(CommonExecutor.java:71)
	at com.kms.katalon.core.main.TestSuiteExecutor.accessTestSuiteMainPhase(TestSuiteExecutor.java:160)
	at com.kms.katalon.core.main.TestSuiteExecutor.execute(TestSuiteExecutor.java:107)
	at com.kms.katalon.core.main.TestCaseMain.startTestSuite(TestCaseMain.java:195)
	at TempTestSuite1754056456079.run(TempTestSuite1754056456079.groovy:35)
	at java.base/jdk.internal.reflect.NativeMethodAccessorImpl.invoke0(Native Method)
	at java.base/jdk.internal.reflect.NativeMethodAccessorImpl.invoke(NativeMethodAccessorImpl.java:77)
	at java.base/jdk.internal.reflect.DelegatingMethodAccessorImpl.invoke(DelegatingMethodAccessorImpl.java:43)
Caused by: com.kms.katalon.core.exception.StepFailedException: Web element with id: 'Object Repository/SUT_SignIn/Page_Practice Software Testing - Toolshop -_8413b3/div_Invalid email or password_1' located by 'By.xpath: (.//*[normalize-space(text()) and normalize-space(.)='Login'])[1]/following::div[6]' is present after '30' second(s)
	at com.kms.katalon.core.webui.keyword.internal.WebUIKeywordMain.stepFailed(WebUIKeywordMain.groovy:118)
	at com.kms.katalon.core.webui.keyword.internal.WebUIKeywordMain$stepFailed$0.call(Unknown Source)
	at com.kms.katalon.core.webui.keyword.builtin.VerifyElementNotPresentKeyword$_verifyElementNotPresent_closure1.doCall(VerifyElementNotPresentKeyword.groovy:124)
	at com.kms.katalon.core.webui.keyword.builtin.VerifyElementNotPresentKeyword$_verifyElementNotPresent_closure1.doCall(VerifyElementNotPresentKeyword.groovy)
	at java.base/jdk.internal.reflect.NativeMethodAccessorImpl.invoke0(Native Method)
	at java.base/jdk.internal.reflect.NativeMethodAccessorImpl.invoke(NativeMethodAccessorImpl.java:77)
	at java.base/jdk.internal.reflect.DelegatingMethodAccessorImpl.invoke(DelegatingMethodAccessorImpl.java:43)
	at com.kms.katalon.core.webui.keyword.internal.WebUIKeywordMain.runKeyword(WebUIKeywordMain.groovy:35)
	... 23 more

2025-08-01 20:58:10.393 INFO  c.k.katalon.core.main.TestCaseExecutor   - END Test Cases/SignIn
2025-08-01 20:58:10.396 INFO  c.k.katalon.core.main.TestCaseExecutor   - --------------------
2025-08-01 20:58:10.396 INFO  c.k.katalon.core.main.TestCaseExecutor   - START Test Cases/SignIn
2025-08-01 20:58:10.404 INFO  c.k.katalon.core.main.TestCaseExecutor   - firstName = Bob
2025-08-01 20:58:10.405 INFO  c.k.katalon.core.main.TestCaseExecutor   - lastName = Smith
2025-08-01 20:58:10.405 INFO  c.k.katalon.core.main.TestCaseExecutor   - role = user
2025-08-01 20:58:10.405 INFO  c.k.katalon.core.main.TestCaseExecutor   - email = customer3@practicesoftwaretesting.com
2025-08-01 20:58:10.405 INFO  c.k.katalon.core.main.TestCaseExecutor   - password = pass123
2025-08-01 20:58:10.407 DEBUG testcase.SignIn                          - 1: openBrowser("")
2025-08-01 20:58:10.408 WARN  c.k.k.core.webui.driver.DriverFactory    - A browser is already opened. Closing browser and opening a new one
2025-08-01 20:58:10.568 INFO  c.k.k.core.webui.driver.DriverFactory    - Starting 'Chrome' driver
2025-08-01 20:58:10.569 INFO  c.k.k.core.webui.driver.DriverFactory    - Action delay is set to 0 milliseconds
Aug 01, 2025 8:58:11 PM org.openqa.selenium.devtools.CdpVersionFinder findNearestMatch
WARNING: Unable to find CDP implementation matching 124
Aug 01, 2025 8:58:11 PM org.openqa.selenium.chromium.ChromiumDriver lambda$new$4
WARNING: Unable to find version of CDP to use for 124.0.6367.91. You may need to include a dependency on a specific version of the CDP using something similar to `org.seleniumhq.selenium:selenium-devtools-v86:4.28.1` where the version ("v86") matches the version of the chromium-based browser you're using and the version number of the artifact is the same as Selenium's.
2025-08-01 20:58:11.882 INFO  c.k.k.core.webui.driver.DriverFactory    - sessionId = c218a4a53f3eb80c88d107436ac831c6
2025-08-01 20:58:11.882 INFO  c.k.k.core.webui.driver.DriverFactory    - browser = Chrome 124.0.6367.91
2025-08-01 20:58:11.882 INFO  c.k.k.core.webui.driver.DriverFactory    - platform = Windows 11
2025-08-01 20:58:11.882 INFO  c.k.k.core.webui.driver.DriverFactory    - seleniumVersion = 4.28.1
2025-08-01 20:58:11.883 INFO  c.k.k.core.webui.driver.DriverFactory    - proxyInformation = ProxyInformation { proxyOption=NO_PROXY, proxyServerType=HTTP, username=, password=********, proxyServerAddress=, proxyServerPort=0, executionList="", isApplyToDesiredCapabilities=true }
2025-08-01 20:58:11.895 DEBUG testcase.SignIn                          - 2: navigateToUrl("http://localhost:4200/#/")
2025-08-01 20:58:12.520 DEBUG testcase.SignIn                          - 3: verifyElementVisible(findTestObject("Object Repository/SUT_SignIn/Page_Practice Software Testing - Toolshop -_8413b3/a_Sign in"))
2025-08-01 20:58:12.976 WARN  c.k.k.c.webui.common.WebUiCommonHelper   - [SELF-HEALING] Failed to find element with id 'Object Repository/SUT_SignIn/Page_Practice Software Testing - Toolshop -_8413b3/a_Sign in'. Try using Self-healing.
2025-08-01 20:58:12.984 WARN  c.k.k.c.webui.common.WebUiCommonHelper   - [SELF-HEALING] disconnected: not connected to DevTools
  (failed to check if window was closed: disconnected: not connected to DevTools)
  (Session info: chrome=124.0.6367.91)
Build info: version: '4.28.1', revision: '73f5ad48a2'
System info: os.name: 'Windows 11', os.arch: 'amd64', os.version: '10.0', java.version: '17.0.14'
Driver info: com.kms.katalon.selenium.driver.CChromeDriver
Command: [c218a4a53f3eb80c88d107436ac831c6, findElements {using=xpath, value=//div[@id='navbarSupportedContent']/ul/li[4]/a}]
Capabilities {acceptInsecureCerts: false, browserName: chrome, browserVersion: 124.0.6367.91, chrome: {chromedriverVersion: 124.0.6367.207 (a9001a6e39f..., userDataDir: C:\Users\WB63F~1.LON\AppDat...}, fedcm:accounts: true, goog:chromeOptions: {debuggerAddress: localhost:64075}, networkConnectionEnabled: false, pageLoadStrategy: normal, platformName: windows, proxy: Proxy(), se:cdp: ws://localhost:64075/devtoo..., se:cdpVersion: 124.0.6367.91, setWindowRect: true, strictFileInteractability: false, timeouts: {implicit: 0, pageLoad: 300000, script: 30000}, unhandledPromptBehavior: ignore, webSocketUrl: ws://localhost:3040/session..., webauthn:extension:credBlob: true, webauthn:extension:largeBlob: true, webauthn:extension:minPinLength: true, webauthn:extension:prf: true, webauthn:virtualAuthenticators: true}
Session ID: c218a4a53f3eb80c88d107436ac831c6
2025-08-01 20:58:13.989 WARN  c.k.k.c.webui.common.WebUiCommonHelper   - [SELF-HEALING] disconnected: not connected to DevTools
  (failed to check if window was closed: disconnected: not connected to DevTools)
  (Session info: chrome=124.0.6367.91)
Build info: version: '4.28.1', revision: '73f5ad48a2'
System info: os.name: 'Windows 11', os.arch: 'amd64', os.version: '10.0', java.version: '17.0.14'
Driver info: com.kms.katalon.selenium.driver.CChromeDriver
Command: [c218a4a53f3eb80c88d107436ac831c6, findElements {using=xpath, value=//*[@href = '#/auth/login' and (text() = 'Sign in' or . = 'Sign in')]}]
Capabilities {acceptInsecureCerts: false, browserName: chrome, browserVersion: 124.0.6367.91, chrome: {chromedriverVersion: 124.0.6367.207 (a9001a6e39f..., userDataDir: C:\Users\WB63F~1.LON\AppDat...}, fedcm:accounts: true, goog:chromeOptions: {debuggerAddress: localhost:64075}, networkConnectionEnabled: false, pageLoadStrategy: normal, platformName: windows, proxy: Proxy(), se:cdp: ws://localhost:64075/devtoo..., se:cdpVersion: 124.0.6367.91, setWindowRect: true, strictFileInteractability: false, timeouts: {implicit: 0, pageLoad: 300000, script: 30000}, unhandledPromptBehavior: ignore, webSocketUrl: ws://localhost:3040/session..., webauthn:extension:credBlob: true, webauthn:extension:largeBlob: true, webauthn:extension:minPinLength: true, webauthn:extension:prf: true, webauthn:virtualAuthenticators: true}
Session ID: c218a4a53f3eb80c88d107436ac831c6
2025-08-01 20:58:13.992 WARN  c.k.k.c.webui.common.WebUiCommonHelper   - [SELF-HEALING] disconnected: not connected to DevTools
  (failed to check if window was closed: disconnected: not connected to DevTools)
  (Session info: chrome=124.0.6367.91)
Build info: version: '4.28.1', revision: '73f5ad48a2'
System info: os.name: 'Windows 11', os.arch: 'amd64', os.version: '10.0', java.version: '17.0.14'
Driver info: com.kms.katalon.selenium.driver.CChromeDriver
Command: [c218a4a53f3eb80c88d107436ac831c6, findElements {using=css selector, value=}]
Capabilities {acceptInsecureCerts: false, browserName: chrome, browserVersion: 124.0.6367.91, chrome: {chromedriverVersion: 124.0.6367.207 (a9001a6e39f..., userDataDir: C:\Users\WB63F~1.LON\AppDat...}, fedcm:accounts: true, goog:chromeOptions: {debuggerAddress: localhost:64075}, networkConnectionEnabled: false, pageLoadStrategy: normal, platformName: windows, proxy: Proxy(), se:cdp: ws://localhost:64075/devtoo..., se:cdpVersion: 124.0.6367.91, setWindowRect: true, strictFileInteractability: false, timeouts: {implicit: 0, pageLoad: 300000, script: 30000}, unhandledPromptBehavior: ignore, webSocketUrl: ws://localhost:3040/session..., webauthn:extension:credBlob: true, webauthn:extension:largeBlob: true, webauthn:extension:minPinLength: true, webauthn:extension:prf: true, webauthn:virtualAuthenticators: true}
Session ID: c218a4a53f3eb80c88d107436ac831c6
2025-08-01 20:58:13.995 WARN  c.k.k.c.w.h.s.WebUIScreenCaptor          - Cannot take screenshot
2025-08-01 20:58:13.997 ERROR c.k.k.core.keyword.internal.KeywordMain  - ❌ Unable to verify object 'Object Repository/SUT_SignIn/Page_Practice Software Testing - Toolshop -_8413b3/a_Sign in' is visible (Root cause: com.kms.katalon.core.exception.StepFailedException: Unable to verify object 'Object Repository/SUT_SignIn/Page_Practice Software Testing - Toolshop -_8413b3/a_Sign in' is visible
	at com.kms.katalon.core.webui.keyword.internal.WebUIKeywordMain.stepFailed(WebUIKeywordMain.groovy:118)
	at com.kms.katalon.core.webui.keyword.internal.WebUIKeywordMain.runKeyword(WebUIKeywordMain.groovy:43)
	at com.kms.katalon.core.webui.keyword.builtin.VerifyElementVisibleKeyword.verifyElementVisible(VerifyElementVisibleKeyword.groovy:97)
	at com.kms.katalon.core.webui.keyword.builtin.VerifyElementVisibleKeyword.execute(VerifyElementVisibleKeyword.groovy:67)
	at com.kms.katalon.core.keyword.internal.KeywordExecutor.executeKeywordForPlatform(KeywordExecutor.groovy:64)
	at com.kms.katalon.core.webui.keyword.WebUiBuiltInKeywords.verifyElementVisible(WebUiBuiltInKeywords.groovy:452)
	at SignIn.run(SignIn:24)
	at com.kms.katalon.core.main.ScriptEngine.run(ScriptEngine.java:194)
	at com.kms.katalon.core.main.ScriptEngine.runScriptAsRawText(ScriptEngine.java:119)
	at com.kms.katalon.core.main.TestCaseExecutor.runScript(TestCaseExecutor.java:485)
	at com.kms.katalon.core.main.TestCaseExecutor.doExecute(TestCaseExecutor.java:476)
	at com.kms.katalon.core.main.TestCaseExecutor.processExecutionPhase(TestCaseExecutor.java:455)
	at com.kms.katalon.core.main.TestCaseExecutor.accessMainPhase(TestCaseExecutor.java:447)
	at com.kms.katalon.core.main.TestCaseExecutor.execute(TestCaseExecutor.java:321)
	at com.kms.katalon.core.main.TestCaseExecutor.execute(TestCaseExecutor.java:405)
	at com.kms.katalon.core.main.TestCaseExecutor.execute(TestCaseExecutor.java:405)
	at com.kms.katalon.core.main.TestCaseExecutor.execute(TestCaseExecutor.java:405)
	at com.kms.katalon.core.common.CommonExecutor.accessTestCaseMainPhase(CommonExecutor.java:71)
	at com.kms.katalon.core.main.TestSuiteExecutor.accessTestSuiteMainPhase(TestSuiteExecutor.java:160)
	at com.kms.katalon.core.main.TestSuiteExecutor.execute(TestSuiteExecutor.java:107)
	at com.kms.katalon.core.main.TestCaseMain.startTestSuite(TestCaseMain.java:195)
	at TempTestSuite1754056456079.run(TempTestSuite1754056456079.groovy:35)
	at java.base/jdk.internal.reflect.NativeMethodAccessorImpl.invoke0(Native Method)
	at java.base/jdk.internal.reflect.NativeMethodAccessorImpl.invoke(NativeMethodAccessorImpl.java:77)
	at java.base/jdk.internal.reflect.DelegatingMethodAccessorImpl.invoke(DelegatingMethodAccessorImpl.java:43)
Caused by: org.openqa.selenium.WebDriverException: disconnected: not connected to DevTools
  (failed to check if window was closed: disconnected: not connected to DevTools)
  (Session info: chrome=124.0.6367.91)
Build info: version: '4.28.1', revision: '73f5ad48a2'
System info: os.name: 'Windows 11', os.arch: 'amd64', os.version: '10.0', java.version: '17.0.14'
Driver info: com.kms.katalon.selenium.driver.CChromeDriver
Command: [c218a4a53f3eb80c88d107436ac831c6, findElements {using=xpath, value=//div[@id='navbarSupportedContent']/ul/li[4]/a}]
Capabilities {acceptInsecureCerts: false, browserName: chrome, browserVersion: 124.0.6367.91, chrome: {chromedriverVersion: 124.0.6367.207 (a9001a6e39f..., userDataDir: C:\Users\WB63F~1.LON\AppDat...}, fedcm:accounts: true, goog:chromeOptions: {debuggerAddress: localhost:64075}, networkConnectionEnabled: false, pageLoadStrategy: normal, platformName: windows, proxy: Proxy(), se:cdp: ws://localhost:64075/devtoo..., se:cdpVersion: 124.0.6367.91, setWindowRect: true, strictFileInteractability: false, timeouts: {implicit: 0, pageLoad: 300000, script: 30000}, unhandledPromptBehavior: ignore, webSocketUrl: ws://localhost:3040/session..., webauthn:extension:credBlob: true, webauthn:extension:largeBlob: true, webauthn:extension:minPinLength: true, webauthn:extension:prf: true, webauthn:virtualAuthenticators: true}
Session ID: c218a4a53f3eb80c88d107436ac831c6
	at java.base/jdk.internal.reflect.NativeConstructorAccessorImpl.newInstance0(Native Method)
	at java.base/jdk.internal.reflect.NativeConstructorAccessorImpl.newInstance(NativeConstructorAccessorImpl.java:77)
	at java.base/jdk.internal.reflect.DelegatingConstructorAccessorImpl.newInstance(DelegatingConstructorAccessorImpl.java:45)
	at org.openqa.selenium.remote.ErrorCodec.decode(ErrorCodec.java:167)
	at org.openqa.selenium.remote.codec.w3c.W3CHttpResponseCodec.decode(W3CHttpResponseCodec.java:138)
	at org.openqa.selenium.remote.codec.w3c.W3CHttpResponseCodec.decode(W3CHttpResponseCodec.java:50)
	at org.openqa.selenium.remote.HttpCommandExecutor.execute(HttpCommandExecutor.java:215)
	at org.openqa.selenium.remote.service.DriverCommandExecutor.invokeExecute(DriverCommandExecutor.java:216)
	at org.openqa.selenium.remote.service.DriverCommandExecutor.execute(DriverCommandExecutor.java:174)
	at org.openqa.selenium.remote.RemoteWebDriver.execute(RemoteWebDriver.java:545)
	at org.openqa.selenium.remote.ElementLocation$ElementFinder$2.findElements(ElementLocation.java:182)
	at org.openqa.selenium.remote.ElementLocation.findElements(ElementLocation.java:103)
	at org.openqa.selenium.remote.RemoteWebDriver.findElements(RemoteWebDriver.java:381)
	at org.openqa.selenium.remote.RemoteWebDriver.findElements(RemoteWebDriver.java:375)
	at jdk.internal.reflect.GeneratedMethodAccessor14.invoke(Unknown Source)
	at java.base/jdk.internal.reflect.DelegatingMethodAccessorImpl.invoke(DelegatingMethodAccessorImpl.java:43)
	at org.openqa.selenium.support.decorators.WebDriverDecorator.call(WebDriverDecorator.java:315)
	at org.openqa.selenium.support.decorators.DefaultDecorated.call(DefaultDecorated.java:48)
	at org.openqa.selenium.support.decorators.WebDriverDecorator.lambda$createProxyFactory$3(WebDriverDecorator.java:405)
	at org.openqa.selenium.remote.RemoteWebDriver$ByteBuddy$Gf29Dw1I.findElements(Unknown Source)
	at com.kms.katalon.core.webui.common.WebUiCommonHelper.findElementByNormalMethods(WebUiCommonHelper.java:1064)
	at com.kms.katalon.core.webui.common.WebUiCommonHelper.findElementsBySelectedMethod(WebUiCommonHelper.java:955)
	at com.kms.katalon.core.webui.common.WebUiCommonHelper.findElementsBySelectedMethod(WebUiCommonHelper.java:937)
	at com.kms.katalon.core.webui.common.WebUiCommonHelper.findElementsBySelectedMethod(WebUiCommonHelper.java:932)
	at com.kms.katalon.core.webui.common.WebUiCommonHelper.findElementsByDefault(WebUiCommonHelper.java:928)
	at com.kms.katalon.core.webui.common.WebUiCommonHelper.findElementsWithSelfHealing(WebUiCommonHelper.java:774)
	at com.kms.katalon.core.webui.common.WebUiCommonHelper.findWebElements(WebUiCommonHelper.java:758)
	at com.kms.katalon.core.webui.common.WebUiCommonHelper.findWebElement(WebUiCommonHelper.java:1448)
	at com.kms.katalon.core.webui.keyword.internal.WebUIAbstractKeyword.findWebElement(WebUIAbstractKeyword.groovy:27)
	at com.kms.katalon.core.webui.keyword.builtin.VerifyElementVisibleKeyword$_verifyElementVisible_closure1.doCall(VerifyElementVisibleKeyword.groovy:78)
	at com.kms.katalon.core.webui.keyword.builtin.VerifyElementVisibleKeyword$_verifyElementVisible_closure1.call(VerifyElementVisibleKeyword.groovy)
	at com.kms.katalon.core.webui.keyword.internal.WebUIKeywordMain.runKeyword(WebUIKeywordMain.groovy:35)
	at com.kms.katalon.core.webui.keyword.builtin.VerifyElementVisibleKeyword.verifyElementVisible(VerifyElementVisibleKeyword.groovy:97)
	at com.kms.katalon.core.webui.keyword.builtin.VerifyElementVisibleKeyword.execute(VerifyElementVisibleKeyword.groovy:67)
	at com.kms.katalon.core.keyword.internal.KeywordExecutor.executeKeywordForPlatform(KeywordExecutor.groovy:64)
	at com.kms.katalon.core.webui.keyword.WebUiBuiltInKeywords.verifyElementVisible(WebUiBuiltInKeywords.groovy:452)
	at Script1754051522351.run(Script1754051522351.groovy:24)
	... 18 more
)
2025-08-01 20:58:13.998 ERROR c.k.katalon.core.main.TestCaseExecutor   - ❌ Test Cases/SignIn FAILED.
Reason:
com.kms.katalon.core.exception.StepFailedException: Unable to verify object 'Object Repository/SUT_SignIn/Page_Practice Software Testing - Toolshop -_8413b3/a_Sign in' is visible
	at com.kms.katalon.core.webui.keyword.internal.WebUIKeywordMain.stepFailed(WebUIKeywordMain.groovy:118)
	at com.kms.katalon.core.webui.keyword.internal.WebUIKeywordMain.runKeyword(WebUIKeywordMain.groovy:43)
	at com.kms.katalon.core.webui.keyword.builtin.VerifyElementVisibleKeyword.verifyElementVisible(VerifyElementVisibleKeyword.groovy:97)
	at com.kms.katalon.core.webui.keyword.builtin.VerifyElementVisibleKeyword.execute(VerifyElementVisibleKeyword.groovy:67)
	at com.kms.katalon.core.keyword.internal.KeywordExecutor.executeKeywordForPlatform(KeywordExecutor.groovy:64)
	at com.kms.katalon.core.webui.keyword.WebUiBuiltInKeywords.verifyElementVisible(WebUiBuiltInKeywords.groovy:452)
	at SignIn.run(SignIn:24)
	at com.kms.katalon.core.main.ScriptEngine.run(ScriptEngine.java:194)
	at com.kms.katalon.core.main.ScriptEngine.runScriptAsRawText(ScriptEngine.java:119)
	at com.kms.katalon.core.main.TestCaseExecutor.runScript(TestCaseExecutor.java:485)
	at com.kms.katalon.core.main.TestCaseExecutor.doExecute(TestCaseExecutor.java:476)
	at com.kms.katalon.core.main.TestCaseExecutor.processExecutionPhase(TestCaseExecutor.java:455)
	at com.kms.katalon.core.main.TestCaseExecutor.accessMainPhase(TestCaseExecutor.java:447)
	at com.kms.katalon.core.main.TestCaseExecutor.execute(TestCaseExecutor.java:321)
	at com.kms.katalon.core.main.TestCaseExecutor.execute(TestCaseExecutor.java:405)
	at com.kms.katalon.core.main.TestCaseExecutor.execute(TestCaseExecutor.java:405)
	at com.kms.katalon.core.main.TestCaseExecutor.execute(TestCaseExecutor.java:405)
	at com.kms.katalon.core.common.CommonExecutor.accessTestCaseMainPhase(CommonExecutor.java:71)
	at com.kms.katalon.core.main.TestSuiteExecutor.accessTestSuiteMainPhase(TestSuiteExecutor.java:160)
	at com.kms.katalon.core.main.TestSuiteExecutor.execute(TestSuiteExecutor.java:107)
	at com.kms.katalon.core.main.TestCaseMain.startTestSuite(TestCaseMain.java:195)
	at TempTestSuite1754056456079.run(TempTestSuite1754056456079.groovy:35)
	at java.base/jdk.internal.reflect.NativeMethodAccessorImpl.invoke0(Native Method)
	at java.base/jdk.internal.reflect.NativeMethodAccessorImpl.invoke(NativeMethodAccessorImpl.java:77)
	at java.base/jdk.internal.reflect.DelegatingMethodAccessorImpl.invoke(DelegatingMethodAccessorImpl.java:43)
Caused by: org.openqa.selenium.WebDriverException: disconnected: not connected to DevTools
  (failed to check if window was closed: disconnected: not connected to DevTools)
  (Session info: chrome=124.0.6367.91)
Build info: version: '4.28.1', revision: '73f5ad48a2'
System info: os.name: 'Windows 11', os.arch: 'amd64', os.version: '10.0', java.version: '17.0.14'
Driver info: com.kms.katalon.selenium.driver.CChromeDriver
Command: [c218a4a53f3eb80c88d107436ac831c6, findElements {using=xpath, value=//div[@id='navbarSupportedContent']/ul/li[4]/a}]
Capabilities {acceptInsecureCerts: false, browserName: chrome, browserVersion: 124.0.6367.91, chrome: {chromedriverVersion: 124.0.6367.207 (a9001a6e39f..., userDataDir: C:\Users\WB63F~1.LON\AppDat...}, fedcm:accounts: true, goog:chromeOptions: {debuggerAddress: localhost:64075}, networkConnectionEnabled: false, pageLoadStrategy: normal, platformName: windows, proxy: Proxy(), se:cdp: ws://localhost:64075/devtoo..., se:cdpVersion: 124.0.6367.91, setWindowRect: true, strictFileInteractability: false, timeouts: {implicit: 0, pageLoad: 300000, script: 30000}, unhandledPromptBehavior: ignore, webSocketUrl: ws://localhost:3040/session..., webauthn:extension:credBlob: true, webauthn:extension:largeBlob: true, webauthn:extension:minPinLength: true, webauthn:extension:prf: true, webauthn:virtualAuthenticators: true}
Session ID: c218a4a53f3eb80c88d107436ac831c6
	at java.base/jdk.internal.reflect.NativeConstructorAccessorImpl.newInstance0(Native Method)
	at java.base/jdk.internal.reflect.NativeConstructorAccessorImpl.newInstance(NativeConstructorAccessorImpl.java:77)
	at java.base/jdk.internal.reflect.DelegatingConstructorAccessorImpl.newInstance(DelegatingConstructorAccessorImpl.java:45)
	at org.openqa.selenium.remote.ErrorCodec.decode(ErrorCodec.java:167)
	at org.openqa.selenium.remote.codec.w3c.W3CHttpResponseCodec.decode(W3CHttpResponseCodec.java:138)
	at org.openqa.selenium.remote.codec.w3c.W3CHttpResponseCodec.decode(W3CHttpResponseCodec.java:50)
	at org.openqa.selenium.remote.HttpCommandExecutor.execute(HttpCommandExecutor.java:215)
	at org.openqa.selenium.remote.service.DriverCommandExecutor.invokeExecute(DriverCommandExecutor.java:216)
	at org.openqa.selenium.remote.service.DriverCommandExecutor.execute(DriverCommandExecutor.java:174)
	at org.openqa.selenium.remote.RemoteWebDriver.execute(RemoteWebDriver.java:545)
	at org.openqa.selenium.remote.ElementLocation$ElementFinder$2.findElements(ElementLocation.java:182)
	at org.openqa.selenium.remote.ElementLocation.findElements(ElementLocation.java:103)
	at org.openqa.selenium.remote.RemoteWebDriver.findElements(RemoteWebDriver.java:381)
	at org.openqa.selenium.remote.RemoteWebDriver.findElements(RemoteWebDriver.java:375)
	at jdk.internal.reflect.GeneratedMethodAccessor14.invoke(Unknown Source)
	at java.base/jdk.internal.reflect.DelegatingMethodAccessorImpl.invoke(DelegatingMethodAccessorImpl.java:43)
	at org.openqa.selenium.support.decorators.WebDriverDecorator.call(WebDriverDecorator.java:315)
	at org.openqa.selenium.support.decorators.DefaultDecorated.call(DefaultDecorated.java:48)
	at org.openqa.selenium.support.decorators.WebDriverDecorator.lambda$createProxyFactory$3(WebDriverDecorator.java:405)
	at org.openqa.selenium.remote.RemoteWebDriver$ByteBuddy$Gf29Dw1I.findElements(Unknown Source)
	at com.kms.katalon.core.webui.common.WebUiCommonHelper.findElementByNormalMethods(WebUiCommonHelper.java:1064)
	at com.kms.katalon.core.webui.common.WebUiCommonHelper.findElementsBySelectedMethod(WebUiCommonHelper.java:955)
	at com.kms.katalon.core.webui.common.WebUiCommonHelper.findElementsBySelectedMethod(WebUiCommonHelper.java:937)
	at com.kms.katalon.core.webui.common.WebUiCommonHelper.findElementsBySelectedMethod(WebUiCommonHelper.java:932)
	at com.kms.katalon.core.webui.common.WebUiCommonHelper.findElementsByDefault(WebUiCommonHelper.java:928)
	at com.kms.katalon.core.webui.common.WebUiCommonHelper.findElementsWithSelfHealing(WebUiCommonHelper.java:774)
	at com.kms.katalon.core.webui.common.WebUiCommonHelper.findWebElements(WebUiCommonHelper.java:758)
	at com.kms.katalon.core.webui.common.WebUiCommonHelper.findWebElement(WebUiCommonHelper.java:1448)
	at com.kms.katalon.core.webui.keyword.internal.WebUIAbstractKeyword.findWebElement(WebUIAbstractKeyword.groovy:27)
	at com.kms.katalon.core.webui.keyword.builtin.VerifyElementVisibleKeyword$_verifyElementVisible_closure1.doCall(VerifyElementVisibleKeyword.groovy:78)
	at com.kms.katalon.core.webui.keyword.builtin.VerifyElementVisibleKeyword$_verifyElementVisible_closure1.call(VerifyElementVisibleKeyword.groovy)
	at com.kms.katalon.core.webui.keyword.internal.WebUIKeywordMain.runKeyword(WebUIKeywordMain.groovy:35)
	... 23 more

2025-08-01 20:58:14.000 INFO  c.k.katalon.core.main.TestCaseExecutor   - END Test Cases/SignIn
2025-08-01 20:58:14.069 INFO  c.k.katalon.core.main.TestSuiteExecutor  - --------------------
2025-08-01 20:58:14.069 INFO  c.k.katalon.core.main.TestSuiteExecutor  - END Test Suites/SignIn
2025-08-01 20:58:14.069 INFO  c.k.katalon.core.main.TestSuiteExecutor  - ====================
